[ 2017-09-13T01:06:46+08:00 ] 218.20.229.230 /minijunxishanhgnz/index.php/Api/Index/index
NOTIC: [8] Use of undefined constant SHOW_PAGE_TRACE - assumed 'SHOW_PAGE_TRACE' /www/web/default/public_html/minijunxishanhgnz/App/Common/Conf/debug.php 第 4 行.
INFO: [ app_init ] --START--
INFO: Run Behavior\BuildLiteBehavior [ RunTime:0.000018s ]
INFO: [ app_init ] --END-- [ RunTime:0.000081s ]
NOTIC: [8] Undefined variable: sckey /www/web/default/public_html/minijunxishanhgnz/App/Api/Conf/config.php 第 33 行.
NOTIC: [8] Undefined variable: sckey /www/web/default/public_html/minijunxishanhgnz/App/Api/Conf/config.php 第 33 行.
NOTIC: [8] Undefined variable: sckey /www/web/default/public_html/minijunxishanhgnz/App/Api/Conf/config.php 第 33 行.
NOTIC: [8] Use of undefined constant LOAD_EXT_CONFIG - assumed 'LOAD_EXT_CONFIG' /www/web/default/public_html/minijunxishanhgnz/App/Api/Conf/config.php 第 40 行.

[ 2017-09-13T05:07:05+08:00 ] 117.136.79.54 /minijunxishanhgnz/index.php/Api/Index/index
NOTIC: [8] Use of undefined constant SHOW_PAGE_TRACE - assumed 'SHOW_PAGE_TRACE' /www/web/default/public_html/minijunxishanhgnz/App/Common/Conf/debug.php 第 4 行.
INFO: [ app_init ] --START--
INFO: Run Behavior\BuildLiteBehavior [ RunTime:0.000017s ]
INFO: [ app_init ] --END-- [ RunTime:0.000072s ]
NOTIC: [8] Undefined variable: sckey /www/web/default/public_html/minijunxishanhgnz/App/Api/Conf/config.php 第 33 行.
NOTIC: [8] Undefined variable: sckey /www/web/default/public_html/minijunxishanhgnz/App/Api/Conf/config.php 第 33 行.
NOTIC: [8] Undefined variable: sckey /www/web/default/public_html/minijunxishanhgnz/App/Api/Conf/config.php 第 33 行.
NOTIC: [8] Use of undefined constant LOAD_EXT_CONFIG - assumed 'LOAD_EXT_CONFIG' /www/web/default/public_html/minijunxishanhgnz/App/Api/Conf/config.php 第 40 行.

[ 2017-09-13T15:07:52+08:00 ] 58.62.196.128 /minijunxishanhgnz/index.php/Api/Index/index
NOTIC: [8] Use of undefined constant SHOW_PAGE_TRACE - assumed 'SHOW_PAGE_TRACE' /www/web/default/public_html/minijunxishanhgnz/App/Common/Conf/debug.php 第 4 行.
INFO: [ app_init ] --START--
INFO: Run Behavior\BuildLiteBehavior [ RunTime:0.000017s ]
INFO: [ app_init ] --END-- [ RunTime:0.000072s ]
NOTIC: [8] Undefined variable: sckey /www/web/default/public_html/minijunxishanhgnz/App/Api/Conf/config.php 第 33 行.
NOTIC: [8] Undefined variable: sckey /www/web/default/public_html/minijunxishanhgnz/App/Api/Conf/config.php 第 33 行.
NOTIC: [8] Undefined variable: sckey /www/web/default/public_html/minijunxishanhgnz/App/Api/Conf/config.php 第 33 行.
NOTIC: [8] Use of undefined constant LOAD_EXT_CONFIG - assumed 'LOAD_EXT_CONFIG' /www/web/default/public_html/minijunxishanhgnz/App/Api/Conf/config.php 第 40 行.

[ 2017-09-13T15:20:45+08:00 ] 42.199.49.77 /minijunxishanhgnz/index.php/Api/Index/index
NOTIC: [8] Use of undefined constant SHOW_PAGE_TRACE - assumed 'SHOW_PAGE_TRACE' /www/web/default/public_html/minijunxishanhgnz/App/Common/Conf/debug.php 第 4 行.
INFO: [ app_init ] --START--
INFO: Run Behavior\BuildLiteBehavior [ RunTime:0.000013s ]
INFO: [ app_init ] --END-- [ RunTime:0.000060s ]
NOTIC: [8] Undefined variable: sckey /www/web/default/public_html/minijunxishanhgnz/App/Api/Conf/config.php 第 33 行.
NOTIC: [8] Undefined variable: sckey /www/web/default/public_html/minijunxishanhgnz/App/Api/Conf/config.php 第 33 行.
NOTIC: [8] Undefined variable: sckey /www/web/default/public_html/minijunxishanhgnz/App/Api/Conf/config.php 第 33 行.
NOTIC: [8] Use of undefined constant LOAD_EXT_CONFIG - assumed 'LOAD_EXT_CONFIG' /www/web/default/public_html/minijunxishanhgnz/App/Api/Conf/config.php 第 40 行.

[ 2017-09-13T18:55:29+08:00 ] 125.94.201.54 /minijunxishanhgnz/index.php/Api/Index/index
NOTIC: [8] Use of undefined constant SHOW_PAGE_TRACE - assumed 'SHOW_PAGE_TRACE' /www/web/default/public_html/minijunxishanhgnz/App/Common/Conf/debug.php 第 4 行.
INFO: [ app_init ] --START--
INFO: Run Behavior\BuildLiteBehavior [ RunTime:0.000019s ]
INFO: [ app_init ] --END-- [ RunTime:0.000078s ]
NOTIC: [8] Undefined variable: sckey /www/web/default/public_html/minijunxishanhgnz/App/Api/Conf/config.php 第 33 行.
NOTIC: [8] Undefined variable: sckey /www/web/default/public_html/minijunxishanhgnz/App/Api/Conf/config.php 第 33 行.
NOTIC: [8] Undefined variable: sckey /www/web/default/public_html/minijunxishanhgnz/App/Api/Conf/config.php 第 33 行.
NOTIC: [8] Use of undefined constant LOAD_EXT_CONFIG - assumed 'LOAD_EXT_CONFIG' /www/web/default/public_html/minijunxishanhgnz/App/Api/Conf/config.php 第 40 行.

[ 2017-09-13T18:55:33+08:00 ] 125.94.201.54 /minijunxishanhgnz/index.php/Api/Login/getsessionkey
NOTIC: [8] Use of undefined constant SHOW_PAGE_TRACE - assumed 'SHOW_PAGE_TRACE' /www/web/default/public_html/minijunxishanhgnz/App/Common/Conf/debug.php 第 4 行.
INFO: [ app_init ] --START--
INFO: Run Behavior\BuildLiteBehavior [ RunTime:0.000014s ]
INFO: [ app_init ] --END-- [ RunTime:0.000062s ]
NOTIC: [8] Undefined variable: sckey /www/web/default/public_html/minijunxishanhgnz/App/Api/Conf/config.php 第 33 行.
NOTIC: [8] Undefined variable: sckey /www/web/default/public_html/minijunxishanhgnz/App/Api/Conf/config.php 第 33 行.
NOTIC: [8] Undefined variable: sckey /www/web/default/public_html/minijunxishanhgnz/App/Api/Conf/config.php 第 33 行.
NOTIC: [8] Use of undefined constant LOAD_EXT_CONFIG - assumed 'LOAD_EXT_CONFIG' /www/web/default/public_html/minijunxishanhgnz/App/Api/Conf/config.php 第 40 行.

[ 2017-09-13T18:55:34+08:00 ] 125.94.201.54 /minijunxishanhgnz/index.php/Api/Login/authlogin
NOTIC: [8] Use of undefined constant SHOW_PAGE_TRACE - assumed 'SHOW_PAGE_TRACE' /www/web/default/public_html/minijunxishanhgnz/App/Common/Conf/debug.php 第 4 行.
INFO: [ app_init ] --START--
INFO: Run Behavior\BuildLiteBehavior [ RunTime:0.000016s ]
INFO: [ app_init ] --END-- [ RunTime:0.000068s ]
NOTIC: [8] Undefined variable: sckey /www/web/default/public_html/minijunxishanhgnz/App/Api/Conf/config.php 第 33 行.
NOTIC: [8] Undefined variable: sckey /www/web/default/public_html/minijunxishanhgnz/App/Api/Conf/config.php 第 33 行.
NOTIC: [8] Undefined variable: sckey /www/web/default/public_html/minijunxishanhgnz/App/Api/Conf/config.php 第 33 行.
NOTIC: [8] Use of undefined constant LOAD_EXT_CONFIG - assumed 'LOAD_EXT_CONFIG' /www/web/default/public_html/minijunxishanhgnz/App/Api/Conf/config.php 第 40 行.

[ 2017-09-13T18:55:46+08:00 ] 125.94.201.54 /minijunxishanhgnz/index.php/Api/Index/getlist
NOTIC: [8] Use of undefined constant SHOW_PAGE_TRACE - assumed 'SHOW_PAGE_TRACE' /www/web/default/public_html/minijunxishanhgnz/App/Common/Conf/debug.php 第 4 行.
INFO: [ app_init ] --START--
INFO: Run Behavior\BuildLiteBehavior [ RunTime:0.000012s ]
INFO: [ app_init ] --END-- [ RunTime:0.000058s ]
NOTIC: [8] Undefined variable: sckey /www/web/default/public_html/minijunxishanhgnz/App/Api/Conf/config.php 第 33 行.
NOTIC: [8] Undefined variable: sckey /www/web/default/public_html/minijunxishanhgnz/App/Api/Conf/config.php 第 33 行.
NOTIC: [8] Undefined variable: sckey /www/web/default/public_html/minijunxishanhgnz/App/Api/Conf/config.php 第 33 行.
NOTIC: [8] Use of undefined constant LOAD_EXT_CONFIG - assumed 'LOAD_EXT_CONFIG' /www/web/default/public_html/minijunxishanhgnz/App/Api/Conf/config.php 第 40 行.

[ 2017-09-13T18:56:00+08:00 ] 125.94.201.54 /minijunxishanhgnz/index.php/Api/Category/index
NOTIC: [8] Use of undefined constant SHOW_PAGE_TRACE - assumed 'SHOW_PAGE_TRACE' /www/web/default/public_html/minijunxishanhgnz/App/Common/Conf/debug.php 第 4 行.
INFO: [ app_init ] --START--
INFO: Run Behavior\BuildLiteBehavior [ RunTime:0.000015s ]
INFO: [ app_init ] --END-- [ RunTime:0.000066s ]
NOTIC: [8] Undefined variable: sckey /www/web/default/public_html/minijunxishanhgnz/App/Api/Conf/config.php 第 33 行.
NOTIC: [8] Undefined variable: sckey /www/web/default/public_html/minijunxishanhgnz/App/Api/Conf/config.php 第 33 行.
NOTIC: [8] Undefined variable: sckey /www/web/default/public_html/minijunxishanhgnz/App/Api/Conf/config.php 第 33 行.
NOTIC: [8] Use of undefined constant LOAD_EXT_CONFIG - assumed 'LOAD_EXT_CONFIG' /www/web/default/public_html/minijunxishanhgnz/App/Api/Conf/config.php 第 40 行.

[ 2017-09-13T22:12:49+08:00 ] 42.199.55.176 /minijunxishanhgnz/index.php/Api/Index/index
NOTIC: [8] Use of undefined constant SHOW_PAGE_TRACE - assumed 'SHOW_PAGE_TRACE' /www/web/default/public_html/minijunxishanhgnz/App/Common/Conf/debug.php 第 4 行.
INFO: [ app_init ] --START--
INFO: Run Behavior\BuildLiteBehavior [ RunTime:0.000014s ]
INFO: [ app_init ] --END-- [ RunTime:0.000064s ]
NOTIC: [8] Undefined variable: sckey /www/web/default/public_html/minijunxishanhgnz/App/Api/Conf/config.php 第 33 行.
NOTIC: [8] Undefined variable: sckey /www/web/default/public_html/minijunxishanhgnz/App/Api/Conf/config.php 第 33 行.
NOTIC: [8] Undefined variable: sckey /www/web/default/public_html/minijunxishanhgnz/App/Api/Conf/config.php 第 33 行.
NOTIC: [8] Use of undefined constant LOAD_EXT_CONFIG - assumed 'LOAD_EXT_CONFIG' /www/web/default/public_html/minijunxishanhgnz/App/Api/Conf/config.php 第 40 行.

[ 2017-09-13T22:12:55+08:00 ] 42.199.55.176 /minijunxishanhgnz/index.php/Api/Login/getsessionkey
NOTIC: [8] Use of undefined constant SHOW_PAGE_TRACE - assumed 'SHOW_PAGE_TRACE' /www/web/default/public_html/minijunxishanhgnz/App/Common/Conf/debug.php 第 4 行.
INFO: [ app_init ] --START--
INFO: Run Behavior\BuildLiteBehavior [ RunTime:0.000018s ]
INFO: [ app_init ] --END-- [ RunTime:0.000081s ]
NOTIC: [8] Undefined variable: sckey /www/web/default/public_html/minijunxishanhgnz/App/Api/Conf/config.php 第 33 行.
NOTIC: [8] Undefined variable: sckey /www/web/default/public_html/minijunxishanhgnz/App/Api/Conf/config.php 第 33 行.
NOTIC: [8] Undefined variable: sckey /www/web/default/public_html/minijunxishanhgnz/App/Api/Conf/config.php 第 33 行.
NOTIC: [8] Use of undefined constant LOAD_EXT_CONFIG - assumed 'LOAD_EXT_CONFIG' /www/web/default/public_html/minijunxishanhgnz/App/Api/Conf/config.php 第 40 行.

[ 2017-09-13T22:12:55+08:00 ] 42.199.55.176 /minijunxishanhgnz/index.php/Api/Login/authlogin
NOTIC: [8] Use of undefined constant SHOW_PAGE_TRACE - assumed 'SHOW_PAGE_TRACE' /www/web/default/public_html/minijunxishanhgnz/App/Common/Conf/debug.php 第 4 行.
INFO: [ app_init ] --START--
INFO: Run Behavior\BuildLiteBehavior [ RunTime:0.000012s ]
INFO: [ app_init ] --END-- [ RunTime:0.000058s ]
NOTIC: [8] Undefined variable: sckey /www/web/default/public_html/minijunxishanhgnz/App/Api/Conf/config.php 第 33 行.
NOTIC: [8] Undefined variable: sckey /www/web/default/public_html/minijunxishanhgnz/App/Api/Conf/config.php 第 33 行.
NOTIC: [8] Undefined variable: sckey /www/web/default/public_html/minijunxishanhgnz/App/Api/Conf/config.php 第 33 行.
NOTIC: [8] Use of undefined constant LOAD_EXT_CONFIG - assumed 'LOAD_EXT_CONFIG' /www/web/default/public_html/minijunxishanhgnz/App/Api/Conf/config.php 第 40 行.

[ 2017-09-13T22:13:08+08:00 ] 42.199.55.176 /minijunxishanhgnz/index.php/Api/Product/lists
NOTIC: [8] Use of undefined constant SHOW_PAGE_TRACE - assumed 'SHOW_PAGE_TRACE' /www/web/default/public_html/minijunxishanhgnz/App/Common/Conf/debug.php 第 4 行.
INFO: [ app_init ] --START--
INFO: Run Behavior\BuildLiteBehavior [ RunTime:0.000014s ]
INFO: [ app_init ] --END-- [ RunTime:0.000061s ]
NOTIC: [8] Undefined variable: sckey /www/web/default/public_html/minijunxishanhgnz/App/Api/Conf/config.php 第 33 行.
NOTIC: [8] Undefined variable: sckey /www/web/default/public_html/minijunxishanhgnz/App/Api/Conf/config.php 第 33 行.
NOTIC: [8] Undefined variable: sckey /www/web/default/public_html/minijunxishanhgnz/App/Api/Conf/config.php 第 33 行.
NOTIC: [8] Use of undefined constant LOAD_EXT_CONFIG - assumed 'LOAD_EXT_CONFIG' /www/web/default/public_html/minijunxishanhgnz/App/Api/Conf/config.php 第 40 行.

[ 2017-09-13T23:36:00+08:00 ] 112.94.98.16 /minijunxishanhgnz/index.php/Api/Index/index
NOTIC: [8] Use of undefined constant SHOW_PAGE_TRACE - assumed 'SHOW_PAGE_TRACE' /www/web/default/public_html/minijunxishanhgnz/App/Common/Conf/debug.php 第 4 行.
INFO: [ app_init ] --START--
INFO: Run Behavior\BuildLiteBehavior [ RunTime:0.000012s ]
INFO: [ app_init ] --END-- [ RunTime:0.000060s ]
NOTIC: [8] Undefined variable: sckey /www/web/default/public_html/minijunxishanhgnz/App/Api/Conf/config.php 第 33 行.
NOTIC: [8] Undefined variable: sckey /www/web/default/public_html/minijunxishanhgnz/App/Api/Conf/config.php 第 33 行.
NOTIC: [8] Undefined variable: sckey /www/web/default/public_html/minijunxishanhgnz/App/Api/Conf/config.php 第 33 行.
NOTIC: [8] Use of undefined constant LOAD_EXT_CONFIG - assumed 'LOAD_EXT_CONFIG' /www/web/default/public_html/minijunxishanhgnz/App/Api/Conf/config.php 第 40 行.

[ 2017-09-13T23:36:06+08:00 ] 112.94.98.16 /minijunxishanhgnz/index.php/Api/Login/getsessionkey
NOTIC: [8] Use of undefined constant SHOW_PAGE_TRACE - assumed 'SHOW_PAGE_TRACE' /www/web/default/public_html/minijunxishanhgnz/App/Common/Conf/debug.php 第 4 行.
INFO: [ app_init ] --START--
INFO: Run Behavior\BuildLiteBehavior [ RunTime:0.000016s ]
INFO: [ app_init ] --END-- [ RunTime:0.000070s ]
NOTIC: [8] Undefined variable: sckey /www/web/default/public_html/minijunxishanhgnz/App/Api/Conf/config.php 第 33 行.
NOTIC: [8] Undefined variable: sckey /www/web/default/public_html/minijunxishanhgnz/App/Api/Conf/config.php 第 33 行.
NOTIC: [8] Undefined variable: sckey /www/web/default/public_html/minijunxishanhgnz/App/Api/Conf/config.php 第 33 行.
NOTIC: [8] Use of undefined constant LOAD_EXT_CONFIG - assumed 'LOAD_EXT_CONFIG' /www/web/default/public_html/minijunxishanhgnz/App/Api/Conf/config.php 第 40 行.

[ 2017-09-13T23:36:06+08:00 ] 112.94.98.16 /minijunxishanhgnz/index.php/Api/Login/authlogin
NOTIC: [8] Use of undefined constant SHOW_PAGE_TRACE - assumed 'SHOW_PAGE_TRACE' /www/web/default/public_html/minijunxishanhgnz/App/Common/Conf/debug.php 第 4 行.
INFO: [ app_init ] --START--
INFO: Run Behavior\BuildLiteBehavior [ RunTime:0.000012s ]
INFO: [ app_init ] --END-- [ RunTime:0.000060s ]
NOTIC: [8] Undefined variable: sckey /www/web/default/public_html/minijunxishanhgnz/App/Api/Conf/config.php 第 33 行.
NOTIC: [8] Undefined variable: sckey /www/web/default/public_html/minijunxishanhgnz/App/Api/Conf/config.php 第 33 行.
NOTIC: [8] Undefined variable: sckey /www/web/default/public_html/minijunxishanhgnz/App/Api/Conf/config.php 第 33 行.
NOTIC: [8] Use of undefined constant LOAD_EXT_CONFIG - assumed 'LOAD_EXT_CONFIG' /www/web/default/public_html/minijunxishanhgnz/App/Api/Conf/config.php 第 40 行.

[ 2017-09-13T23:36:18+08:00 ] 112.94.98.16 /minijunxishanhgnz/index.php/Api/Index/getlist
NOTIC: [8] Use of undefined constant SHOW_PAGE_TRACE - assumed 'SHOW_PAGE_TRACE' /www/web/default/public_html/minijunxishanhgnz/App/Common/Conf/debug.php 第 4 行.
INFO: [ app_init ] --START--
INFO: Run Behavior\BuildLiteBehavior [ RunTime:0.000017s ]
INFO: [ app_init ] --END-- [ RunTime:0.000069s ]
NOTIC: [8] Undefined variable: sckey /www/web/default/public_html/minijunxishanhgnz/App/Api/Conf/config.php 第 33 行.
NOTIC: [8] Undefined variable: sckey /www/web/default/public_html/minijunxishanhgnz/App/Api/Conf/config.php 第 33 行.
NOTIC: [8] Undefined variable: sckey /www/web/default/public_html/minijunxishanhgnz/App/Api/Conf/config.php 第 33 行.
NOTIC: [8] Use of undefined constant LOAD_EXT_CONFIG - assumed 'LOAD_EXT_CONFIG' /www/web/default/public_html/minijunxishanhgnz/App/Api/Conf/config.php 第 40 行.

