[ 2017-09-17T00:02:31+08:00 ] 112.94.98.165 /minijunxishanhgnz/index.php/Api/Index/index
NOTIC: [8] Use of undefined constant SHOW_PAGE_TRACE - assumed 'SHOW_PAGE_TRACE' /www/web/default/public_html/minijunxishanhgnz/App/Common/Conf/debug.php 第 4 行.
INFO: [ app_init ] --START--
INFO: Run Behavior\BuildLiteBehavior [ RunTime:0.000016s ]
INFO: [ app_init ] --END-- [ RunTime:0.000067s ]
NOTIC: [8] Undefined variable: sckey /www/web/default/public_html/minijunxishanhgnz/App/Api/Conf/config.php 第 33 行.
NOTIC: [8] Undefined variable: sckey /www/web/default/public_html/minijunxishanhgnz/App/Api/Conf/config.php 第 33 行.
NOTIC: [8] Undefined variable: sckey /www/web/default/public_html/minijunxishanhgnz/App/Api/Conf/config.php 第 33 行.
NOTIC: [8] Use of undefined constant LOAD_EXT_CONFIG - assumed 'LOAD_EXT_CONFIG' /www/web/default/public_html/minijunxishanhgnz/App/Api/Conf/config.php 第 40 行.

[ 2017-09-17T00:31:19+08:00 ] 58.63.66.6 /minijunxishanhgnz/index.php/Api/Index/index
NOTIC: [8] Use of undefined constant SHOW_PAGE_TRACE - assumed 'SHOW_PAGE_TRACE' /www/web/default/public_html/minijunxishanhgnz/App/Common/Conf/debug.php 第 4 行.
INFO: [ app_init ] --START--
INFO: Run Behavior\BuildLiteBehavior [ RunTime:0.000012s ]
INFO: [ app_init ] --END-- [ RunTime:0.000059s ]
NOTIC: [8] Undefined variable: sckey /www/web/default/public_html/minijunxishanhgnz/App/Api/Conf/config.php 第 33 行.
NOTIC: [8] Undefined variable: sckey /www/web/default/public_html/minijunxishanhgnz/App/Api/Conf/config.php 第 33 行.
NOTIC: [8] Undefined variable: sckey /www/web/default/public_html/minijunxishanhgnz/App/Api/Conf/config.php 第 33 行.
NOTIC: [8] Use of undefined constant LOAD_EXT_CONFIG - assumed 'LOAD_EXT_CONFIG' /www/web/default/public_html/minijunxishanhgnz/App/Api/Conf/config.php 第 40 行.

[ 2017-09-17T00:34:42+08:00 ] 223.211.93.124 /minijunxishanhgnz/index.php/Api/Index/index
NOTIC: [8] Use of undefined constant SHOW_PAGE_TRACE - assumed 'SHOW_PAGE_TRACE' /www/web/default/public_html/minijunxishanhgnz/App/Common/Conf/debug.php 第 4 行.
INFO: [ app_init ] --START--
INFO: Run Behavior\BuildLiteBehavior [ RunTime:0.000011s ]
INFO: [ app_init ] --END-- [ RunTime:0.000059s ]
NOTIC: [8] Undefined variable: sckey /www/web/default/public_html/minijunxishanhgnz/App/Api/Conf/config.php 第 33 行.
NOTIC: [8] Undefined variable: sckey /www/web/default/public_html/minijunxishanhgnz/App/Api/Conf/config.php 第 33 行.
NOTIC: [8] Undefined variable: sckey /www/web/default/public_html/minijunxishanhgnz/App/Api/Conf/config.php 第 33 行.
NOTIC: [8] Use of undefined constant LOAD_EXT_CONFIG - assumed 'LOAD_EXT_CONFIG' /www/web/default/public_html/minijunxishanhgnz/App/Api/Conf/config.php 第 40 行.

[ 2017-09-17T00:35:03+08:00 ] 223.211.93.124 /minijunxishanhgnz/index.php/Api/Shangchang/shop_details
NOTIC: [8] Use of undefined constant SHOW_PAGE_TRACE - assumed 'SHOW_PAGE_TRACE' /www/web/default/public_html/minijunxishanhgnz/App/Common/Conf/debug.php 第 4 行.
INFO: [ app_init ] --START--
INFO: Run Behavior\BuildLiteBehavior [ RunTime:0.000012s ]
INFO: [ app_init ] --END-- [ RunTime:0.000060s ]
NOTIC: [8] Undefined variable: sckey /www/web/default/public_html/minijunxishanhgnz/App/Api/Conf/config.php 第 33 行.
NOTIC: [8] Undefined variable: sckey /www/web/default/public_html/minijunxishanhgnz/App/Api/Conf/config.php 第 33 行.
NOTIC: [8] Undefined variable: sckey /www/web/default/public_html/minijunxishanhgnz/App/Api/Conf/config.php 第 33 行.
NOTIC: [8] Use of undefined constant LOAD_EXT_CONFIG - assumed 'LOAD_EXT_CONFIG' /www/web/default/public_html/minijunxishanhgnz/App/Api/Conf/config.php 第 40 行.

[ 2017-09-17T00:35:10+08:00 ] 223.211.93.124 /minijunxishanhgnz/index.php/Api/Product/index
NOTIC: [8] Use of undefined constant SHOW_PAGE_TRACE - assumed 'SHOW_PAGE_TRACE' /www/web/default/public_html/minijunxishanhgnz/App/Common/Conf/debug.php 第 4 行.
INFO: [ app_init ] --START--
INFO: Run Behavior\BuildLiteBehavior [ RunTime:0.000012s ]
INFO: [ app_init ] --END-- [ RunTime:0.000058s ]
NOTIC: [8] Undefined variable: sckey /www/web/default/public_html/minijunxishanhgnz/App/Api/Conf/config.php 第 33 行.
NOTIC: [8] Undefined variable: sckey /www/web/default/public_html/minijunxishanhgnz/App/Api/Conf/config.php 第 33 行.
NOTIC: [8] Undefined variable: sckey /www/web/default/public_html/minijunxishanhgnz/App/Api/Conf/config.php 第 33 行.
NOTIC: [8] Use of undefined constant LOAD_EXT_CONFIG - assumed 'LOAD_EXT_CONFIG' /www/web/default/public_html/minijunxishanhgnz/App/Api/Conf/config.php 第 40 行.

[ 2017-09-17T00:35:19+08:00 ] 223.211.93.124 /minijunxishanhgnz/index.php/Api/Product/index
NOTIC: [8] Use of undefined constant SHOW_PAGE_TRACE - assumed 'SHOW_PAGE_TRACE' /www/web/default/public_html/minijunxishanhgnz/App/Common/Conf/debug.php 第 4 行.
INFO: [ app_init ] --START--
INFO: Run Behavior\BuildLiteBehavior [ RunTime:0.000012s ]
INFO: [ app_init ] --END-- [ RunTime:0.000057s ]
NOTIC: [8] Undefined variable: sckey /www/web/default/public_html/minijunxishanhgnz/App/Api/Conf/config.php 第 33 行.
NOTIC: [8] Undefined variable: sckey /www/web/default/public_html/minijunxishanhgnz/App/Api/Conf/config.php 第 33 行.
NOTIC: [8] Undefined variable: sckey /www/web/default/public_html/minijunxishanhgnz/App/Api/Conf/config.php 第 33 行.
NOTIC: [8] Use of undefined constant LOAD_EXT_CONFIG - assumed 'LOAD_EXT_CONFIG' /www/web/default/public_html/minijunxishanhgnz/App/Api/Conf/config.php 第 40 行.

[ 2017-09-17T00:35:34+08:00 ] 223.211.93.124 /minijunxishanhgnz/index.php/Api/Index/getlist
NOTIC: [8] Use of undefined constant SHOW_PAGE_TRACE - assumed 'SHOW_PAGE_TRACE' /www/web/default/public_html/minijunxishanhgnz/App/Common/Conf/debug.php 第 4 行.
INFO: [ app_init ] --START--
INFO: Run Behavior\BuildLiteBehavior [ RunTime:0.000012s ]
INFO: [ app_init ] --END-- [ RunTime:0.000080s ]
NOTIC: [8] Undefined variable: sckey /www/web/default/public_html/minijunxishanhgnz/App/Api/Conf/config.php 第 33 行.
NOTIC: [8] Undefined variable: sckey /www/web/default/public_html/minijunxishanhgnz/App/Api/Conf/config.php 第 33 行.
NOTIC: [8] Undefined variable: sckey /www/web/default/public_html/minijunxishanhgnz/App/Api/Conf/config.php 第 33 行.
NOTIC: [8] Use of undefined constant LOAD_EXT_CONFIG - assumed 'LOAD_EXT_CONFIG' /www/web/default/public_html/minijunxishanhgnz/App/Api/Conf/config.php 第 40 行.

[ 2017-09-17T00:35:42+08:00 ] 223.211.93.124 /minijunxishanhgnz/index.php/Api/Product/index
NOTIC: [8] Use of undefined constant SHOW_PAGE_TRACE - assumed 'SHOW_PAGE_TRACE' /www/web/default/public_html/minijunxishanhgnz/App/Common/Conf/debug.php 第 4 行.
INFO: [ app_init ] --START--
INFO: Run Behavior\BuildLiteBehavior [ RunTime:0.000012s ]
INFO: [ app_init ] --END-- [ RunTime:0.000058s ]
NOTIC: [8] Undefined variable: sckey /www/web/default/public_html/minijunxishanhgnz/App/Api/Conf/config.php 第 33 行.
NOTIC: [8] Undefined variable: sckey /www/web/default/public_html/minijunxishanhgnz/App/Api/Conf/config.php 第 33 行.
NOTIC: [8] Undefined variable: sckey /www/web/default/public_html/minijunxishanhgnz/App/Api/Conf/config.php 第 33 行.
NOTIC: [8] Use of undefined constant LOAD_EXT_CONFIG - assumed 'LOAD_EXT_CONFIG' /www/web/default/public_html/minijunxishanhgnz/App/Api/Conf/config.php 第 40 行.

[ 2017-09-17T00:35:48+08:00 ] 223.211.93.124 /minijunxishanhgnz/index.php/Api/Product/index
NOTIC: [8] Use of undefined constant SHOW_PAGE_TRACE - assumed 'SHOW_PAGE_TRACE' /www/web/default/public_html/minijunxishanhgnz/App/Common/Conf/debug.php 第 4 行.
INFO: [ app_init ] --START--
INFO: Run Behavior\BuildLiteBehavior [ RunTime:0.000012s ]
INFO: [ app_init ] --END-- [ RunTime:0.000069s ]
NOTIC: [8] Undefined variable: sckey /www/web/default/public_html/minijunxishanhgnz/App/Api/Conf/config.php 第 33 行.
NOTIC: [8] Undefined variable: sckey /www/web/default/public_html/minijunxishanhgnz/App/Api/Conf/config.php 第 33 行.
NOTIC: [8] Undefined variable: sckey /www/web/default/public_html/minijunxishanhgnz/App/Api/Conf/config.php 第 33 行.
NOTIC: [8] Use of undefined constant LOAD_EXT_CONFIG - assumed 'LOAD_EXT_CONFIG' /www/web/default/public_html/minijunxishanhgnz/App/Api/Conf/config.php 第 40 行.

[ 2017-09-17T02:34:44+08:00 ] 111.19.121.33 /minijunxishanhgnz/index.php/Api/Index/index
NOTIC: [8] Use of undefined constant SHOW_PAGE_TRACE - assumed 'SHOW_PAGE_TRACE' /www/web/default/public_html/minijunxishanhgnz/App/Common/Conf/debug.php 第 4 行.
INFO: [ app_init ] --START--
INFO: Run Behavior\BuildLiteBehavior [ RunTime:0.000012s ]
INFO: [ app_init ] --END-- [ RunTime:0.000059s ]
NOTIC: [8] Undefined variable: sckey /www/web/default/public_html/minijunxishanhgnz/App/Api/Conf/config.php 第 33 行.
NOTIC: [8] Undefined variable: sckey /www/web/default/public_html/minijunxishanhgnz/App/Api/Conf/config.php 第 33 行.
NOTIC: [8] Undefined variable: sckey /www/web/default/public_html/minijunxishanhgnz/App/Api/Conf/config.php 第 33 行.
NOTIC: [8] Use of undefined constant LOAD_EXT_CONFIG - assumed 'LOAD_EXT_CONFIG' /www/web/default/public_html/minijunxishanhgnz/App/Api/Conf/config.php 第 40 行.

[ 2017-09-17T02:34:48+08:00 ] 111.19.121.33 /minijunxishanhgnz/index.php/Api/Login/getsessionkey
NOTIC: [8] Use of undefined constant SHOW_PAGE_TRACE - assumed 'SHOW_PAGE_TRACE' /www/web/default/public_html/minijunxishanhgnz/App/Common/Conf/debug.php 第 4 行.
INFO: [ app_init ] --START--
INFO: Run Behavior\BuildLiteBehavior [ RunTime:0.000012s ]
INFO: [ app_init ] --END-- [ RunTime:0.000058s ]
NOTIC: [8] Undefined variable: sckey /www/web/default/public_html/minijunxishanhgnz/App/Api/Conf/config.php 第 33 行.
NOTIC: [8] Undefined variable: sckey /www/web/default/public_html/minijunxishanhgnz/App/Api/Conf/config.php 第 33 行.
NOTIC: [8] Undefined variable: sckey /www/web/default/public_html/minijunxishanhgnz/App/Api/Conf/config.php 第 33 行.
NOTIC: [8] Use of undefined constant LOAD_EXT_CONFIG - assumed 'LOAD_EXT_CONFIG' /www/web/default/public_html/minijunxishanhgnz/App/Api/Conf/config.php 第 40 行.

[ 2017-09-17T02:34:48+08:00 ] 111.19.121.33 /minijunxishanhgnz/index.php/Api/Login/authlogin
NOTIC: [8] Use of undefined constant SHOW_PAGE_TRACE - assumed 'SHOW_PAGE_TRACE' /www/web/default/public_html/minijunxishanhgnz/App/Common/Conf/debug.php 第 4 行.
INFO: [ app_init ] --START--
INFO: Run Behavior\BuildLiteBehavior [ RunTime:0.000012s ]
INFO: [ app_init ] --END-- [ RunTime:0.000059s ]
NOTIC: [8] Undefined variable: sckey /www/web/default/public_html/minijunxishanhgnz/App/Api/Conf/config.php 第 33 行.
NOTIC: [8] Undefined variable: sckey /www/web/default/public_html/minijunxishanhgnz/App/Api/Conf/config.php 第 33 行.
NOTIC: [8] Undefined variable: sckey /www/web/default/public_html/minijunxishanhgnz/App/Api/Conf/config.php 第 33 行.
NOTIC: [8] Use of undefined constant LOAD_EXT_CONFIG - assumed 'LOAD_EXT_CONFIG' /www/web/default/public_html/minijunxishanhgnz/App/Api/Conf/config.php 第 40 行.

[ 2017-09-17T07:09:29+08:00 ] 42.199.57.0 /minijunxishanhgnz/index.php/Api/Index/index
NOTIC: [8] Use of undefined constant SHOW_PAGE_TRACE - assumed 'SHOW_PAGE_TRACE' /www/web/default/public_html/minijunxishanhgnz/App/Common/Conf/debug.php 第 4 行.
INFO: [ app_init ] --START--
INFO: Run Behavior\BuildLiteBehavior [ RunTime:0.000012s ]
INFO: [ app_init ] --END-- [ RunTime:0.000058s ]
NOTIC: [8] Undefined variable: sckey /www/web/default/public_html/minijunxishanhgnz/App/Api/Conf/config.php 第 33 行.
NOTIC: [8] Undefined variable: sckey /www/web/default/public_html/minijunxishanhgnz/App/Api/Conf/config.php 第 33 行.
NOTIC: [8] Undefined variable: sckey /www/web/default/public_html/minijunxishanhgnz/App/Api/Conf/config.php 第 33 行.
NOTIC: [8] Use of undefined constant LOAD_EXT_CONFIG - assumed 'LOAD_EXT_CONFIG' /www/web/default/public_html/minijunxishanhgnz/App/Api/Conf/config.php 第 40 行.

[ 2017-09-17T07:09:45+08:00 ] 42.199.57.0 /minijunxishanhgnz/index.php/Api/Shangchang/index
NOTIC: [8] Use of undefined constant SHOW_PAGE_TRACE - assumed 'SHOW_PAGE_TRACE' /www/web/default/public_html/minijunxishanhgnz/App/Common/Conf/debug.php 第 4 行.
INFO: [ app_init ] --START--
INFO: Run Behavior\BuildLiteBehavior [ RunTime:0.000012s ]
INFO: [ app_init ] --END-- [ RunTime:0.000059s ]
NOTIC: [8] Undefined variable: sckey /www/web/default/public_html/minijunxishanhgnz/App/Api/Conf/config.php 第 33 行.
NOTIC: [8] Undefined variable: sckey /www/web/default/public_html/minijunxishanhgnz/App/Api/Conf/config.php 第 33 行.
NOTIC: [8] Undefined variable: sckey /www/web/default/public_html/minijunxishanhgnz/App/Api/Conf/config.php 第 33 行.
NOTIC: [8] Use of undefined constant LOAD_EXT_CONFIG - assumed 'LOAD_EXT_CONFIG' /www/web/default/public_html/minijunxishanhgnz/App/Api/Conf/config.php 第 40 行.

[ 2017-09-17T07:10:00+08:00 ] 42.199.57.0 /minijunxishanhgnz/index.php/Api/Shangchang/shop_details
NOTIC: [8] Use of undefined constant SHOW_PAGE_TRACE - assumed 'SHOW_PAGE_TRACE' /www/web/default/public_html/minijunxishanhgnz/App/Common/Conf/debug.php 第 4 行.
INFO: [ app_init ] --START--
INFO: Run Behavior\BuildLiteBehavior [ RunTime:0.000012s ]
INFO: [ app_init ] --END-- [ RunTime:0.000058s ]
NOTIC: [8] Undefined variable: sckey /www/web/default/public_html/minijunxishanhgnz/App/Api/Conf/config.php 第 33 行.
NOTIC: [8] Undefined variable: sckey /www/web/default/public_html/minijunxishanhgnz/App/Api/Conf/config.php 第 33 行.
NOTIC: [8] Undefined variable: sckey /www/web/default/public_html/minijunxishanhgnz/App/Api/Conf/config.php 第 33 行.
NOTIC: [8] Use of undefined constant LOAD_EXT_CONFIG - assumed 'LOAD_EXT_CONFIG' /www/web/default/public_html/minijunxishanhgnz/App/Api/Conf/config.php 第 40 行.

[ 2017-09-17T07:10:30+08:00 ] 42.199.57.0 /minijunxishanhgnz/index.php/Api/Shangchang/get_more
NOTIC: [8] Use of undefined constant SHOW_PAGE_TRACE - assumed 'SHOW_PAGE_TRACE' /www/web/default/public_html/minijunxishanhgnz/App/Common/Conf/debug.php 第 4 行.
INFO: [ app_init ] --START--
INFO: Run Behavior\BuildLiteBehavior [ RunTime:0.000012s ]
INFO: [ app_init ] --END-- [ RunTime:0.000058s ]
NOTIC: [8] Undefined variable: sckey /www/web/default/public_html/minijunxishanhgnz/App/Api/Conf/config.php 第 33 行.
NOTIC: [8] Undefined variable: sckey /www/web/default/public_html/minijunxishanhgnz/App/Api/Conf/config.php 第 33 行.
NOTIC: [8] Undefined variable: sckey /www/web/default/public_html/minijunxishanhgnz/App/Api/Conf/config.php 第 33 行.
NOTIC: [8] Use of undefined constant LOAD_EXT_CONFIG - assumed 'LOAD_EXT_CONFIG' /www/web/default/public_html/minijunxishanhgnz/App/Api/Conf/config.php 第 40 行.

[ 2017-09-17T07:10:32+08:00 ] 42.199.57.0 /minijunxishanhgnz/index.php/Api/Shangchang/shop_details
NOTIC: [8] Use of undefined constant SHOW_PAGE_TRACE - assumed 'SHOW_PAGE_TRACE' /www/web/default/public_html/minijunxishanhgnz/App/Common/Conf/debug.php 第 4 行.
INFO: [ app_init ] --START--
INFO: Run Behavior\BuildLiteBehavior [ RunTime:0.000012s ]
INFO: [ app_init ] --END-- [ RunTime:0.000080s ]
NOTIC: [8] Undefined variable: sckey /www/web/default/public_html/minijunxishanhgnz/App/Api/Conf/config.php 第 33 行.
NOTIC: [8] Undefined variable: sckey /www/web/default/public_html/minijunxishanhgnz/App/Api/Conf/config.php 第 33 行.
NOTIC: [8] Undefined variable: sckey /www/web/default/public_html/minijunxishanhgnz/App/Api/Conf/config.php 第 33 行.
NOTIC: [8] Use of undefined constant LOAD_EXT_CONFIG - assumed 'LOAD_EXT_CONFIG' /www/web/default/public_html/minijunxishanhgnz/App/Api/Conf/config.php 第 40 行.

[ 2017-09-17T07:11:10+08:00 ] 42.199.57.0 /minijunxishanhgnz/index.php/Api/Index/getlist
NOTIC: [8] Use of undefined constant SHOW_PAGE_TRACE - assumed 'SHOW_PAGE_TRACE' /www/web/default/public_html/minijunxishanhgnz/App/Common/Conf/debug.php 第 4 行.
INFO: [ app_init ] --START--
INFO: Run Behavior\BuildLiteBehavior [ RunTime:0.000013s ]
INFO: [ app_init ] --END-- [ RunTime:0.000060s ]
NOTIC: [8] Undefined variable: sckey /www/web/default/public_html/minijunxishanhgnz/App/Api/Conf/config.php 第 33 行.
NOTIC: [8] Undefined variable: sckey /www/web/default/public_html/minijunxishanhgnz/App/Api/Conf/config.php 第 33 行.
NOTIC: [8] Undefined variable: sckey /www/web/default/public_html/minijunxishanhgnz/App/Api/Conf/config.php 第 33 行.
NOTIC: [8] Use of undefined constant LOAD_EXT_CONFIG - assumed 'LOAD_EXT_CONFIG' /www/web/default/public_html/minijunxishanhgnz/App/Api/Conf/config.php 第 40 行.

[ 2017-09-17T07:11:14+08:00 ] 42.199.57.0 /minijunxishanhgnz/index.php/Api/Index/getlist
NOTIC: [8] Use of undefined constant SHOW_PAGE_TRACE - assumed 'SHOW_PAGE_TRACE' /www/web/default/public_html/minijunxishanhgnz/App/Common/Conf/debug.php 第 4 行.
INFO: [ app_init ] --START--
INFO: Run Behavior\BuildLiteBehavior [ RunTime:0.000033s ]
INFO: [ app_init ] --END-- [ RunTime:0.000085s ]
NOTIC: [8] Undefined variable: sckey /www/web/default/public_html/minijunxishanhgnz/App/Api/Conf/config.php 第 33 行.
NOTIC: [8] Undefined variable: sckey /www/web/default/public_html/minijunxishanhgnz/App/Api/Conf/config.php 第 33 行.
NOTIC: [8] Undefined variable: sckey /www/web/default/public_html/minijunxishanhgnz/App/Api/Conf/config.php 第 33 行.
NOTIC: [8] Use of undefined constant LOAD_EXT_CONFIG - assumed 'LOAD_EXT_CONFIG' /www/web/default/public_html/minijunxishanhgnz/App/Api/Conf/config.php 第 40 行.

[ 2017-09-17T07:11:16+08:00 ] 42.199.57.0 /minijunxishanhgnz/index.php/Api/Index/getlist
NOTIC: [8] Use of undefined constant SHOW_PAGE_TRACE - assumed 'SHOW_PAGE_TRACE' /www/web/default/public_html/minijunxishanhgnz/App/Common/Conf/debug.php 第 4 行.
INFO: [ app_init ] --START--
INFO: Run Behavior\BuildLiteBehavior [ RunTime:0.000013s ]
INFO: [ app_init ] --END-- [ RunTime:0.000060s ]
NOTIC: [8] Undefined variable: sckey /www/web/default/public_html/minijunxishanhgnz/App/Api/Conf/config.php 第 33 行.
NOTIC: [8] Undefined variable: sckey /www/web/default/public_html/minijunxishanhgnz/App/Api/Conf/config.php 第 33 行.
NOTIC: [8] Undefined variable: sckey /www/web/default/public_html/minijunxishanhgnz/App/Api/Conf/config.php 第 33 行.
NOTIC: [8] Use of undefined constant LOAD_EXT_CONFIG - assumed 'LOAD_EXT_CONFIG' /www/web/default/public_html/minijunxishanhgnz/App/Api/Conf/config.php 第 40 行.

[ 2017-09-17T07:11:22+08:00 ] 42.199.57.0 /minijunxishanhgnz/index.php/Api/Product/index
NOTIC: [8] Use of undefined constant SHOW_PAGE_TRACE - assumed 'SHOW_PAGE_TRACE' /www/web/default/public_html/minijunxishanhgnz/App/Common/Conf/debug.php 第 4 行.
INFO: [ app_init ] --START--
INFO: Run Behavior\BuildLiteBehavior [ RunTime:0.000016s ]
INFO: [ app_init ] --END-- [ RunTime:0.000068s ]
NOTIC: [8] Undefined variable: sckey /www/web/default/public_html/minijunxishanhgnz/App/Api/Conf/config.php 第 33 行.
NOTIC: [8] Undefined variable: sckey /www/web/default/public_html/minijunxishanhgnz/App/Api/Conf/config.php 第 33 行.
NOTIC: [8] Undefined variable: sckey /www/web/default/public_html/minijunxishanhgnz/App/Api/Conf/config.php 第 33 行.
NOTIC: [8] Use of undefined constant LOAD_EXT_CONFIG - assumed 'LOAD_EXT_CONFIG' /www/web/default/public_html/minijunxishanhgnz/App/Api/Conf/config.php 第 40 行.

[ 2017-09-17T07:12:13+08:00 ] 42.199.57.0 /minijunxishanhgnz/index.php/Api/Product/lists
NOTIC: [8] Use of undefined constant SHOW_PAGE_TRACE - assumed 'SHOW_PAGE_TRACE' /www/web/default/public_html/minijunxishanhgnz/App/Common/Conf/debug.php 第 4 行.
INFO: [ app_init ] --START--
INFO: Run Behavior\BuildLiteBehavior [ RunTime:0.000011s ]
INFO: [ app_init ] --END-- [ RunTime:0.000057s ]
NOTIC: [8] Undefined variable: sckey /www/web/default/public_html/minijunxishanhgnz/App/Api/Conf/config.php 第 33 行.
NOTIC: [8] Undefined variable: sckey /www/web/default/public_html/minijunxishanhgnz/App/Api/Conf/config.php 第 33 行.
NOTIC: [8] Undefined variable: sckey /www/web/default/public_html/minijunxishanhgnz/App/Api/Conf/config.php 第 33 行.
NOTIC: [8] Use of undefined constant LOAD_EXT_CONFIG - assumed 'LOAD_EXT_CONFIG' /www/web/default/public_html/minijunxishanhgnz/App/Api/Conf/config.php 第 40 行.

[ 2017-09-17T07:12:22+08:00 ] 42.199.57.0 /minijunxishanhgnz/index.php/Api/Product/get_more
NOTIC: [8] Use of undefined constant SHOW_PAGE_TRACE - assumed 'SHOW_PAGE_TRACE' /www/web/default/public_html/minijunxishanhgnz/App/Common/Conf/debug.php 第 4 行.
INFO: [ app_init ] --START--
INFO: Run Behavior\BuildLiteBehavior [ RunTime:0.000012s ]
INFO: [ app_init ] --END-- [ RunTime:0.000058s ]
NOTIC: [8] Undefined variable: sckey /www/web/default/public_html/minijunxishanhgnz/App/Api/Conf/config.php 第 33 行.
NOTIC: [8] Undefined variable: sckey /www/web/default/public_html/minijunxishanhgnz/App/Api/Conf/config.php 第 33 行.
NOTIC: [8] Undefined variable: sckey /www/web/default/public_html/minijunxishanhgnz/App/Api/Conf/config.php 第 33 行.
NOTIC: [8] Use of undefined constant LOAD_EXT_CONFIG - assumed 'LOAD_EXT_CONFIG' /www/web/default/public_html/minijunxishanhgnz/App/Api/Conf/config.php 第 40 行.

[ 2017-09-17T07:12:28+08:00 ] 42.199.57.0 /minijunxishanhgnz/index.php/Api/Product/get_more
NOTIC: [8] Use of undefined constant SHOW_PAGE_TRACE - assumed 'SHOW_PAGE_TRACE' /www/web/default/public_html/minijunxishanhgnz/App/Common/Conf/debug.php 第 4 行.
INFO: [ app_init ] --START--
INFO: Run Behavior\BuildLiteBehavior [ RunTime:0.000012s ]
INFO: [ app_init ] --END-- [ RunTime:0.000058s ]
NOTIC: [8] Undefined variable: sckey /www/web/default/public_html/minijunxishanhgnz/App/Api/Conf/config.php 第 33 行.
NOTIC: [8] Undefined variable: sckey /www/web/default/public_html/minijunxishanhgnz/App/Api/Conf/config.php 第 33 行.
NOTIC: [8] Undefined variable: sckey /www/web/default/public_html/minijunxishanhgnz/App/Api/Conf/config.php 第 33 行.
NOTIC: [8] Use of undefined constant LOAD_EXT_CONFIG - assumed 'LOAD_EXT_CONFIG' /www/web/default/public_html/minijunxishanhgnz/App/Api/Conf/config.php 第 40 行.

[ 2017-09-17T07:12:30+08:00 ] 42.199.57.0 /minijunxishanhgnz/index.php/Api/Product/get_more
NOTIC: [8] Use of undefined constant SHOW_PAGE_TRACE - assumed 'SHOW_PAGE_TRACE' /www/web/default/public_html/minijunxishanhgnz/App/Common/Conf/debug.php 第 4 行.
INFO: [ app_init ] --START--
INFO: Run Behavior\BuildLiteBehavior [ RunTime:0.000012s ]
INFO: [ app_init ] --END-- [ RunTime:0.000061s ]
NOTIC: [8] Undefined variable: sckey /www/web/default/public_html/minijunxishanhgnz/App/Api/Conf/config.php 第 33 行.
NOTIC: [8] Undefined variable: sckey /www/web/default/public_html/minijunxishanhgnz/App/Api/Conf/config.php 第 33 行.
NOTIC: [8] Undefined variable: sckey /www/web/default/public_html/minijunxishanhgnz/App/Api/Conf/config.php 第 33 行.
NOTIC: [8] Use of undefined constant LOAD_EXT_CONFIG - assumed 'LOAD_EXT_CONFIG' /www/web/default/public_html/minijunxishanhgnz/App/Api/Conf/config.php 第 40 行.

[ 2017-09-17T07:12:37+08:00 ] 42.199.57.0 /minijunxishanhgnz/index.php/Api/Voucher/index
NOTIC: [8] Use of undefined constant SHOW_PAGE_TRACE - assumed 'SHOW_PAGE_TRACE' /www/web/default/public_html/minijunxishanhgnz/App/Common/Conf/debug.php 第 4 行.
INFO: [ app_init ] --START--
INFO: Run Behavior\BuildLiteBehavior [ RunTime:0.000014s ]
INFO: [ app_init ] --END-- [ RunTime:0.000063s ]
NOTIC: [8] Undefined variable: sckey /www/web/default/public_html/minijunxishanhgnz/App/Api/Conf/config.php 第 33 行.
NOTIC: [8] Undefined variable: sckey /www/web/default/public_html/minijunxishanhgnz/App/Api/Conf/config.php 第 33 行.
NOTIC: [8] Undefined variable: sckey /www/web/default/public_html/minijunxishanhgnz/App/Api/Conf/config.php 第 33 行.
NOTIC: [8] Use of undefined constant LOAD_EXT_CONFIG - assumed 'LOAD_EXT_CONFIG' /www/web/default/public_html/minijunxishanhgnz/App/Api/Conf/config.php 第 40 行.

[ 2017-09-17T13:50:38+08:00 ] 223.211.93.197 /minijunxishanhgnz/index.php/Api/Index/index
NOTIC: [8] Use of undefined constant SHOW_PAGE_TRACE - assumed 'SHOW_PAGE_TRACE' /www/web/default/public_html/minijunxishanhgnz/App/Common/Conf/debug.php 第 4 行.
INFO: [ app_init ] --START--
INFO: Run Behavior\BuildLiteBehavior [ RunTime:0.000017s ]
INFO: [ app_init ] --END-- [ RunTime:0.000070s ]
NOTIC: [8] Undefined variable: sckey /www/web/default/public_html/minijunxishanhgnz/App/Api/Conf/config.php 第 33 行.
NOTIC: [8] Undefined variable: sckey /www/web/default/public_html/minijunxishanhgnz/App/Api/Conf/config.php 第 33 行.
NOTIC: [8] Undefined variable: sckey /www/web/default/public_html/minijunxishanhgnz/App/Api/Conf/config.php 第 33 行.
NOTIC: [8] Use of undefined constant LOAD_EXT_CONFIG - assumed 'LOAD_EXT_CONFIG' /www/web/default/public_html/minijunxishanhgnz/App/Api/Conf/config.php 第 40 行.

[ 2017-09-17T15:12:19+08:00 ] 112.94.96.229 /minijunxishanhgnz/index.php/Api/Index/index
NOTIC: [8] Use of undefined constant SHOW_PAGE_TRACE - assumed 'SHOW_PAGE_TRACE' /www/web/default/public_html/minijunxishanhgnz/App/Common/Conf/debug.php 第 4 行.
INFO: [ app_init ] --START--
INFO: Run Behavior\BuildLiteBehavior [ RunTime:0.000011s ]
INFO: [ app_init ] --END-- [ RunTime:0.000076s ]
NOTIC: [8] Undefined variable: sckey /www/web/default/public_html/minijunxishanhgnz/App/Api/Conf/config.php 第 33 行.
NOTIC: [8] Undefined variable: sckey /www/web/default/public_html/minijunxishanhgnz/App/Api/Conf/config.php 第 33 行.
NOTIC: [8] Undefined variable: sckey /www/web/default/public_html/minijunxishanhgnz/App/Api/Conf/config.php 第 33 行.
NOTIC: [8] Use of undefined constant LOAD_EXT_CONFIG - assumed 'LOAD_EXT_CONFIG' /www/web/default/public_html/minijunxishanhgnz/App/Api/Conf/config.php 第 40 行.

[ 2017-09-17T15:37:30+08:00 ] 112.94.99.154 /minijunxishanhgnz/index.php/Api/Index/index
NOTIC: [8] Use of undefined constant SHOW_PAGE_TRACE - assumed 'SHOW_PAGE_TRACE' /www/web/default/public_html/minijunxishanhgnz/App/Common/Conf/debug.php 第 4 行.
INFO: [ app_init ] --START--
INFO: Run Behavior\BuildLiteBehavior [ RunTime:0.000012s ]
INFO: [ app_init ] --END-- [ RunTime:0.000060s ]
NOTIC: [8] Undefined variable: sckey /www/web/default/public_html/minijunxishanhgnz/App/Api/Conf/config.php 第 33 行.
NOTIC: [8] Undefined variable: sckey /www/web/default/public_html/minijunxishanhgnz/App/Api/Conf/config.php 第 33 行.
NOTIC: [8] Undefined variable: sckey /www/web/default/public_html/minijunxishanhgnz/App/Api/Conf/config.php 第 33 行.
NOTIC: [8] Use of undefined constant LOAD_EXT_CONFIG - assumed 'LOAD_EXT_CONFIG' /www/web/default/public_html/minijunxishanhgnz/App/Api/Conf/config.php 第 40 行.

[ 2017-09-17T15:37:33+08:00 ] 112.94.99.154 /minijunxishanhgnz/index.php/Api/Login/getsessionkey
NOTIC: [8] Use of undefined constant SHOW_PAGE_TRACE - assumed 'SHOW_PAGE_TRACE' /www/web/default/public_html/minijunxishanhgnz/App/Common/Conf/debug.php 第 4 行.
INFO: [ app_init ] --START--
INFO: Run Behavior\BuildLiteBehavior [ RunTime:0.000012s ]
INFO: [ app_init ] --END-- [ RunTime:0.000059s ]
NOTIC: [8] Undefined variable: sckey /www/web/default/public_html/minijunxishanhgnz/App/Api/Conf/config.php 第 33 行.
NOTIC: [8] Undefined variable: sckey /www/web/default/public_html/minijunxishanhgnz/App/Api/Conf/config.php 第 33 行.
NOTIC: [8] Undefined variable: sckey /www/web/default/public_html/minijunxishanhgnz/App/Api/Conf/config.php 第 33 行.
NOTIC: [8] Use of undefined constant LOAD_EXT_CONFIG - assumed 'LOAD_EXT_CONFIG' /www/web/default/public_html/minijunxishanhgnz/App/Api/Conf/config.php 第 40 行.

[ 2017-09-17T15:37:34+08:00 ] 112.94.99.154 /minijunxishanhgnz/index.php/Api/Login/authlogin
NOTIC: [8] Use of undefined constant SHOW_PAGE_TRACE - assumed 'SHOW_PAGE_TRACE' /www/web/default/public_html/minijunxishanhgnz/App/Common/Conf/debug.php 第 4 行.
INFO: [ app_init ] --START--
INFO: Run Behavior\BuildLiteBehavior [ RunTime:0.000013s ]
INFO: [ app_init ] --END-- [ RunTime:0.000064s ]
NOTIC: [8] Undefined variable: sckey /www/web/default/public_html/minijunxishanhgnz/App/Api/Conf/config.php 第 33 行.
NOTIC: [8] Undefined variable: sckey /www/web/default/public_html/minijunxishanhgnz/App/Api/Conf/config.php 第 33 行.
NOTIC: [8] Undefined variable: sckey /www/web/default/public_html/minijunxishanhgnz/App/Api/Conf/config.php 第 33 行.
NOTIC: [8] Use of undefined constant LOAD_EXT_CONFIG - assumed 'LOAD_EXT_CONFIG' /www/web/default/public_html/minijunxishanhgnz/App/Api/Conf/config.php 第 40 行.

[ 2017-09-17T16:55:18+08:00 ] 113.103.3.242 /minijunxishanhgnz/index.php/Api/Index/index
NOTIC: [8] Use of undefined constant SHOW_PAGE_TRACE - assumed 'SHOW_PAGE_TRACE' /www/web/default/public_html/minijunxishanhgnz/App/Common/Conf/debug.php 第 4 行.
INFO: [ app_init ] --START--
INFO: Run Behavior\BuildLiteBehavior [ RunTime:0.000018s ]
INFO: [ app_init ] --END-- [ RunTime:0.000075s ]
NOTIC: [8] Undefined variable: sckey /www/web/default/public_html/minijunxishanhgnz/App/Api/Conf/config.php 第 33 行.
NOTIC: [8] Undefined variable: sckey /www/web/default/public_html/minijunxishanhgnz/App/Api/Conf/config.php 第 33 行.
NOTIC: [8] Undefined variable: sckey /www/web/default/public_html/minijunxishanhgnz/App/Api/Conf/config.php 第 33 行.
NOTIC: [8] Use of undefined constant LOAD_EXT_CONFIG - assumed 'LOAD_EXT_CONFIG' /www/web/default/public_html/minijunxishanhgnz/App/Api/Conf/config.php 第 40 行.

[ 2017-09-17T21:23:24+08:00 ] 112.96.100.102 /minijunxishanhgnz/index.php/Api/Index/index
NOTIC: [8] Use of undefined constant SHOW_PAGE_TRACE - assumed 'SHOW_PAGE_TRACE' /www/web/default/public_html/minijunxishanhgnz/App/Common/Conf/debug.php 第 4 行.
INFO: [ app_init ] --START--
INFO: Run Behavior\BuildLiteBehavior [ RunTime:0.000015s ]
INFO: [ app_init ] --END-- [ RunTime:0.000064s ]
NOTIC: [8] Undefined variable: sckey /www/web/default/public_html/minijunxishanhgnz/App/Api/Conf/config.php 第 33 行.
NOTIC: [8] Undefined variable: sckey /www/web/default/public_html/minijunxishanhgnz/App/Api/Conf/config.php 第 33 行.
NOTIC: [8] Undefined variable: sckey /www/web/default/public_html/minijunxishanhgnz/App/Api/Conf/config.php 第 33 行.
NOTIC: [8] Use of undefined constant LOAD_EXT_CONFIG - assumed 'LOAD_EXT_CONFIG' /www/web/default/public_html/minijunxishanhgnz/App/Api/Conf/config.php 第 40 行.

[ 2017-09-17T21:23:37+08:00 ] 112.96.100.102 /minijunxishanhgnz/index.php/Api/Product/index
NOTIC: [8] Use of undefined constant SHOW_PAGE_TRACE - assumed 'SHOW_PAGE_TRACE' /www/web/default/public_html/minijunxishanhgnz/App/Common/Conf/debug.php 第 4 行.
INFO: [ app_init ] --START--
INFO: Run Behavior\BuildLiteBehavior [ RunTime:0.000012s ]
INFO: [ app_init ] --END-- [ RunTime:0.000061s ]
NOTIC: [8] Undefined variable: sckey /www/web/default/public_html/minijunxishanhgnz/App/Api/Conf/config.php 第 33 行.
NOTIC: [8] Undefined variable: sckey /www/web/default/public_html/minijunxishanhgnz/App/Api/Conf/config.php 第 33 行.
NOTIC: [8] Undefined variable: sckey /www/web/default/public_html/minijunxishanhgnz/App/Api/Conf/config.php 第 33 行.
NOTIC: [8] Use of undefined constant LOAD_EXT_CONFIG - assumed 'LOAD_EXT_CONFIG' /www/web/default/public_html/minijunxishanhgnz/App/Api/Conf/config.php 第 40 行.

[ 2017-09-17T21:24:09+08:00 ] 112.96.100.102 /minijunxishanhgnz/index.php/Api/Product/lists
NOTIC: [8] Use of undefined constant SHOW_PAGE_TRACE - assumed 'SHOW_PAGE_TRACE' /www/web/default/public_html/minijunxishanhgnz/App/Common/Conf/debug.php 第 4 行.
INFO: [ app_init ] --START--
INFO: Run Behavior\BuildLiteBehavior [ RunTime:0.000015s ]
INFO: [ app_init ] --END-- [ RunTime:0.000065s ]
NOTIC: [8] Undefined variable: sckey /www/web/default/public_html/minijunxishanhgnz/App/Api/Conf/config.php 第 33 行.
NOTIC: [8] Undefined variable: sckey /www/web/default/public_html/minijunxishanhgnz/App/Api/Conf/config.php 第 33 行.
NOTIC: [8] Undefined variable: sckey /www/web/default/public_html/minijunxishanhgnz/App/Api/Conf/config.php 第 33 行.
NOTIC: [8] Use of undefined constant LOAD_EXT_CONFIG - assumed 'LOAD_EXT_CONFIG' /www/web/default/public_html/minijunxishanhgnz/App/Api/Conf/config.php 第 40 行.

[ 2017-09-17T21:24:23+08:00 ] 112.96.100.102 /minijunxishanhgnz/index.php/Api/Shangchang/shop_details
NOTIC: [8] Use of undefined constant SHOW_PAGE_TRACE - assumed 'SHOW_PAGE_TRACE' /www/web/default/public_html/minijunxishanhgnz/App/Common/Conf/debug.php 第 4 行.
INFO: [ app_init ] --START--
INFO: Run Behavior\BuildLiteBehavior [ RunTime:0.000012s ]
INFO: [ app_init ] --END-- [ RunTime:0.000058s ]
NOTIC: [8] Undefined variable: sckey /www/web/default/public_html/minijunxishanhgnz/App/Api/Conf/config.php 第 33 行.
NOTIC: [8] Undefined variable: sckey /www/web/default/public_html/minijunxishanhgnz/App/Api/Conf/config.php 第 33 行.
NOTIC: [8] Undefined variable: sckey /www/web/default/public_html/minijunxishanhgnz/App/Api/Conf/config.php 第 33 行.
NOTIC: [8] Use of undefined constant LOAD_EXT_CONFIG - assumed 'LOAD_EXT_CONFIG' /www/web/default/public_html/minijunxishanhgnz/App/Api/Conf/config.php 第 40 行.

[ 2017-09-17T21:56:07+08:00 ] 223.104.1.246 /minijunxishanhgnz/index.php/Api/Index/index
NOTIC: [8] Use of undefined constant SHOW_PAGE_TRACE - assumed 'SHOW_PAGE_TRACE' /www/web/default/public_html/minijunxishanhgnz/App/Common/Conf/debug.php 第 4 行.
INFO: [ app_init ] --START--
INFO: Run Behavior\BuildLiteBehavior [ RunTime:0.000013s ]
INFO: [ app_init ] --END-- [ RunTime:0.000061s ]
NOTIC: [8] Undefined variable: sckey /www/web/default/public_html/minijunxishanhgnz/App/Api/Conf/config.php 第 33 行.
NOTIC: [8] Undefined variable: sckey /www/web/default/public_html/minijunxishanhgnz/App/Api/Conf/config.php 第 33 行.
NOTIC: [8] Undefined variable: sckey /www/web/default/public_html/minijunxishanhgnz/App/Api/Conf/config.php 第 33 行.
NOTIC: [8] Use of undefined constant LOAD_EXT_CONFIG - assumed 'LOAD_EXT_CONFIG' /www/web/default/public_html/minijunxishanhgnz/App/Api/Conf/config.php 第 40 行.

