[ 2017-08-05T01:18:26+08:00 ] 223.211.93.48 /minijunxishanhgnz/index.php/Api/Index/index
NOTIC: [8] Use of undefined constant SHOW_PAGE_TRACE - assumed 'SHOW_PAGE_TRACE' /www/web/default/public_html/minijunxishanhgnz/App/Common/Conf/debug.php 第 4 行.
INFO: [ app_init ] --START--
INFO: Run Behavior\BuildLiteBehavior [ RunTime:0.000018s ]
INFO: [ app_init ] --END-- [ RunTime:0.000075s ]
NOTIC: [8] Undefined variable: sckey /www/web/default/public_html/minijunxishanhgnz/App/Api/Conf/config.php 第 33 行.
NOTIC: [8] Undefined variable: sckey /www/web/default/public_html/minijunxishanhgnz/App/Api/Conf/config.php 第 33 行.
NOTIC: [8] Undefined variable: sckey /www/web/default/public_html/minijunxishanhgnz/App/Api/Conf/config.php 第 33 行.
NOTIC: [8] Use of undefined constant LOAD_EXT_CONFIG - assumed 'LOAD_EXT_CONFIG' /www/web/default/public_html/minijunxishanhgnz/App/Api/Conf/config.php 第 40 行.

[ 2017-08-05T01:18:47+08:00 ] 223.211.93.48 /minijunxishanhgnz/index.php/Api/User/getorder
NOTIC: [8] Use of undefined constant SHOW_PAGE_TRACE - assumed 'SHOW_PAGE_TRACE' /www/web/default/public_html/minijunxishanhgnz/App/Common/Conf/debug.php 第 4 行.
INFO: [ app_init ] --START--
INFO: Run Behavior\BuildLiteBehavior [ RunTime:0.000016s ]
INFO: [ app_init ] --END-- [ RunTime:0.000071s ]
NOTIC: [8] Undefined variable: sckey /www/web/default/public_html/minijunxishanhgnz/App/Api/Conf/config.php 第 33 行.
NOTIC: [8] Undefined variable: sckey /www/web/default/public_html/minijunxishanhgnz/App/Api/Conf/config.php 第 33 行.
NOTIC: [8] Undefined variable: sckey /www/web/default/public_html/minijunxishanhgnz/App/Api/Conf/config.php 第 33 行.
NOTIC: [8] Use of undefined constant LOAD_EXT_CONFIG - assumed 'LOAD_EXT_CONFIG' /www/web/default/public_html/minijunxishanhgnz/App/Api/Conf/config.php 第 40 行.

[ 2017-08-05T01:18:47+08:00 ] 223.211.93.48 /minijunxishanhgnz/index.php/Api/User/getorder
NOTIC: [8] Use of undefined constant SHOW_PAGE_TRACE - assumed 'SHOW_PAGE_TRACE' /www/web/default/public_html/minijunxishanhgnz/App/Common/Conf/debug.php 第 4 行.
INFO: [ app_init ] --START--
INFO: Run Behavior\BuildLiteBehavior [ RunTime:0.000011s ]
INFO: [ app_init ] --END-- [ RunTime:0.000057s ]
NOTIC: [8] Undefined variable: sckey /www/web/default/public_html/minijunxishanhgnz/App/Api/Conf/config.php 第 33 行.
NOTIC: [8] Undefined variable: sckey /www/web/default/public_html/minijunxishanhgnz/App/Api/Conf/config.php 第 33 行.
NOTIC: [8] Undefined variable: sckey /www/web/default/public_html/minijunxishanhgnz/App/Api/Conf/config.php 第 33 行.
NOTIC: [8] Use of undefined constant LOAD_EXT_CONFIG - assumed 'LOAD_EXT_CONFIG' /www/web/default/public_html/minijunxishanhgnz/App/Api/Conf/config.php 第 40 行.

[ 2017-08-05T08:18:08+08:00 ] 219.136.174.221 /minijunxishanhgnz/index.php/Api/Index/index
NOTIC: [8] Use of undefined constant SHOW_PAGE_TRACE - assumed 'SHOW_PAGE_TRACE' /www/web/default/public_html/minijunxishanhgnz/App/Common/Conf/debug.php 第 4 行.
INFO: [ app_init ] --START--
INFO: Run Behavior\BuildLiteBehavior [ RunTime:0.000015s ]
INFO: [ app_init ] --END-- [ RunTime:0.000069s ]
NOTIC: [8] Undefined variable: sckey /www/web/default/public_html/minijunxishanhgnz/App/Api/Conf/config.php 第 33 行.
NOTIC: [8] Undefined variable: sckey /www/web/default/public_html/minijunxishanhgnz/App/Api/Conf/config.php 第 33 行.
NOTIC: [8] Undefined variable: sckey /www/web/default/public_html/minijunxishanhgnz/App/Api/Conf/config.php 第 33 行.
NOTIC: [8] Use of undefined constant LOAD_EXT_CONFIG - assumed 'LOAD_EXT_CONFIG' /www/web/default/public_html/minijunxishanhgnz/App/Api/Conf/config.php 第 40 行.

[ 2017-08-05T08:18:12+08:00 ] 219.136.174.221 /minijunxishanhgnz/index.php/Api/Login/getsessionkey
NOTIC: [8] Use of undefined constant SHOW_PAGE_TRACE - assumed 'SHOW_PAGE_TRACE' /www/web/default/public_html/minijunxishanhgnz/App/Common/Conf/debug.php 第 4 行.
INFO: [ app_init ] --START--
INFO: Run Behavior\BuildLiteBehavior [ RunTime:0.000016s ]
INFO: [ app_init ] --END-- [ RunTime:0.000068s ]
NOTIC: [8] Undefined variable: sckey /www/web/default/public_html/minijunxishanhgnz/App/Api/Conf/config.php 第 33 行.
NOTIC: [8] Undefined variable: sckey /www/web/default/public_html/minijunxishanhgnz/App/Api/Conf/config.php 第 33 行.
NOTIC: [8] Undefined variable: sckey /www/web/default/public_html/minijunxishanhgnz/App/Api/Conf/config.php 第 33 行.
NOTIC: [8] Use of undefined constant LOAD_EXT_CONFIG - assumed 'LOAD_EXT_CONFIG' /www/web/default/public_html/minijunxishanhgnz/App/Api/Conf/config.php 第 40 行.

[ 2017-08-05T08:18:13+08:00 ] 219.136.174.221 /minijunxishanhgnz/index.php/Api/Login/authlogin
NOTIC: [8] Use of undefined constant SHOW_PAGE_TRACE - assumed 'SHOW_PAGE_TRACE' /www/web/default/public_html/minijunxishanhgnz/App/Common/Conf/debug.php 第 4 行.
INFO: [ app_init ] --START--
INFO: Run Behavior\BuildLiteBehavior [ RunTime:0.000012s ]
INFO: [ app_init ] --END-- [ RunTime:0.000060s ]
NOTIC: [8] Undefined variable: sckey /www/web/default/public_html/minijunxishanhgnz/App/Api/Conf/config.php 第 33 行.
NOTIC: [8] Undefined variable: sckey /www/web/default/public_html/minijunxishanhgnz/App/Api/Conf/config.php 第 33 行.
NOTIC: [8] Undefined variable: sckey /www/web/default/public_html/minijunxishanhgnz/App/Api/Conf/config.php 第 33 行.
NOTIC: [8] Use of undefined constant LOAD_EXT_CONFIG - assumed 'LOAD_EXT_CONFIG' /www/web/default/public_html/minijunxishanhgnz/App/Api/Conf/config.php 第 40 行.

[ 2017-08-05T08:36:48+08:00 ] 42.199.57.22 /minijunxishanhgnz/index.php/Api/Index/index
NOTIC: [8] Use of undefined constant SHOW_PAGE_TRACE - assumed 'SHOW_PAGE_TRACE' /www/web/default/public_html/minijunxishanhgnz/App/Common/Conf/debug.php 第 4 行.
INFO: [ app_init ] --START--
INFO: Run Behavior\BuildLiteBehavior [ RunTime:0.000016s ]
INFO: [ app_init ] --END-- [ RunTime:0.000070s ]
NOTIC: [8] Undefined variable: sckey /www/web/default/public_html/minijunxishanhgnz/App/Api/Conf/config.php 第 33 行.
NOTIC: [8] Undefined variable: sckey /www/web/default/public_html/minijunxishanhgnz/App/Api/Conf/config.php 第 33 行.
NOTIC: [8] Undefined variable: sckey /www/web/default/public_html/minijunxishanhgnz/App/Api/Conf/config.php 第 33 行.
NOTIC: [8] Use of undefined constant LOAD_EXT_CONFIG - assumed 'LOAD_EXT_CONFIG' /www/web/default/public_html/minijunxishanhgnz/App/Api/Conf/config.php 第 40 行.

[ 2017-08-05T08:37:01+08:00 ] 42.199.57.22 /minijunxishanhgnz/index.php/Api/Product/lists
NOTIC: [8] Use of undefined constant SHOW_PAGE_TRACE - assumed 'SHOW_PAGE_TRACE' /www/web/default/public_html/minijunxishanhgnz/App/Common/Conf/debug.php 第 4 行.
INFO: [ app_init ] --START--
INFO: Run Behavior\BuildLiteBehavior [ RunTime:0.000012s ]
INFO: [ app_init ] --END-- [ RunTime:0.000059s ]
NOTIC: [8] Undefined variable: sckey /www/web/default/public_html/minijunxishanhgnz/App/Api/Conf/config.php 第 33 行.
NOTIC: [8] Undefined variable: sckey /www/web/default/public_html/minijunxishanhgnz/App/Api/Conf/config.php 第 33 行.
NOTIC: [8] Undefined variable: sckey /www/web/default/public_html/minijunxishanhgnz/App/Api/Conf/config.php 第 33 行.
NOTIC: [8] Use of undefined constant LOAD_EXT_CONFIG - assumed 'LOAD_EXT_CONFIG' /www/web/default/public_html/minijunxishanhgnz/App/Api/Conf/config.php 第 40 行.

[ 2017-08-05T08:37:13+08:00 ] 42.199.57.22 /minijunxishanhgnz/index.php/Api/Product/get_more
NOTIC: [8] Use of undefined constant SHOW_PAGE_TRACE - assumed 'SHOW_PAGE_TRACE' /www/web/default/public_html/minijunxishanhgnz/App/Common/Conf/debug.php 第 4 行.
INFO: [ app_init ] --START--
INFO: Run Behavior\BuildLiteBehavior [ RunTime:0.000014s ]
INFO: [ app_init ] --END-- [ RunTime:0.000062s ]
NOTIC: [8] Undefined variable: sckey /www/web/default/public_html/minijunxishanhgnz/App/Api/Conf/config.php 第 33 行.
NOTIC: [8] Undefined variable: sckey /www/web/default/public_html/minijunxishanhgnz/App/Api/Conf/config.php 第 33 行.
NOTIC: [8] Undefined variable: sckey /www/web/default/public_html/minijunxishanhgnz/App/Api/Conf/config.php 第 33 行.
NOTIC: [8] Use of undefined constant LOAD_EXT_CONFIG - assumed 'LOAD_EXT_CONFIG' /www/web/default/public_html/minijunxishanhgnz/App/Api/Conf/config.php 第 40 行.

[ 2017-08-05T08:37:24+08:00 ] 42.199.57.22 /minijunxishanhgnz/index.php/Api/Product/get_more
NOTIC: [8] Use of undefined constant SHOW_PAGE_TRACE - assumed 'SHOW_PAGE_TRACE' /www/web/default/public_html/minijunxishanhgnz/App/Common/Conf/debug.php 第 4 行.
INFO: [ app_init ] --START--
INFO: Run Behavior\BuildLiteBehavior [ RunTime:0.000019s ]
INFO: [ app_init ] --END-- [ RunTime:0.000075s ]
NOTIC: [8] Undefined variable: sckey /www/web/default/public_html/minijunxishanhgnz/App/Api/Conf/config.php 第 33 行.
NOTIC: [8] Undefined variable: sckey /www/web/default/public_html/minijunxishanhgnz/App/Api/Conf/config.php 第 33 行.
NOTIC: [8] Undefined variable: sckey /www/web/default/public_html/minijunxishanhgnz/App/Api/Conf/config.php 第 33 行.
NOTIC: [8] Use of undefined constant LOAD_EXT_CONFIG - assumed 'LOAD_EXT_CONFIG' /www/web/default/public_html/minijunxishanhgnz/App/Api/Conf/config.php 第 40 行.

[ 2017-08-05T08:37:26+08:00 ] 42.199.57.22 /minijunxishanhgnz/index.php/Api/Product/get_more
NOTIC: [8] Use of undefined constant SHOW_PAGE_TRACE - assumed 'SHOW_PAGE_TRACE' /www/web/default/public_html/minijunxishanhgnz/App/Common/Conf/debug.php 第 4 行.
INFO: [ app_init ] --START--
INFO: Run Behavior\BuildLiteBehavior [ RunTime:0.000012s ]
INFO: [ app_init ] --END-- [ RunTime:0.000063s ]
NOTIC: [8] Undefined variable: sckey /www/web/default/public_html/minijunxishanhgnz/App/Api/Conf/config.php 第 33 行.
NOTIC: [8] Undefined variable: sckey /www/web/default/public_html/minijunxishanhgnz/App/Api/Conf/config.php 第 33 行.
NOTIC: [8] Undefined variable: sckey /www/web/default/public_html/minijunxishanhgnz/App/Api/Conf/config.php 第 33 行.
NOTIC: [8] Use of undefined constant LOAD_EXT_CONFIG - assumed 'LOAD_EXT_CONFIG' /www/web/default/public_html/minijunxishanhgnz/App/Api/Conf/config.php 第 40 行.

[ 2017-08-05T08:37:33+08:00 ] 42.199.57.22 /minijunxishanhgnz/index.php/Api/Product/get_more
NOTIC: [8] Use of undefined constant SHOW_PAGE_TRACE - assumed 'SHOW_PAGE_TRACE' /www/web/default/public_html/minijunxishanhgnz/App/Common/Conf/debug.php 第 4 行.
INFO: [ app_init ] --START--
INFO: Run Behavior\BuildLiteBehavior [ RunTime:0.000014s ]
INFO: [ app_init ] --END-- [ RunTime:0.000120s ]
NOTIC: [8] Undefined variable: sckey /www/web/default/public_html/minijunxishanhgnz/App/Api/Conf/config.php 第 33 行.
NOTIC: [8] Undefined variable: sckey /www/web/default/public_html/minijunxishanhgnz/App/Api/Conf/config.php 第 33 行.
NOTIC: [8] Undefined variable: sckey /www/web/default/public_html/minijunxishanhgnz/App/Api/Conf/config.php 第 33 行.
NOTIC: [8] Use of undefined constant LOAD_EXT_CONFIG - assumed 'LOAD_EXT_CONFIG' /www/web/default/public_html/minijunxishanhgnz/App/Api/Conf/config.php 第 40 行.

[ 2017-08-05T08:37:52+08:00 ] 42.199.57.22 /minijunxishanhgnz/index.php/Api/Product/index
NOTIC: [8] Use of undefined constant SHOW_PAGE_TRACE - assumed 'SHOW_PAGE_TRACE' /www/web/default/public_html/minijunxishanhgnz/App/Common/Conf/debug.php 第 4 行.
INFO: [ app_init ] --START--
INFO: Run Behavior\BuildLiteBehavior [ RunTime:0.000012s ]
INFO: [ app_init ] --END-- [ RunTime:0.000058s ]
NOTIC: [8] Undefined variable: sckey /www/web/default/public_html/minijunxishanhgnz/App/Api/Conf/config.php 第 33 行.
NOTIC: [8] Undefined variable: sckey /www/web/default/public_html/minijunxishanhgnz/App/Api/Conf/config.php 第 33 行.
NOTIC: [8] Undefined variable: sckey /www/web/default/public_html/minijunxishanhgnz/App/Api/Conf/config.php 第 33 行.
NOTIC: [8] Use of undefined constant LOAD_EXT_CONFIG - assumed 'LOAD_EXT_CONFIG' /www/web/default/public_html/minijunxishanhgnz/App/Api/Conf/config.php 第 40 行.

[ 2017-08-05T08:38:07+08:00 ] 42.199.57.22 /minijunxishanhgnz/index.php/Api/Category/index
NOTIC: [8] Use of undefined constant SHOW_PAGE_TRACE - assumed 'SHOW_PAGE_TRACE' /www/web/default/public_html/minijunxishanhgnz/App/Common/Conf/debug.php 第 4 行.
INFO: [ app_init ] --START--
INFO: Run Behavior\BuildLiteBehavior [ RunTime:0.000013s ]
INFO: [ app_init ] --END-- [ RunTime:0.000062s ]
NOTIC: [8] Undefined variable: sckey /www/web/default/public_html/minijunxishanhgnz/App/Api/Conf/config.php 第 33 行.
NOTIC: [8] Undefined variable: sckey /www/web/default/public_html/minijunxishanhgnz/App/Api/Conf/config.php 第 33 行.
NOTIC: [8] Undefined variable: sckey /www/web/default/public_html/minijunxishanhgnz/App/Api/Conf/config.php 第 33 行.
NOTIC: [8] Use of undefined constant LOAD_EXT_CONFIG - assumed 'LOAD_EXT_CONFIG' /www/web/default/public_html/minijunxishanhgnz/App/Api/Conf/config.php 第 40 行.

[ 2017-08-05T08:38:12+08:00 ] 42.199.57.22 /minijunxishanhgnz/index.php/Api/Product/lists
NOTIC: [8] Use of undefined constant SHOW_PAGE_TRACE - assumed 'SHOW_PAGE_TRACE' /www/web/default/public_html/minijunxishanhgnz/App/Common/Conf/debug.php 第 4 行.
INFO: [ app_init ] --START--
INFO: Run Behavior\BuildLiteBehavior [ RunTime:0.000013s ]
INFO: [ app_init ] --END-- [ RunTime:0.000065s ]
NOTIC: [8] Undefined variable: sckey /www/web/default/public_html/minijunxishanhgnz/App/Api/Conf/config.php 第 33 行.
NOTIC: [8] Undefined variable: sckey /www/web/default/public_html/minijunxishanhgnz/App/Api/Conf/config.php 第 33 行.
NOTIC: [8] Undefined variable: sckey /www/web/default/public_html/minijunxishanhgnz/App/Api/Conf/config.php 第 33 行.
NOTIC: [8] Use of undefined constant LOAD_EXT_CONFIG - assumed 'LOAD_EXT_CONFIG' /www/web/default/public_html/minijunxishanhgnz/App/Api/Conf/config.php 第 40 行.

[ 2017-08-05T08:38:26+08:00 ] 42.199.57.22 /minijunxishanhgnz/index.php/Api/Category/index
NOTIC: [8] Use of undefined constant SHOW_PAGE_TRACE - assumed 'SHOW_PAGE_TRACE' /www/web/default/public_html/minijunxishanhgnz/App/Common/Conf/debug.php 第 4 行.
INFO: [ app_init ] --START--
INFO: Run Behavior\BuildLiteBehavior [ RunTime:0.000015s ]
INFO: [ app_init ] --END-- [ RunTime:0.000065s ]
NOTIC: [8] Undefined variable: sckey /www/web/default/public_html/minijunxishanhgnz/App/Api/Conf/config.php 第 33 行.
NOTIC: [8] Undefined variable: sckey /www/web/default/public_html/minijunxishanhgnz/App/Api/Conf/config.php 第 33 行.
NOTIC: [8] Undefined variable: sckey /www/web/default/public_html/minijunxishanhgnz/App/Api/Conf/config.php 第 33 行.
NOTIC: [8] Use of undefined constant LOAD_EXT_CONFIG - assumed 'LOAD_EXT_CONFIG' /www/web/default/public_html/minijunxishanhgnz/App/Api/Conf/config.php 第 40 行.

[ 2017-08-05T08:38:33+08:00 ] 42.199.57.22 /minijunxishanhgnz/index.php/Api/Product/lists
NOTIC: [8] Use of undefined constant SHOW_PAGE_TRACE - assumed 'SHOW_PAGE_TRACE' /www/web/default/public_html/minijunxishanhgnz/App/Common/Conf/debug.php 第 4 行.
INFO: [ app_init ] --START--
INFO: Run Behavior\BuildLiteBehavior [ RunTime:0.000013s ]
INFO: [ app_init ] --END-- [ RunTime:0.000063s ]
NOTIC: [8] Undefined variable: sckey /www/web/default/public_html/minijunxishanhgnz/App/Api/Conf/config.php 第 33 行.
NOTIC: [8] Undefined variable: sckey /www/web/default/public_html/minijunxishanhgnz/App/Api/Conf/config.php 第 33 行.
NOTIC: [8] Undefined variable: sckey /www/web/default/public_html/minijunxishanhgnz/App/Api/Conf/config.php 第 33 行.
NOTIC: [8] Use of undefined constant LOAD_EXT_CONFIG - assumed 'LOAD_EXT_CONFIG' /www/web/default/public_html/minijunxishanhgnz/App/Api/Conf/config.php 第 40 行.

[ 2017-08-05T08:38:35+08:00 ] 42.199.57.22 /minijunxishanhgnz/index.php/Api/Product/get_more
NOTIC: [8] Use of undefined constant SHOW_PAGE_TRACE - assumed 'SHOW_PAGE_TRACE' /www/web/default/public_html/minijunxishanhgnz/App/Common/Conf/debug.php 第 4 行.
INFO: [ app_init ] --START--
INFO: Run Behavior\BuildLiteBehavior [ RunTime:0.000015s ]
INFO: [ app_init ] --END-- [ RunTime:0.000068s ]
NOTIC: [8] Undefined variable: sckey /www/web/default/public_html/minijunxishanhgnz/App/Api/Conf/config.php 第 33 行.
NOTIC: [8] Undefined variable: sckey /www/web/default/public_html/minijunxishanhgnz/App/Api/Conf/config.php 第 33 行.
NOTIC: [8] Undefined variable: sckey /www/web/default/public_html/minijunxishanhgnz/App/Api/Conf/config.php 第 33 行.
NOTIC: [8] Use of undefined constant LOAD_EXT_CONFIG - assumed 'LOAD_EXT_CONFIG' /www/web/default/public_html/minijunxishanhgnz/App/Api/Conf/config.php 第 40 行.

[ 2017-08-05T08:38:37+08:00 ] 42.199.57.22 /minijunxishanhgnz/index.php/Api/Product/get_more
NOTIC: [8] Use of undefined constant SHOW_PAGE_TRACE - assumed 'SHOW_PAGE_TRACE' /www/web/default/public_html/minijunxishanhgnz/App/Common/Conf/debug.php 第 4 行.
INFO: [ app_init ] --START--
INFO: Run Behavior\BuildLiteBehavior [ RunTime:0.000014s ]
INFO: [ app_init ] --END-- [ RunTime:0.000067s ]
NOTIC: [8] Undefined variable: sckey /www/web/default/public_html/minijunxishanhgnz/App/Api/Conf/config.php 第 33 行.
NOTIC: [8] Undefined variable: sckey /www/web/default/public_html/minijunxishanhgnz/App/Api/Conf/config.php 第 33 行.
NOTIC: [8] Undefined variable: sckey /www/web/default/public_html/minijunxishanhgnz/App/Api/Conf/config.php 第 33 行.
NOTIC: [8] Use of undefined constant LOAD_EXT_CONFIG - assumed 'LOAD_EXT_CONFIG' /www/web/default/public_html/minijunxishanhgnz/App/Api/Conf/config.php 第 40 行.

[ 2017-08-05T09:11:14+08:00 ] 117.136.79.23 /minijunxishanhgnz/index.php/Api/Index/index
NOTIC: [8] Use of undefined constant SHOW_PAGE_TRACE - assumed 'SHOW_PAGE_TRACE' /www/web/default/public_html/minijunxishanhgnz/App/Common/Conf/debug.php 第 4 行.
INFO: [ app_init ] --START--
INFO: Run Behavior\BuildLiteBehavior [ RunTime:0.000018s ]
INFO: [ app_init ] --END-- [ RunTime:0.000075s ]
NOTIC: [8] Undefined variable: sckey /www/web/default/public_html/minijunxishanhgnz/App/Api/Conf/config.php 第 33 行.
NOTIC: [8] Undefined variable: sckey /www/web/default/public_html/minijunxishanhgnz/App/Api/Conf/config.php 第 33 行.
NOTIC: [8] Undefined variable: sckey /www/web/default/public_html/minijunxishanhgnz/App/Api/Conf/config.php 第 33 行.
NOTIC: [8] Use of undefined constant LOAD_EXT_CONFIG - assumed 'LOAD_EXT_CONFIG' /www/web/default/public_html/minijunxishanhgnz/App/Api/Conf/config.php 第 40 行.

[ 2017-08-05T09:11:29+08:00 ] 117.136.79.23 /minijunxishanhgnz/index.php/Api/Category/index
NOTIC: [8] Use of undefined constant SHOW_PAGE_TRACE - assumed 'SHOW_PAGE_TRACE' /www/web/default/public_html/minijunxishanhgnz/App/Common/Conf/debug.php 第 4 行.
INFO: [ app_init ] --START--
INFO: Run Behavior\BuildLiteBehavior [ RunTime:0.000016s ]
INFO: [ app_init ] --END-- [ RunTime:0.000066s ]
NOTIC: [8] Undefined variable: sckey /www/web/default/public_html/minijunxishanhgnz/App/Api/Conf/config.php 第 33 行.
NOTIC: [8] Undefined variable: sckey /www/web/default/public_html/minijunxishanhgnz/App/Api/Conf/config.php 第 33 行.
NOTIC: [8] Undefined variable: sckey /www/web/default/public_html/minijunxishanhgnz/App/Api/Conf/config.php 第 33 行.
NOTIC: [8] Use of undefined constant LOAD_EXT_CONFIG - assumed 'LOAD_EXT_CONFIG' /www/web/default/public_html/minijunxishanhgnz/App/Api/Conf/config.php 第 40 行.

[ 2017-08-05T09:11:32+08:00 ] 117.136.79.23 /minijunxishanhgnz/index.php/Api/Product/lists
NOTIC: [8] Use of undefined constant SHOW_PAGE_TRACE - assumed 'SHOW_PAGE_TRACE' /www/web/default/public_html/minijunxishanhgnz/App/Common/Conf/debug.php 第 4 行.
INFO: [ app_init ] --START--
INFO: Run Behavior\BuildLiteBehavior [ RunTime:0.000015s ]
INFO: [ app_init ] --END-- [ RunTime:0.000066s ]
NOTIC: [8] Undefined variable: sckey /www/web/default/public_html/minijunxishanhgnz/App/Api/Conf/config.php 第 33 行.
NOTIC: [8] Undefined variable: sckey /www/web/default/public_html/minijunxishanhgnz/App/Api/Conf/config.php 第 33 行.
NOTIC: [8] Undefined variable: sckey /www/web/default/public_html/minijunxishanhgnz/App/Api/Conf/config.php 第 33 行.
NOTIC: [8] Use of undefined constant LOAD_EXT_CONFIG - assumed 'LOAD_EXT_CONFIG' /www/web/default/public_html/minijunxishanhgnz/App/Api/Conf/config.php 第 40 行.

[ 2017-08-05T11:32:58+08:00 ] 117.136.32.59 /minijunxishanhgnz/index.php/Api/Index/index
NOTIC: [8] Use of undefined constant SHOW_PAGE_TRACE - assumed 'SHOW_PAGE_TRACE' /www/web/default/public_html/minijunxishanhgnz/App/Common/Conf/debug.php 第 4 行.
INFO: [ app_init ] --START--
INFO: Run Behavior\BuildLiteBehavior [ RunTime:0.000013s ]
INFO: [ app_init ] --END-- [ RunTime:0.000084s ]
NOTIC: [8] Undefined variable: sckey /www/web/default/public_html/minijunxishanhgnz/App/Api/Conf/config.php 第 33 行.
NOTIC: [8] Undefined variable: sckey /www/web/default/public_html/minijunxishanhgnz/App/Api/Conf/config.php 第 33 行.
NOTIC: [8] Undefined variable: sckey /www/web/default/public_html/minijunxishanhgnz/App/Api/Conf/config.php 第 33 行.
NOTIC: [8] Use of undefined constant LOAD_EXT_CONFIG - assumed 'LOAD_EXT_CONFIG' /www/web/default/public_html/minijunxishanhgnz/App/Api/Conf/config.php 第 40 行.

[ 2017-08-05T11:33:04+08:00 ] 117.136.32.59 /minijunxishanhgnz/index.php/Api/Login/getsessionkey
NOTIC: [8] Use of undefined constant SHOW_PAGE_TRACE - assumed 'SHOW_PAGE_TRACE' /www/web/default/public_html/minijunxishanhgnz/App/Common/Conf/debug.php 第 4 行.
INFO: [ app_init ] --START--
INFO: Run Behavior\BuildLiteBehavior [ RunTime:0.000013s ]
INFO: [ app_init ] --END-- [ RunTime:0.000063s ]
NOTIC: [8] Undefined variable: sckey /www/web/default/public_html/minijunxishanhgnz/App/Api/Conf/config.php 第 33 行.
NOTIC: [8] Undefined variable: sckey /www/web/default/public_html/minijunxishanhgnz/App/Api/Conf/config.php 第 33 行.
NOTIC: [8] Undefined variable: sckey /www/web/default/public_html/minijunxishanhgnz/App/Api/Conf/config.php 第 33 行.
NOTIC: [8] Use of undefined constant LOAD_EXT_CONFIG - assumed 'LOAD_EXT_CONFIG' /www/web/default/public_html/minijunxishanhgnz/App/Api/Conf/config.php 第 40 行.

[ 2017-08-05T11:33:04+08:00 ] 117.136.32.59 /minijunxishanhgnz/index.php/Api/Login/authlogin
NOTIC: [8] Use of undefined constant SHOW_PAGE_TRACE - assumed 'SHOW_PAGE_TRACE' /www/web/default/public_html/minijunxishanhgnz/App/Common/Conf/debug.php 第 4 行.
INFO: [ app_init ] --START--
INFO: Run Behavior\BuildLiteBehavior [ RunTime:0.000012s ]
INFO: [ app_init ] --END-- [ RunTime:0.000060s ]
NOTIC: [8] Undefined variable: sckey /www/web/default/public_html/minijunxishanhgnz/App/Api/Conf/config.php 第 33 行.
NOTIC: [8] Undefined variable: sckey /www/web/default/public_html/minijunxishanhgnz/App/Api/Conf/config.php 第 33 行.
NOTIC: [8] Undefined variable: sckey /www/web/default/public_html/minijunxishanhgnz/App/Api/Conf/config.php 第 33 行.
NOTIC: [8] Use of undefined constant LOAD_EXT_CONFIG - assumed 'LOAD_EXT_CONFIG' /www/web/default/public_html/minijunxishanhgnz/App/Api/Conf/config.php 第 40 行.

[ 2017-08-05T11:33:18+08:00 ] 117.136.32.59 /minijunxishanhgnz/index.php/Api/Product/lists
NOTIC: [8] Use of undefined constant SHOW_PAGE_TRACE - assumed 'SHOW_PAGE_TRACE' /www/web/default/public_html/minijunxishanhgnz/App/Common/Conf/debug.php 第 4 行.
INFO: [ app_init ] --START--
INFO: Run Behavior\BuildLiteBehavior [ RunTime:0.000012s ]
INFO: [ app_init ] --END-- [ RunTime:0.000060s ]
NOTIC: [8] Undefined variable: sckey /www/web/default/public_html/minijunxishanhgnz/App/Api/Conf/config.php 第 33 行.
NOTIC: [8] Undefined variable: sckey /www/web/default/public_html/minijunxishanhgnz/App/Api/Conf/config.php 第 33 行.
NOTIC: [8] Undefined variable: sckey /www/web/default/public_html/minijunxishanhgnz/App/Api/Conf/config.php 第 33 行.
NOTIC: [8] Use of undefined constant LOAD_EXT_CONFIG - assumed 'LOAD_EXT_CONFIG' /www/web/default/public_html/minijunxishanhgnz/App/Api/Conf/config.php 第 40 行.

[ 2017-08-05T11:33:22+08:00 ] 117.136.32.59 /minijunxishanhgnz/index.php/Api/Product/get_more
NOTIC: [8] Use of undefined constant SHOW_PAGE_TRACE - assumed 'SHOW_PAGE_TRACE' /www/web/default/public_html/minijunxishanhgnz/App/Common/Conf/debug.php 第 4 行.
INFO: [ app_init ] --START--
INFO: Run Behavior\BuildLiteBehavior [ RunTime:0.000014s ]
INFO: [ app_init ] --END-- [ RunTime:0.000066s ]
NOTIC: [8] Undefined variable: sckey /www/web/default/public_html/minijunxishanhgnz/App/Api/Conf/config.php 第 33 行.
NOTIC: [8] Undefined variable: sckey /www/web/default/public_html/minijunxishanhgnz/App/Api/Conf/config.php 第 33 行.
NOTIC: [8] Undefined variable: sckey /www/web/default/public_html/minijunxishanhgnz/App/Api/Conf/config.php 第 33 行.
NOTIC: [8] Use of undefined constant LOAD_EXT_CONFIG - assumed 'LOAD_EXT_CONFIG' /www/web/default/public_html/minijunxishanhgnz/App/Api/Conf/config.php 第 40 行.

[ 2017-08-05T11:33:29+08:00 ] 117.136.32.59 /minijunxishanhgnz/index.php/Api/Product/lists
NOTIC: [8] Use of undefined constant SHOW_PAGE_TRACE - assumed 'SHOW_PAGE_TRACE' /www/web/default/public_html/minijunxishanhgnz/App/Common/Conf/debug.php 第 4 行.
INFO: [ app_init ] --START--
INFO: Run Behavior\BuildLiteBehavior [ RunTime:0.000012s ]
INFO: [ app_init ] --END-- [ RunTime:0.000059s ]
NOTIC: [8] Undefined variable: sckey /www/web/default/public_html/minijunxishanhgnz/App/Api/Conf/config.php 第 33 行.
NOTIC: [8] Undefined variable: sckey /www/web/default/public_html/minijunxishanhgnz/App/Api/Conf/config.php 第 33 行.
NOTIC: [8] Undefined variable: sckey /www/web/default/public_html/minijunxishanhgnz/App/Api/Conf/config.php 第 33 行.
NOTIC: [8] Use of undefined constant LOAD_EXT_CONFIG - assumed 'LOAD_EXT_CONFIG' /www/web/default/public_html/minijunxishanhgnz/App/Api/Conf/config.php 第 40 行.

[ 2017-08-05T11:40:05+08:00 ] 119.129.167.177 /minijunxishanhgnz/index.php/Api/Index/index
NOTIC: [8] Use of undefined constant SHOW_PAGE_TRACE - assumed 'SHOW_PAGE_TRACE' /www/web/default/public_html/minijunxishanhgnz/App/Common/Conf/debug.php 第 4 行.
INFO: [ app_init ] --START--
INFO: Run Behavior\BuildLiteBehavior [ RunTime:0.000013s ]
INFO: [ app_init ] --END-- [ RunTime:0.000059s ]
NOTIC: [8] Undefined variable: sckey /www/web/default/public_html/minijunxishanhgnz/App/Api/Conf/config.php 第 33 行.
NOTIC: [8] Undefined variable: sckey /www/web/default/public_html/minijunxishanhgnz/App/Api/Conf/config.php 第 33 行.
NOTIC: [8] Undefined variable: sckey /www/web/default/public_html/minijunxishanhgnz/App/Api/Conf/config.php 第 33 行.
NOTIC: [8] Use of undefined constant LOAD_EXT_CONFIG - assumed 'LOAD_EXT_CONFIG' /www/web/default/public_html/minijunxishanhgnz/App/Api/Conf/config.php 第 40 行.

[ 2017-08-05T12:53:25+08:00 ] 58.62.195.247 /minijunxishanhgnz/index.php/Api/Index/index
NOTIC: [8] Use of undefined constant SHOW_PAGE_TRACE - assumed 'SHOW_PAGE_TRACE' /www/web/default/public_html/minijunxishanhgnz/App/Common/Conf/debug.php 第 4 行.
INFO: [ app_init ] --START--
INFO: Run Behavior\BuildLiteBehavior [ RunTime:0.000012s ]
INFO: [ app_init ] --END-- [ RunTime:0.000060s ]
NOTIC: [8] Undefined variable: sckey /www/web/default/public_html/minijunxishanhgnz/App/Api/Conf/config.php 第 33 行.
NOTIC: [8] Undefined variable: sckey /www/web/default/public_html/minijunxishanhgnz/App/Api/Conf/config.php 第 33 行.
NOTIC: [8] Undefined variable: sckey /www/web/default/public_html/minijunxishanhgnz/App/Api/Conf/config.php 第 33 行.
NOTIC: [8] Use of undefined constant LOAD_EXT_CONFIG - assumed 'LOAD_EXT_CONFIG' /www/web/default/public_html/minijunxishanhgnz/App/Api/Conf/config.php 第 40 行.

[ 2017-08-05T12:56:27+08:00 ] 121.8.147.130 /minijunxishanhgnz/index.php/Api/Index/index
NOTIC: [8] Use of undefined constant SHOW_PAGE_TRACE - assumed 'SHOW_PAGE_TRACE' /www/web/default/public_html/minijunxishanhgnz/App/Common/Conf/debug.php 第 4 行.
INFO: [ app_init ] --START--
INFO: Run Behavior\BuildLiteBehavior [ RunTime:0.000021s ]
INFO: [ app_init ] --END-- [ RunTime:0.000080s ]
NOTIC: [8] Undefined variable: sckey /www/web/default/public_html/minijunxishanhgnz/App/Api/Conf/config.php 第 33 行.
NOTIC: [8] Undefined variable: sckey /www/web/default/public_html/minijunxishanhgnz/App/Api/Conf/config.php 第 33 行.
NOTIC: [8] Undefined variable: sckey /www/web/default/public_html/minijunxishanhgnz/App/Api/Conf/config.php 第 33 行.
NOTIC: [8] Use of undefined constant LOAD_EXT_CONFIG - assumed 'LOAD_EXT_CONFIG' /www/web/default/public_html/minijunxishanhgnz/App/Api/Conf/config.php 第 40 行.

[ 2017-08-05T12:56:28+08:00 ] 121.8.147.130 /minijunxishanhgnz/index.php/Api/Login/getsessionkey
NOTIC: [8] Use of undefined constant SHOW_PAGE_TRACE - assumed 'SHOW_PAGE_TRACE' /www/web/default/public_html/minijunxishanhgnz/App/Common/Conf/debug.php 第 4 行.
INFO: [ app_init ] --START--
INFO: Run Behavior\BuildLiteBehavior [ RunTime:0.000012s ]
INFO: [ app_init ] --END-- [ RunTime:0.000080s ]
NOTIC: [8] Undefined variable: sckey /www/web/default/public_html/minijunxishanhgnz/App/Api/Conf/config.php 第 33 行.
NOTIC: [8] Undefined variable: sckey /www/web/default/public_html/minijunxishanhgnz/App/Api/Conf/config.php 第 33 行.
NOTIC: [8] Undefined variable: sckey /www/web/default/public_html/minijunxishanhgnz/App/Api/Conf/config.php 第 33 行.
NOTIC: [8] Use of undefined constant LOAD_EXT_CONFIG - assumed 'LOAD_EXT_CONFIG' /www/web/default/public_html/minijunxishanhgnz/App/Api/Conf/config.php 第 40 行.

[ 2017-08-05T12:56:28+08:00 ] 121.8.147.130 /minijunxishanhgnz/index.php/Api/Login/authlogin
NOTIC: [8] Use of undefined constant SHOW_PAGE_TRACE - assumed 'SHOW_PAGE_TRACE' /www/web/default/public_html/minijunxishanhgnz/App/Common/Conf/debug.php 第 4 行.
INFO: [ app_init ] --START--
INFO: Run Behavior\BuildLiteBehavior [ RunTime:0.000014s ]
INFO: [ app_init ] --END-- [ RunTime:0.000065s ]
NOTIC: [8] Undefined variable: sckey /www/web/default/public_html/minijunxishanhgnz/App/Api/Conf/config.php 第 33 行.
NOTIC: [8] Undefined variable: sckey /www/web/default/public_html/minijunxishanhgnz/App/Api/Conf/config.php 第 33 行.
NOTIC: [8] Undefined variable: sckey /www/web/default/public_html/minijunxishanhgnz/App/Api/Conf/config.php 第 33 行.
NOTIC: [8] Use of undefined constant LOAD_EXT_CONFIG - assumed 'LOAD_EXT_CONFIG' /www/web/default/public_html/minijunxishanhgnz/App/Api/Conf/config.php 第 40 行.

[ 2017-08-05T13:13:34+08:00 ] 42.199.58.9 /minijunxishanhgnz/index.php/Api/Index/index
NOTIC: [8] Use of undefined constant SHOW_PAGE_TRACE - assumed 'SHOW_PAGE_TRACE' /www/web/default/public_html/minijunxishanhgnz/App/Common/Conf/debug.php 第 4 行.
INFO: [ app_init ] --START--
INFO: Run Behavior\BuildLiteBehavior [ RunTime:0.000018s ]
INFO: [ app_init ] --END-- [ RunTime:0.000072s ]
NOTIC: [8] Undefined variable: sckey /www/web/default/public_html/minijunxishanhgnz/App/Api/Conf/config.php 第 33 行.
NOTIC: [8] Undefined variable: sckey /www/web/default/public_html/minijunxishanhgnz/App/Api/Conf/config.php 第 33 行.
NOTIC: [8] Undefined variable: sckey /www/web/default/public_html/minijunxishanhgnz/App/Api/Conf/config.php 第 33 行.
NOTIC: [8] Use of undefined constant LOAD_EXT_CONFIG - assumed 'LOAD_EXT_CONFIG' /www/web/default/public_html/minijunxishanhgnz/App/Api/Conf/config.php 第 40 行.

[ 2017-08-05T13:15:46+08:00 ] 223.104.1.96 /minijunxishanhgnz/index.php/Api/Index/index
NOTIC: [8] Use of undefined constant SHOW_PAGE_TRACE - assumed 'SHOW_PAGE_TRACE' /www/web/default/public_html/minijunxishanhgnz/App/Common/Conf/debug.php 第 4 行.
INFO: [ app_init ] --START--
INFO: Run Behavior\BuildLiteBehavior [ RunTime:0.000012s ]
INFO: [ app_init ] --END-- [ RunTime:0.000064s ]
NOTIC: [8] Undefined variable: sckey /www/web/default/public_html/minijunxishanhgnz/App/Api/Conf/config.php 第 33 行.
NOTIC: [8] Undefined variable: sckey /www/web/default/public_html/minijunxishanhgnz/App/Api/Conf/config.php 第 33 行.
NOTIC: [8] Undefined variable: sckey /www/web/default/public_html/minijunxishanhgnz/App/Api/Conf/config.php 第 33 行.
NOTIC: [8] Use of undefined constant LOAD_EXT_CONFIG - assumed 'LOAD_EXT_CONFIG' /www/web/default/public_html/minijunxishanhgnz/App/Api/Conf/config.php 第 40 行.

[ 2017-08-05T14:00:20+08:00 ] 117.136.31.216 /minijunxishanhgnz/index.php/Api/Index/index
NOTIC: [8] Use of undefined constant SHOW_PAGE_TRACE - assumed 'SHOW_PAGE_TRACE' /www/web/default/public_html/minijunxishanhgnz/App/Common/Conf/debug.php 第 4 行.
INFO: [ app_init ] --START--
INFO: Run Behavior\BuildLiteBehavior [ RunTime:0.000012s ]
INFO: [ app_init ] --END-- [ RunTime:0.000060s ]
NOTIC: [8] Undefined variable: sckey /www/web/default/public_html/minijunxishanhgnz/App/Api/Conf/config.php 第 33 行.
NOTIC: [8] Undefined variable: sckey /www/web/default/public_html/minijunxishanhgnz/App/Api/Conf/config.php 第 33 行.
NOTIC: [8] Undefined variable: sckey /www/web/default/public_html/minijunxishanhgnz/App/Api/Conf/config.php 第 33 行.
NOTIC: [8] Use of undefined constant LOAD_EXT_CONFIG - assumed 'LOAD_EXT_CONFIG' /www/web/default/public_html/minijunxishanhgnz/App/Api/Conf/config.php 第 40 行.

[ 2017-08-05T15:41:22+08:00 ] 121.33.131.226 /minijunxishanhgnz/index.php/Api/Index/index
NOTIC: [8] Use of undefined constant SHOW_PAGE_TRACE - assumed 'SHOW_PAGE_TRACE' /www/web/default/public_html/minijunxishanhgnz/App/Common/Conf/debug.php 第 4 行.
INFO: [ app_init ] --START--
INFO: Run Behavior\BuildLiteBehavior [ RunTime:0.000015s ]
INFO: [ app_init ] --END-- [ RunTime:0.000150s ]
NOTIC: [8] Undefined variable: sckey /www/web/default/public_html/minijunxishanhgnz/App/Api/Conf/config.php 第 33 行.
NOTIC: [8] Undefined variable: sckey /www/web/default/public_html/minijunxishanhgnz/App/Api/Conf/config.php 第 33 行.
NOTIC: [8] Undefined variable: sckey /www/web/default/public_html/minijunxishanhgnz/App/Api/Conf/config.php 第 33 行.
NOTIC: [8] Use of undefined constant LOAD_EXT_CONFIG - assumed 'LOAD_EXT_CONFIG' /www/web/default/public_html/minijunxishanhgnz/App/Api/Conf/config.php 第 40 行.

[ 2017-08-05T15:41:57+08:00 ] 121.33.131.226 /minijunxishanhgnz/index.php/Api/Shopping/index
NOTIC: [8] Use of undefined constant SHOW_PAGE_TRACE - assumed 'SHOW_PAGE_TRACE' /www/web/default/public_html/minijunxishanhgnz/App/Common/Conf/debug.php 第 4 行.
INFO: [ app_init ] --START--
INFO: Run Behavior\BuildLiteBehavior [ RunTime:0.000019s ]
INFO: [ app_init ] --END-- [ RunTime:0.000096s ]
NOTIC: [8] Undefined variable: sckey /www/web/default/public_html/minijunxishanhgnz/App/Api/Conf/config.php 第 33 行.
NOTIC: [8] Undefined variable: sckey /www/web/default/public_html/minijunxishanhgnz/App/Api/Conf/config.php 第 33 行.
NOTIC: [8] Undefined variable: sckey /www/web/default/public_html/minijunxishanhgnz/App/Api/Conf/config.php 第 33 行.
NOTIC: [8] Use of undefined constant LOAD_EXT_CONFIG - assumed 'LOAD_EXT_CONFIG' /www/web/default/public_html/minijunxishanhgnz/App/Api/Conf/config.php 第 40 行.

[ 2017-08-05T15:41:57+08:00 ] 121.33.131.226 /minijunxishanhgnz/index.php/Api/Shopping/index
NOTIC: [8] Use of undefined constant SHOW_PAGE_TRACE - assumed 'SHOW_PAGE_TRACE' /www/web/default/public_html/minijunxishanhgnz/App/Common/Conf/debug.php 第 4 行.
INFO: [ app_init ] --START--
INFO: Run Behavior\BuildLiteBehavior [ RunTime:0.000011s ]
INFO: [ app_init ] --END-- [ RunTime:0.000057s ]
NOTIC: [8] Undefined variable: sckey /www/web/default/public_html/minijunxishanhgnz/App/Api/Conf/config.php 第 33 行.
NOTIC: [8] Undefined variable: sckey /www/web/default/public_html/minijunxishanhgnz/App/Api/Conf/config.php 第 33 行.
NOTIC: [8] Undefined variable: sckey /www/web/default/public_html/minijunxishanhgnz/App/Api/Conf/config.php 第 33 行.
NOTIC: [8] Use of undefined constant LOAD_EXT_CONFIG - assumed 'LOAD_EXT_CONFIG' /www/web/default/public_html/minijunxishanhgnz/App/Api/Conf/config.php 第 40 行.

[ 2017-08-05T17:34:27+08:00 ] 117.136.79.12 /minijunxishanhgnz/index.php/Api/Index/index
NOTIC: [8] Use of undefined constant SHOW_PAGE_TRACE - assumed 'SHOW_PAGE_TRACE' /www/web/default/public_html/minijunxishanhgnz/App/Common/Conf/debug.php 第 4 行.
INFO: [ app_init ] --START--
INFO: Run Behavior\BuildLiteBehavior [ RunTime:0.000025s ]
INFO: [ app_init ] --END-- [ RunTime:0.000099s ]
NOTIC: [8] Undefined variable: sckey /www/web/default/public_html/minijunxishanhgnz/App/Api/Conf/config.php 第 33 行.
NOTIC: [8] Undefined variable: sckey /www/web/default/public_html/minijunxishanhgnz/App/Api/Conf/config.php 第 33 行.
NOTIC: [8] Undefined variable: sckey /www/web/default/public_html/minijunxishanhgnz/App/Api/Conf/config.php 第 33 行.
NOTIC: [8] Use of undefined constant LOAD_EXT_CONFIG - assumed 'LOAD_EXT_CONFIG' /www/web/default/public_html/minijunxishanhgnz/App/Api/Conf/config.php 第 40 行.

[ 2017-08-05T18:02:53+08:00 ] 223.211.93.206 /minijunxishanhgnz/index.php/Api/Index/index
NOTIC: [8] Use of undefined constant SHOW_PAGE_TRACE - assumed 'SHOW_PAGE_TRACE' /www/web/default/public_html/minijunxishanhgnz/App/Common/Conf/debug.php 第 4 行.
INFO: [ app_init ] --START--
INFO: Run Behavior\BuildLiteBehavior [ RunTime:0.000020s ]
INFO: [ app_init ] --END-- [ RunTime:0.000106s ]
NOTIC: [8] Undefined variable: sckey /www/web/default/public_html/minijunxishanhgnz/App/Api/Conf/config.php 第 33 行.
NOTIC: [8] Undefined variable: sckey /www/web/default/public_html/minijunxishanhgnz/App/Api/Conf/config.php 第 33 行.
NOTIC: [8] Undefined variable: sckey /www/web/default/public_html/minijunxishanhgnz/App/Api/Conf/config.php 第 33 行.
NOTIC: [8] Use of undefined constant LOAD_EXT_CONFIG - assumed 'LOAD_EXT_CONFIG' /www/web/default/public_html/minijunxishanhgnz/App/Api/Conf/config.php 第 40 行.

[ 2017-08-05T18:03:10+08:00 ] 223.211.93.206 /minijunxishanhgnz/index.php/Api/Category/index
NOTIC: [8] Use of undefined constant SHOW_PAGE_TRACE - assumed 'SHOW_PAGE_TRACE' /www/web/default/public_html/minijunxishanhgnz/App/Common/Conf/debug.php 第 4 行.
INFO: [ app_init ] --START--
INFO: Run Behavior\BuildLiteBehavior [ RunTime:0.000012s ]
INFO: [ app_init ] --END-- [ RunTime:0.000058s ]
NOTIC: [8] Undefined variable: sckey /www/web/default/public_html/minijunxishanhgnz/App/Api/Conf/config.php 第 33 行.
NOTIC: [8] Undefined variable: sckey /www/web/default/public_html/minijunxishanhgnz/App/Api/Conf/config.php 第 33 行.
NOTIC: [8] Undefined variable: sckey /www/web/default/public_html/minijunxishanhgnz/App/Api/Conf/config.php 第 33 行.
NOTIC: [8] Use of undefined constant LOAD_EXT_CONFIG - assumed 'LOAD_EXT_CONFIG' /www/web/default/public_html/minijunxishanhgnz/App/Api/Conf/config.php 第 40 行.

[ 2017-08-05T18:03:16+08:00 ] 223.211.93.206 /minijunxishanhgnz/index.php/Api/Product/lists
NOTIC: [8] Use of undefined constant SHOW_PAGE_TRACE - assumed 'SHOW_PAGE_TRACE' /www/web/default/public_html/minijunxishanhgnz/App/Common/Conf/debug.php 第 4 行.
INFO: [ app_init ] --START--
INFO: Run Behavior\BuildLiteBehavior [ RunTime:0.000014s ]
INFO: [ app_init ] --END-- [ RunTime:0.000064s ]
NOTIC: [8] Undefined variable: sckey /www/web/default/public_html/minijunxishanhgnz/App/Api/Conf/config.php 第 33 行.
NOTIC: [8] Undefined variable: sckey /www/web/default/public_html/minijunxishanhgnz/App/Api/Conf/config.php 第 33 行.
NOTIC: [8] Undefined variable: sckey /www/web/default/public_html/minijunxishanhgnz/App/Api/Conf/config.php 第 33 行.
NOTIC: [8] Use of undefined constant LOAD_EXT_CONFIG - assumed 'LOAD_EXT_CONFIG' /www/web/default/public_html/minijunxishanhgnz/App/Api/Conf/config.php 第 40 行.

[ 2017-08-05T19:33:19+08:00 ] 42.199.57.22 /minijunxishanhgnz/index.php/Api/Index/index
NOTIC: [8] Use of undefined constant SHOW_PAGE_TRACE - assumed 'SHOW_PAGE_TRACE' /www/web/default/public_html/minijunxishanhgnz/App/Common/Conf/debug.php 第 4 行.
INFO: [ app_init ] --START--
INFO: Run Behavior\BuildLiteBehavior [ RunTime:0.000012s ]
INFO: [ app_init ] --END-- [ RunTime:0.000059s ]
NOTIC: [8] Undefined variable: sckey /www/web/default/public_html/minijunxishanhgnz/App/Api/Conf/config.php 第 33 行.
NOTIC: [8] Undefined variable: sckey /www/web/default/public_html/minijunxishanhgnz/App/Api/Conf/config.php 第 33 行.
NOTIC: [8] Undefined variable: sckey /www/web/default/public_html/minijunxishanhgnz/App/Api/Conf/config.php 第 33 行.
NOTIC: [8] Use of undefined constant LOAD_EXT_CONFIG - assumed 'LOAD_EXT_CONFIG' /www/web/default/public_html/minijunxishanhgnz/App/Api/Conf/config.php 第 40 行.

[ 2017-08-05T19:33:37+08:00 ] 42.199.57.22 /minijunxishanhgnz/index.php/Api/Product/index
NOTIC: [8] Use of undefined constant SHOW_PAGE_TRACE - assumed 'SHOW_PAGE_TRACE' /www/web/default/public_html/minijunxishanhgnz/App/Common/Conf/debug.php 第 4 行.
INFO: [ app_init ] --START--
INFO: Run Behavior\BuildLiteBehavior [ RunTime:0.000012s ]
INFO: [ app_init ] --END-- [ RunTime:0.000061s ]
NOTIC: [8] Undefined variable: sckey /www/web/default/public_html/minijunxishanhgnz/App/Api/Conf/config.php 第 33 行.
NOTIC: [8] Undefined variable: sckey /www/web/default/public_html/minijunxishanhgnz/App/Api/Conf/config.php 第 33 行.
NOTIC: [8] Undefined variable: sckey /www/web/default/public_html/minijunxishanhgnz/App/Api/Conf/config.php 第 33 行.
NOTIC: [8] Use of undefined constant LOAD_EXT_CONFIG - assumed 'LOAD_EXT_CONFIG' /www/web/default/public_html/minijunxishanhgnz/App/Api/Conf/config.php 第 40 行.

[ 2017-08-05T19:40:12+08:00 ] 119.129.98.120 /minijunxishanhgnz/index.php/Api/Index/index
NOTIC: [8] Use of undefined constant SHOW_PAGE_TRACE - assumed 'SHOW_PAGE_TRACE' /www/web/default/public_html/minijunxishanhgnz/App/Common/Conf/debug.php 第 4 行.
INFO: [ app_init ] --START--
INFO: Run Behavior\BuildLiteBehavior [ RunTime:0.000013s ]
INFO: [ app_init ] --END-- [ RunTime:0.000073s ]
NOTIC: [8] Undefined variable: sckey /www/web/default/public_html/minijunxishanhgnz/App/Api/Conf/config.php 第 33 行.
NOTIC: [8] Undefined variable: sckey /www/web/default/public_html/minijunxishanhgnz/App/Api/Conf/config.php 第 33 行.
NOTIC: [8] Undefined variable: sckey /www/web/default/public_html/minijunxishanhgnz/App/Api/Conf/config.php 第 33 行.
NOTIC: [8] Use of undefined constant LOAD_EXT_CONFIG - assumed 'LOAD_EXT_CONFIG' /www/web/default/public_html/minijunxishanhgnz/App/Api/Conf/config.php 第 40 行.

[ 2017-08-05T19:40:15+08:00 ] 119.129.98.120 /minijunxishanhgnz/index.php/Api/Login/getsessionkey
NOTIC: [8] Use of undefined constant SHOW_PAGE_TRACE - assumed 'SHOW_PAGE_TRACE' /www/web/default/public_html/minijunxishanhgnz/App/Common/Conf/debug.php 第 4 行.
INFO: [ app_init ] --START--
INFO: Run Behavior\BuildLiteBehavior [ RunTime:0.000012s ]
INFO: [ app_init ] --END-- [ RunTime:0.000059s ]
NOTIC: [8] Undefined variable: sckey /www/web/default/public_html/minijunxishanhgnz/App/Api/Conf/config.php 第 33 行.
NOTIC: [8] Undefined variable: sckey /www/web/default/public_html/minijunxishanhgnz/App/Api/Conf/config.php 第 33 行.
NOTIC: [8] Undefined variable: sckey /www/web/default/public_html/minijunxishanhgnz/App/Api/Conf/config.php 第 33 行.
NOTIC: [8] Use of undefined constant LOAD_EXT_CONFIG - assumed 'LOAD_EXT_CONFIG' /www/web/default/public_html/minijunxishanhgnz/App/Api/Conf/config.php 第 40 行.

[ 2017-08-05T19:40:16+08:00 ] 119.129.98.120 /minijunxishanhgnz/index.php/Api/Login/authlogin
NOTIC: [8] Use of undefined constant SHOW_PAGE_TRACE - assumed 'SHOW_PAGE_TRACE' /www/web/default/public_html/minijunxishanhgnz/App/Common/Conf/debug.php 第 4 行.
INFO: [ app_init ] --START--
INFO: Run Behavior\BuildLiteBehavior [ RunTime:0.000013s ]
INFO: [ app_init ] --END-- [ RunTime:0.000059s ]
NOTIC: [8] Undefined variable: sckey /www/web/default/public_html/minijunxishanhgnz/App/Api/Conf/config.php 第 33 行.
NOTIC: [8] Undefined variable: sckey /www/web/default/public_html/minijunxishanhgnz/App/Api/Conf/config.php 第 33 行.
NOTIC: [8] Undefined variable: sckey /www/web/default/public_html/minijunxishanhgnz/App/Api/Conf/config.php 第 33 行.
NOTIC: [8] Use of undefined constant LOAD_EXT_CONFIG - assumed 'LOAD_EXT_CONFIG' /www/web/default/public_html/minijunxishanhgnz/App/Api/Conf/config.php 第 40 行.

[ 2017-08-05T19:40:33+08:00 ] 119.129.98.120 /minijunxishanhgnz/index.php/Api/Product/lists
NOTIC: [8] Use of undefined constant SHOW_PAGE_TRACE - assumed 'SHOW_PAGE_TRACE' /www/web/default/public_html/minijunxishanhgnz/App/Common/Conf/debug.php 第 4 行.
INFO: [ app_init ] --START--
INFO: Run Behavior\BuildLiteBehavior [ RunTime:0.000017s ]
INFO: [ app_init ] --END-- [ RunTime:0.000078s ]
NOTIC: [8] Undefined variable: sckey /www/web/default/public_html/minijunxishanhgnz/App/Api/Conf/config.php 第 33 行.
NOTIC: [8] Undefined variable: sckey /www/web/default/public_html/minijunxishanhgnz/App/Api/Conf/config.php 第 33 行.
NOTIC: [8] Undefined variable: sckey /www/web/default/public_html/minijunxishanhgnz/App/Api/Conf/config.php 第 33 行.
NOTIC: [8] Use of undefined constant LOAD_EXT_CONFIG - assumed 'LOAD_EXT_CONFIG' /www/web/default/public_html/minijunxishanhgnz/App/Api/Conf/config.php 第 40 行.

[ 2017-08-05T19:40:41+08:00 ] 119.129.98.120 /minijunxishanhgnz/index.php/Api/Product/lists
NOTIC: [8] Use of undefined constant SHOW_PAGE_TRACE - assumed 'SHOW_PAGE_TRACE' /www/web/default/public_html/minijunxishanhgnz/App/Common/Conf/debug.php 第 4 行.
INFO: [ app_init ] --START--
INFO: Run Behavior\BuildLiteBehavior [ RunTime:0.000015s ]
INFO: [ app_init ] --END-- [ RunTime:0.000068s ]
NOTIC: [8] Undefined variable: sckey /www/web/default/public_html/minijunxishanhgnz/App/Api/Conf/config.php 第 33 行.
NOTIC: [8] Undefined variable: sckey /www/web/default/public_html/minijunxishanhgnz/App/Api/Conf/config.php 第 33 行.
NOTIC: [8] Undefined variable: sckey /www/web/default/public_html/minijunxishanhgnz/App/Api/Conf/config.php 第 33 行.
NOTIC: [8] Use of undefined constant LOAD_EXT_CONFIG - assumed 'LOAD_EXT_CONFIG' /www/web/default/public_html/minijunxishanhgnz/App/Api/Conf/config.php 第 40 行.

[ 2017-08-05T19:40:44+08:00 ] 119.129.98.120 /minijunxishanhgnz/index.php/Api/Product/get_more
NOTIC: [8] Use of undefined constant SHOW_PAGE_TRACE - assumed 'SHOW_PAGE_TRACE' /www/web/default/public_html/minijunxishanhgnz/App/Common/Conf/debug.php 第 4 行.
INFO: [ app_init ] --START--
INFO: Run Behavior\BuildLiteBehavior [ RunTime:0.000015s ]
INFO: [ app_init ] --END-- [ RunTime:0.000066s ]
NOTIC: [8] Undefined variable: sckey /www/web/default/public_html/minijunxishanhgnz/App/Api/Conf/config.php 第 33 行.
NOTIC: [8] Undefined variable: sckey /www/web/default/public_html/minijunxishanhgnz/App/Api/Conf/config.php 第 33 行.
NOTIC: [8] Undefined variable: sckey /www/web/default/public_html/minijunxishanhgnz/App/Api/Conf/config.php 第 33 行.
NOTIC: [8] Use of undefined constant LOAD_EXT_CONFIG - assumed 'LOAD_EXT_CONFIG' /www/web/default/public_html/minijunxishanhgnz/App/Api/Conf/config.php 第 40 行.

[ 2017-08-05T19:40:52+08:00 ] 219.136.173.20 /minijunxishanhgnz/index.php/Api/Shangchang/shop_details
NOTIC: [8] Use of undefined constant SHOW_PAGE_TRACE - assumed 'SHOW_PAGE_TRACE' /www/web/default/public_html/minijunxishanhgnz/App/Common/Conf/debug.php 第 4 行.
INFO: [ app_init ] --START--
INFO: Run Behavior\BuildLiteBehavior [ RunTime:0.000015s ]
INFO: [ app_init ] --END-- [ RunTime:0.000070s ]
NOTIC: [8] Undefined variable: sckey /www/web/default/public_html/minijunxishanhgnz/App/Api/Conf/config.php 第 33 行.
NOTIC: [8] Undefined variable: sckey /www/web/default/public_html/minijunxishanhgnz/App/Api/Conf/config.php 第 33 行.
NOTIC: [8] Undefined variable: sckey /www/web/default/public_html/minijunxishanhgnz/App/Api/Conf/config.php 第 33 行.
NOTIC: [8] Use of undefined constant LOAD_EXT_CONFIG - assumed 'LOAD_EXT_CONFIG' /www/web/default/public_html/minijunxishanhgnz/App/Api/Conf/config.php 第 40 行.

[ 2017-08-05T20:17:29+08:00 ] 42.199.55.80 /minijunxishanhgnz/index.php/Api/Index/index
NOTIC: [8] Use of undefined constant SHOW_PAGE_TRACE - assumed 'SHOW_PAGE_TRACE' /www/web/default/public_html/minijunxishanhgnz/App/Common/Conf/debug.php 第 4 行.
INFO: [ app_init ] --START--
INFO: Run Behavior\BuildLiteBehavior [ RunTime:0.000016s ]
INFO: [ app_init ] --END-- [ RunTime:0.000068s ]
NOTIC: [8] Undefined variable: sckey /www/web/default/public_html/minijunxishanhgnz/App/Api/Conf/config.php 第 33 行.
NOTIC: [8] Undefined variable: sckey /www/web/default/public_html/minijunxishanhgnz/App/Api/Conf/config.php 第 33 行.
NOTIC: [8] Undefined variable: sckey /www/web/default/public_html/minijunxishanhgnz/App/Api/Conf/config.php 第 33 行.
NOTIC: [8] Use of undefined constant LOAD_EXT_CONFIG - assumed 'LOAD_EXT_CONFIG' /www/web/default/public_html/minijunxishanhgnz/App/Api/Conf/config.php 第 40 行.

[ 2017-08-05T20:17:31+08:00 ] 42.199.55.80 /minijunxishanhgnz/index.php/Api/Login/getsessionkey
NOTIC: [8] Use of undefined constant SHOW_PAGE_TRACE - assumed 'SHOW_PAGE_TRACE' /www/web/default/public_html/minijunxishanhgnz/App/Common/Conf/debug.php 第 4 行.
INFO: [ app_init ] --START--
INFO: Run Behavior\BuildLiteBehavior [ RunTime:0.000017s ]
INFO: [ app_init ] --END-- [ RunTime:0.000072s ]
NOTIC: [8] Undefined variable: sckey /www/web/default/public_html/minijunxishanhgnz/App/Api/Conf/config.php 第 33 行.
NOTIC: [8] Undefined variable: sckey /www/web/default/public_html/minijunxishanhgnz/App/Api/Conf/config.php 第 33 行.
NOTIC: [8] Undefined variable: sckey /www/web/default/public_html/minijunxishanhgnz/App/Api/Conf/config.php 第 33 行.
NOTIC: [8] Use of undefined constant LOAD_EXT_CONFIG - assumed 'LOAD_EXT_CONFIG' /www/web/default/public_html/minijunxishanhgnz/App/Api/Conf/config.php 第 40 行.

[ 2017-08-05T20:17:31+08:00 ] 42.199.55.80 /minijunxishanhgnz/index.php/Api/Login/authlogin
NOTIC: [8] Use of undefined constant SHOW_PAGE_TRACE - assumed 'SHOW_PAGE_TRACE' /www/web/default/public_html/minijunxishanhgnz/App/Common/Conf/debug.php 第 4 行.
INFO: [ app_init ] --START--
INFO: Run Behavior\BuildLiteBehavior [ RunTime:0.000011s ]
INFO: [ app_init ] --END-- [ RunTime:0.000059s ]
NOTIC: [8] Undefined variable: sckey /www/web/default/public_html/minijunxishanhgnz/App/Api/Conf/config.php 第 33 行.
NOTIC: [8] Undefined variable: sckey /www/web/default/public_html/minijunxishanhgnz/App/Api/Conf/config.php 第 33 行.
NOTIC: [8] Undefined variable: sckey /www/web/default/public_html/minijunxishanhgnz/App/Api/Conf/config.php 第 33 行.
NOTIC: [8] Use of undefined constant LOAD_EXT_CONFIG - assumed 'LOAD_EXT_CONFIG' /www/web/default/public_html/minijunxishanhgnz/App/Api/Conf/config.php 第 40 行.

[ 2017-08-05T20:17:37+08:00 ] 42.199.55.80 /minijunxishanhgnz/index.php/Api/Product/index
NOTIC: [8] Use of undefined constant SHOW_PAGE_TRACE - assumed 'SHOW_PAGE_TRACE' /www/web/default/public_html/minijunxishanhgnz/App/Common/Conf/debug.php 第 4 行.
INFO: [ app_init ] --START--
INFO: Run Behavior\BuildLiteBehavior [ RunTime:0.000018s ]
INFO: [ app_init ] --END-- [ RunTime:0.000075s ]
NOTIC: [8] Undefined variable: sckey /www/web/default/public_html/minijunxishanhgnz/App/Api/Conf/config.php 第 33 行.
NOTIC: [8] Undefined variable: sckey /www/web/default/public_html/minijunxishanhgnz/App/Api/Conf/config.php 第 33 行.
NOTIC: [8] Undefined variable: sckey /www/web/default/public_html/minijunxishanhgnz/App/Api/Conf/config.php 第 33 行.
NOTIC: [8] Use of undefined constant LOAD_EXT_CONFIG - assumed 'LOAD_EXT_CONFIG' /www/web/default/public_html/minijunxishanhgnz/App/Api/Conf/config.php 第 40 行.

[ 2017-08-05T20:17:42+08:00 ] 42.199.55.80 /minijunxishanhgnz/index.php/Api/Product/index
NOTIC: [8] Use of undefined constant SHOW_PAGE_TRACE - assumed 'SHOW_PAGE_TRACE' /www/web/default/public_html/minijunxishanhgnz/App/Common/Conf/debug.php 第 4 行.
INFO: [ app_init ] --START--
INFO: Run Behavior\BuildLiteBehavior [ RunTime:0.000013s ]
INFO: [ app_init ] --END-- [ RunTime:0.000060s ]
NOTIC: [8] Undefined variable: sckey /www/web/default/public_html/minijunxishanhgnz/App/Api/Conf/config.php 第 33 行.
NOTIC: [8] Undefined variable: sckey /www/web/default/public_html/minijunxishanhgnz/App/Api/Conf/config.php 第 33 行.
NOTIC: [8] Undefined variable: sckey /www/web/default/public_html/minijunxishanhgnz/App/Api/Conf/config.php 第 33 行.
NOTIC: [8] Use of undefined constant LOAD_EXT_CONFIG - assumed 'LOAD_EXT_CONFIG' /www/web/default/public_html/minijunxishanhgnz/App/Api/Conf/config.php 第 40 行.

[ 2017-08-05T20:17:50+08:00 ] 42.199.55.80 /minijunxishanhgnz/index.php/Api/Product/index
NOTIC: [8] Use of undefined constant SHOW_PAGE_TRACE - assumed 'SHOW_PAGE_TRACE' /www/web/default/public_html/minijunxishanhgnz/App/Common/Conf/debug.php 第 4 行.
INFO: [ app_init ] --START--
INFO: Run Behavior\BuildLiteBehavior [ RunTime:0.000012s ]
INFO: [ app_init ] --END-- [ RunTime:0.000059s ]
NOTIC: [8] Undefined variable: sckey /www/web/default/public_html/minijunxishanhgnz/App/Api/Conf/config.php 第 33 行.
NOTIC: [8] Undefined variable: sckey /www/web/default/public_html/minijunxishanhgnz/App/Api/Conf/config.php 第 33 行.
NOTIC: [8] Undefined variable: sckey /www/web/default/public_html/minijunxishanhgnz/App/Api/Conf/config.php 第 33 行.
NOTIC: [8] Use of undefined constant LOAD_EXT_CONFIG - assumed 'LOAD_EXT_CONFIG' /www/web/default/public_html/minijunxishanhgnz/App/Api/Conf/config.php 第 40 行.

[ 2017-08-05T20:17:59+08:00 ] 42.199.55.80 /minijunxishanhgnz/index.php/Api/Product/index
NOTIC: [8] Use of undefined constant SHOW_PAGE_TRACE - assumed 'SHOW_PAGE_TRACE' /www/web/default/public_html/minijunxishanhgnz/App/Common/Conf/debug.php 第 4 行.
INFO: [ app_init ] --START--
INFO: Run Behavior\BuildLiteBehavior [ RunTime:0.000013s ]
INFO: [ app_init ] --END-- [ RunTime:0.000063s ]
NOTIC: [8] Undefined variable: sckey /www/web/default/public_html/minijunxishanhgnz/App/Api/Conf/config.php 第 33 行.
NOTIC: [8] Undefined variable: sckey /www/web/default/public_html/minijunxishanhgnz/App/Api/Conf/config.php 第 33 行.
NOTIC: [8] Undefined variable: sckey /www/web/default/public_html/minijunxishanhgnz/App/Api/Conf/config.php 第 33 行.
NOTIC: [8] Use of undefined constant LOAD_EXT_CONFIG - assumed 'LOAD_EXT_CONFIG' /www/web/default/public_html/minijunxishanhgnz/App/Api/Conf/config.php 第 40 行.

[ 2017-08-05T20:18:08+08:00 ] 42.199.55.80 /minijunxishanhgnz/index.php/Api/Index/getlist
NOTIC: [8] Use of undefined constant SHOW_PAGE_TRACE - assumed 'SHOW_PAGE_TRACE' /www/web/default/public_html/minijunxishanhgnz/App/Common/Conf/debug.php 第 4 行.
INFO: [ app_init ] --START--
INFO: Run Behavior\BuildLiteBehavior [ RunTime:0.000012s ]
INFO: [ app_init ] --END-- [ RunTime:0.000058s ]
NOTIC: [8] Undefined variable: sckey /www/web/default/public_html/minijunxishanhgnz/App/Api/Conf/config.php 第 33 行.
NOTIC: [8] Undefined variable: sckey /www/web/default/public_html/minijunxishanhgnz/App/Api/Conf/config.php 第 33 行.
NOTIC: [8] Undefined variable: sckey /www/web/default/public_html/minijunxishanhgnz/App/Api/Conf/config.php 第 33 行.
NOTIC: [8] Use of undefined constant LOAD_EXT_CONFIG - assumed 'LOAD_EXT_CONFIG' /www/web/default/public_html/minijunxishanhgnz/App/Api/Conf/config.php 第 40 行.

[ 2017-08-05T20:18:14+08:00 ] 42.199.55.80 /minijunxishanhgnz/index.php/Api/Product/index
NOTIC: [8] Use of undefined constant SHOW_PAGE_TRACE - assumed 'SHOW_PAGE_TRACE' /www/web/default/public_html/minijunxishanhgnz/App/Common/Conf/debug.php 第 4 行.
INFO: [ app_init ] --START--
INFO: Run Behavior\BuildLiteBehavior [ RunTime:0.000012s ]
INFO: [ app_init ] --END-- [ RunTime:0.000063s ]
NOTIC: [8] Undefined variable: sckey /www/web/default/public_html/minijunxishanhgnz/App/Api/Conf/config.php 第 33 行.
NOTIC: [8] Undefined variable: sckey /www/web/default/public_html/minijunxishanhgnz/App/Api/Conf/config.php 第 33 行.
NOTIC: [8] Undefined variable: sckey /www/web/default/public_html/minijunxishanhgnz/App/Api/Conf/config.php 第 33 行.
NOTIC: [8] Use of undefined constant LOAD_EXT_CONFIG - assumed 'LOAD_EXT_CONFIG' /www/web/default/public_html/minijunxishanhgnz/App/Api/Conf/config.php 第 40 行.

[ 2017-08-05T20:18:22+08:00 ] 42.199.55.80 /minijunxishanhgnz/index.php/Api/Product/index
NOTIC: [8] Use of undefined constant SHOW_PAGE_TRACE - assumed 'SHOW_PAGE_TRACE' /www/web/default/public_html/minijunxishanhgnz/App/Common/Conf/debug.php 第 4 行.
INFO: [ app_init ] --START--
INFO: Run Behavior\BuildLiteBehavior [ RunTime:0.000012s ]
INFO: [ app_init ] --END-- [ RunTime:0.000059s ]
NOTIC: [8] Undefined variable: sckey /www/web/default/public_html/minijunxishanhgnz/App/Api/Conf/config.php 第 33 行.
NOTIC: [8] Undefined variable: sckey /www/web/default/public_html/minijunxishanhgnz/App/Api/Conf/config.php 第 33 行.
NOTIC: [8] Undefined variable: sckey /www/web/default/public_html/minijunxishanhgnz/App/Api/Conf/config.php 第 33 行.
NOTIC: [8] Use of undefined constant LOAD_EXT_CONFIG - assumed 'LOAD_EXT_CONFIG' /www/web/default/public_html/minijunxishanhgnz/App/Api/Conf/config.php 第 40 行.

[ 2017-08-05T20:18:27+08:00 ] 42.199.55.80 /minijunxishanhgnz/index.php/Api/Index/getlist
NOTIC: [8] Use of undefined constant SHOW_PAGE_TRACE - assumed 'SHOW_PAGE_TRACE' /www/web/default/public_html/minijunxishanhgnz/App/Common/Conf/debug.php 第 4 行.
INFO: [ app_init ] --START--
INFO: Run Behavior\BuildLiteBehavior [ RunTime:0.000016s ]
INFO: [ app_init ] --END-- [ RunTime:0.000068s ]
NOTIC: [8] Undefined variable: sckey /www/web/default/public_html/minijunxishanhgnz/App/Api/Conf/config.php 第 33 行.
NOTIC: [8] Undefined variable: sckey /www/web/default/public_html/minijunxishanhgnz/App/Api/Conf/config.php 第 33 行.
NOTIC: [8] Undefined variable: sckey /www/web/default/public_html/minijunxishanhgnz/App/Api/Conf/config.php 第 33 行.
NOTIC: [8] Use of undefined constant LOAD_EXT_CONFIG - assumed 'LOAD_EXT_CONFIG' /www/web/default/public_html/minijunxishanhgnz/App/Api/Conf/config.php 第 40 行.

[ 2017-08-05T22:00:18+08:00 ] 180.118.21.66 /minijunxishanhgnz/index.php/Api/Index/index
NOTIC: [8] Use of undefined constant SHOW_PAGE_TRACE - assumed 'SHOW_PAGE_TRACE' /www/web/default/public_html/minijunxishanhgnz/App/Common/Conf/debug.php 第 4 行.
INFO: [ app_init ] --START--
INFO: Run Behavior\BuildLiteBehavior [ RunTime:0.000024s ]
INFO: [ app_init ] --END-- [ RunTime:0.000084s ]
NOTIC: [8] Undefined variable: sckey /www/web/default/public_html/minijunxishanhgnz/App/Api/Conf/config.php 第 33 行.
NOTIC: [8] Undefined variable: sckey /www/web/default/public_html/minijunxishanhgnz/App/Api/Conf/config.php 第 33 行.
NOTIC: [8] Undefined variable: sckey /www/web/default/public_html/minijunxishanhgnz/App/Api/Conf/config.php 第 33 行.
NOTIC: [8] Use of undefined constant LOAD_EXT_CONFIG - assumed 'LOAD_EXT_CONFIG' /www/web/default/public_html/minijunxishanhgnz/App/Api/Conf/config.php 第 40 行.

[ 2017-08-05T22:00:28+08:00 ] 180.118.21.66 /minijunxishanhgnz/index.php/Api/Login/getsessionkey
NOTIC: [8] Use of undefined constant SHOW_PAGE_TRACE - assumed 'SHOW_PAGE_TRACE' /www/web/default/public_html/minijunxishanhgnz/App/Common/Conf/debug.php 第 4 行.
INFO: [ app_init ] --START--
INFO: Run Behavior\BuildLiteBehavior [ RunTime:0.000017s ]
INFO: [ app_init ] --END-- [ RunTime:0.000081s ]
NOTIC: [8] Undefined variable: sckey /www/web/default/public_html/minijunxishanhgnz/App/Api/Conf/config.php 第 33 行.
NOTIC: [8] Undefined variable: sckey /www/web/default/public_html/minijunxishanhgnz/App/Api/Conf/config.php 第 33 行.
NOTIC: [8] Undefined variable: sckey /www/web/default/public_html/minijunxishanhgnz/App/Api/Conf/config.php 第 33 行.
NOTIC: [8] Use of undefined constant LOAD_EXT_CONFIG - assumed 'LOAD_EXT_CONFIG' /www/web/default/public_html/minijunxishanhgnz/App/Api/Conf/config.php 第 40 行.

[ 2017-08-05T22:00:28+08:00 ] 180.118.21.66 /minijunxishanhgnz/index.php/Api/Login/authlogin
NOTIC: [8] Use of undefined constant SHOW_PAGE_TRACE - assumed 'SHOW_PAGE_TRACE' /www/web/default/public_html/minijunxishanhgnz/App/Common/Conf/debug.php 第 4 行.
INFO: [ app_init ] --START--
INFO: Run Behavior\BuildLiteBehavior [ RunTime:0.000013s ]
INFO: [ app_init ] --END-- [ RunTime:0.000062s ]
NOTIC: [8] Undefined variable: sckey /www/web/default/public_html/minijunxishanhgnz/App/Api/Conf/config.php 第 33 行.
NOTIC: [8] Undefined variable: sckey /www/web/default/public_html/minijunxishanhgnz/App/Api/Conf/config.php 第 33 行.
NOTIC: [8] Undefined variable: sckey /www/web/default/public_html/minijunxishanhgnz/App/Api/Conf/config.php 第 33 行.
NOTIC: [8] Use of undefined constant LOAD_EXT_CONFIG - assumed 'LOAD_EXT_CONFIG' /www/web/default/public_html/minijunxishanhgnz/App/Api/Conf/config.php 第 40 行.

[ 2017-08-05T22:00:41+08:00 ] 180.118.21.66 /minijunxishanhgnz/index.php/Api/Product/lists
NOTIC: [8] Use of undefined constant SHOW_PAGE_TRACE - assumed 'SHOW_PAGE_TRACE' /www/web/default/public_html/minijunxishanhgnz/App/Common/Conf/debug.php 第 4 行.
INFO: [ app_init ] --START--
INFO: Run Behavior\BuildLiteBehavior [ RunTime:0.000013s ]
INFO: [ app_init ] --END-- [ RunTime:0.000060s ]
NOTIC: [8] Undefined variable: sckey /www/web/default/public_html/minijunxishanhgnz/App/Api/Conf/config.php 第 33 行.
NOTIC: [8] Undefined variable: sckey /www/web/default/public_html/minijunxishanhgnz/App/Api/Conf/config.php 第 33 行.
NOTIC: [8] Undefined variable: sckey /www/web/default/public_html/minijunxishanhgnz/App/Api/Conf/config.php 第 33 行.
NOTIC: [8] Use of undefined constant LOAD_EXT_CONFIG - assumed 'LOAD_EXT_CONFIG' /www/web/default/public_html/minijunxishanhgnz/App/Api/Conf/config.php 第 40 行.

[ 2017-08-05T22:00:54+08:00 ] 180.118.21.66 /minijunxishanhgnz/index.php/Api/Shangchang/shop_details
NOTIC: [8] Use of undefined constant SHOW_PAGE_TRACE - assumed 'SHOW_PAGE_TRACE' /www/web/default/public_html/minijunxishanhgnz/App/Common/Conf/debug.php 第 4 行.
INFO: [ app_init ] --START--
INFO: Run Behavior\BuildLiteBehavior [ RunTime:0.000017s ]
INFO: [ app_init ] --END-- [ RunTime:0.000092s ]
NOTIC: [8] Undefined variable: sckey /www/web/default/public_html/minijunxishanhgnz/App/Api/Conf/config.php 第 33 行.
NOTIC: [8] Undefined variable: sckey /www/web/default/public_html/minijunxishanhgnz/App/Api/Conf/config.php 第 33 行.
NOTIC: [8] Undefined variable: sckey /www/web/default/public_html/minijunxishanhgnz/App/Api/Conf/config.php 第 33 行.
NOTIC: [8] Use of undefined constant LOAD_EXT_CONFIG - assumed 'LOAD_EXT_CONFIG' /www/web/default/public_html/minijunxishanhgnz/App/Api/Conf/config.php 第 40 行.

[ 2017-08-05T22:01:08+08:00 ] 180.118.21.66 /minijunxishanhgnz/index.php/Api/Shop/index
NOTIC: [8] Use of undefined constant SHOW_PAGE_TRACE - assumed 'SHOW_PAGE_TRACE' /www/web/default/public_html/minijunxishanhgnz/App/Common/Conf/debug.php 第 4 行.
INFO: [ app_init ] --START--
INFO: Run Behavior\BuildLiteBehavior [ RunTime:0.000016s ]
INFO: [ app_init ] --END-- [ RunTime:0.000071s ]
NOTIC: [8] Undefined variable: sckey /www/web/default/public_html/minijunxishanhgnz/App/Api/Conf/config.php 第 33 行.
NOTIC: [8] Undefined variable: sckey /www/web/default/public_html/minijunxishanhgnz/App/Api/Conf/config.php 第 33 行.
NOTIC: [8] Undefined variable: sckey /www/web/default/public_html/minijunxishanhgnz/App/Api/Conf/config.php 第 33 行.
NOTIC: [8] Use of undefined constant LOAD_EXT_CONFIG - assumed 'LOAD_EXT_CONFIG' /www/web/default/public_html/minijunxishanhgnz/App/Api/Conf/config.php 第 40 行.

[ 2017-08-05T22:01:19+08:00 ] 180.118.21.66 /minijunxishanhgnz/index.php/Api/Product/lists
NOTIC: [8] Use of undefined constant SHOW_PAGE_TRACE - assumed 'SHOW_PAGE_TRACE' /www/web/default/public_html/minijunxishanhgnz/App/Common/Conf/debug.php 第 4 行.
INFO: [ app_init ] --START--
INFO: Run Behavior\BuildLiteBehavior [ RunTime:0.000012s ]
INFO: [ app_init ] --END-- [ RunTime:0.000060s ]
NOTIC: [8] Undefined variable: sckey /www/web/default/public_html/minijunxishanhgnz/App/Api/Conf/config.php 第 33 行.
NOTIC: [8] Undefined variable: sckey /www/web/default/public_html/minijunxishanhgnz/App/Api/Conf/config.php 第 33 行.
NOTIC: [8] Undefined variable: sckey /www/web/default/public_html/minijunxishanhgnz/App/Api/Conf/config.php 第 33 行.
NOTIC: [8] Use of undefined constant LOAD_EXT_CONFIG - assumed 'LOAD_EXT_CONFIG' /www/web/default/public_html/minijunxishanhgnz/App/Api/Conf/config.php 第 40 行.

[ 2017-08-05T22:12:04+08:00 ] 117.136.31.224 /minijunxishanhgnz/index.php/Api/Index/index
NOTIC: [8] Use of undefined constant SHOW_PAGE_TRACE - assumed 'SHOW_PAGE_TRACE' /www/web/default/public_html/minijunxishanhgnz/App/Common/Conf/debug.php 第 4 行.
INFO: [ app_init ] --START--
INFO: Run Behavior\BuildLiteBehavior [ RunTime:0.000012s ]
INFO: [ app_init ] --END-- [ RunTime:0.000060s ]
NOTIC: [8] Undefined variable: sckey /www/web/default/public_html/minijunxishanhgnz/App/Api/Conf/config.php 第 33 行.
NOTIC: [8] Undefined variable: sckey /www/web/default/public_html/minijunxishanhgnz/App/Api/Conf/config.php 第 33 行.
NOTIC: [8] Undefined variable: sckey /www/web/default/public_html/minijunxishanhgnz/App/Api/Conf/config.php 第 33 行.
NOTIC: [8] Use of undefined constant LOAD_EXT_CONFIG - assumed 'LOAD_EXT_CONFIG' /www/web/default/public_html/minijunxishanhgnz/App/Api/Conf/config.php 第 40 行.

[ 2017-08-05T22:12:15+08:00 ] 117.136.31.224 /minijunxishanhgnz/index.php/Api/Product/lists
NOTIC: [8] Use of undefined constant SHOW_PAGE_TRACE - assumed 'SHOW_PAGE_TRACE' /www/web/default/public_html/minijunxishanhgnz/App/Common/Conf/debug.php 第 4 行.
INFO: [ app_init ] --START--
INFO: Run Behavior\BuildLiteBehavior [ RunTime:0.000014s ]
INFO: [ app_init ] --END-- [ RunTime:0.000064s ]
NOTIC: [8] Undefined variable: sckey /www/web/default/public_html/minijunxishanhgnz/App/Api/Conf/config.php 第 33 行.
NOTIC: [8] Undefined variable: sckey /www/web/default/public_html/minijunxishanhgnz/App/Api/Conf/config.php 第 33 行.
NOTIC: [8] Undefined variable: sckey /www/web/default/public_html/minijunxishanhgnz/App/Api/Conf/config.php 第 33 行.
NOTIC: [8] Use of undefined constant LOAD_EXT_CONFIG - assumed 'LOAD_EXT_CONFIG' /www/web/default/public_html/minijunxishanhgnz/App/Api/Conf/config.php 第 40 行.

[ 2017-08-05T23:26:19+08:00 ] 218.20.229.39 /minijunxishanhgnz/index.php/Api/Index/index
NOTIC: [8] Use of undefined constant SHOW_PAGE_TRACE - assumed 'SHOW_PAGE_TRACE' /www/web/default/public_html/minijunxishanhgnz/App/Common/Conf/debug.php 第 4 行.
INFO: [ app_init ] --START--
INFO: Run Behavior\BuildLiteBehavior [ RunTime:0.000017s ]
INFO: [ app_init ] --END-- [ RunTime:0.000070s ]
NOTIC: [8] Undefined variable: sckey /www/web/default/public_html/minijunxishanhgnz/App/Api/Conf/config.php 第 33 行.
NOTIC: [8] Undefined variable: sckey /www/web/default/public_html/minijunxishanhgnz/App/Api/Conf/config.php 第 33 行.
NOTIC: [8] Undefined variable: sckey /www/web/default/public_html/minijunxishanhgnz/App/Api/Conf/config.php 第 33 行.
NOTIC: [8] Use of undefined constant LOAD_EXT_CONFIG - assumed 'LOAD_EXT_CONFIG' /www/web/default/public_html/minijunxishanhgnz/App/Api/Conf/config.php 第 40 行.

[ 2017-08-05T23:26:27+08:00 ] 218.20.229.39 /minijunxishanhgnz/index.php/Api/Login/getsessionkey
NOTIC: [8] Use of undefined constant SHOW_PAGE_TRACE - assumed 'SHOW_PAGE_TRACE' /www/web/default/public_html/minijunxishanhgnz/App/Common/Conf/debug.php 第 4 行.
INFO: [ app_init ] --START--
INFO: Run Behavior\BuildLiteBehavior [ RunTime:0.000015s ]
INFO: [ app_init ] --END-- [ RunTime:0.000070s ]
NOTIC: [8] Undefined variable: sckey /www/web/default/public_html/minijunxishanhgnz/App/Api/Conf/config.php 第 33 行.
NOTIC: [8] Undefined variable: sckey /www/web/default/public_html/minijunxishanhgnz/App/Api/Conf/config.php 第 33 行.
NOTIC: [8] Undefined variable: sckey /www/web/default/public_html/minijunxishanhgnz/App/Api/Conf/config.php 第 33 行.
NOTIC: [8] Use of undefined constant LOAD_EXT_CONFIG - assumed 'LOAD_EXT_CONFIG' /www/web/default/public_html/minijunxishanhgnz/App/Api/Conf/config.php 第 40 行.

[ 2017-08-05T23:26:28+08:00 ] 218.20.229.39 /minijunxishanhgnz/index.php/Api/Login/authlogin
NOTIC: [8] Use of undefined constant SHOW_PAGE_TRACE - assumed 'SHOW_PAGE_TRACE' /www/web/default/public_html/minijunxishanhgnz/App/Common/Conf/debug.php 第 4 行.
INFO: [ app_init ] --START--
INFO: Run Behavior\BuildLiteBehavior [ RunTime:0.000012s ]
INFO: [ app_init ] --END-- [ RunTime:0.000059s ]
NOTIC: [8] Undefined variable: sckey /www/web/default/public_html/minijunxishanhgnz/App/Api/Conf/config.php 第 33 行.
NOTIC: [8] Undefined variable: sckey /www/web/default/public_html/minijunxishanhgnz/App/Api/Conf/config.php 第 33 行.
NOTIC: [8] Undefined variable: sckey /www/web/default/public_html/minijunxishanhgnz/App/Api/Conf/config.php 第 33 行.
NOTIC: [8] Use of undefined constant LOAD_EXT_CONFIG - assumed 'LOAD_EXT_CONFIG' /www/web/default/public_html/minijunxishanhgnz/App/Api/Conf/config.php 第 40 行.

[ 2017-08-05T23:26:36+08:00 ] 218.20.228.128 /minijunxishanhgnz/index.php/Api/Category/index
NOTIC: [8] Use of undefined constant SHOW_PAGE_TRACE - assumed 'SHOW_PAGE_TRACE' /www/web/default/public_html/minijunxishanhgnz/App/Common/Conf/debug.php 第 4 行.
INFO: [ app_init ] --START--
INFO: Run Behavior\BuildLiteBehavior [ RunTime:0.000016s ]
INFO: [ app_init ] --END-- [ RunTime:0.000069s ]
NOTIC: [8] Undefined variable: sckey /www/web/default/public_html/minijunxishanhgnz/App/Api/Conf/config.php 第 33 行.
NOTIC: [8] Undefined variable: sckey /www/web/default/public_html/minijunxishanhgnz/App/Api/Conf/config.php 第 33 行.
NOTIC: [8] Undefined variable: sckey /www/web/default/public_html/minijunxishanhgnz/App/Api/Conf/config.php 第 33 行.
NOTIC: [8] Use of undefined constant LOAD_EXT_CONFIG - assumed 'LOAD_EXT_CONFIG' /www/web/default/public_html/minijunxishanhgnz/App/Api/Conf/config.php 第 40 行.

[ 2017-08-05T23:26:42+08:00 ] 218.20.228.128 /minijunxishanhgnz/index.php/Api/Shopping/index
NOTIC: [8] Use of undefined constant SHOW_PAGE_TRACE - assumed 'SHOW_PAGE_TRACE' /www/web/default/public_html/minijunxishanhgnz/App/Common/Conf/debug.php 第 4 行.
INFO: [ app_init ] --START--
INFO: Run Behavior\BuildLiteBehavior [ RunTime:0.000012s ]
INFO: [ app_init ] --END-- [ RunTime:0.000058s ]
NOTIC: [8] Undefined variable: sckey /www/web/default/public_html/minijunxishanhgnz/App/Api/Conf/config.php 第 33 行.
NOTIC: [8] Undefined variable: sckey /www/web/default/public_html/minijunxishanhgnz/App/Api/Conf/config.php 第 33 行.
NOTIC: [8] Undefined variable: sckey /www/web/default/public_html/minijunxishanhgnz/App/Api/Conf/config.php 第 33 行.
NOTIC: [8] Use of undefined constant LOAD_EXT_CONFIG - assumed 'LOAD_EXT_CONFIG' /www/web/default/public_html/minijunxishanhgnz/App/Api/Conf/config.php 第 40 行.

[ 2017-08-05T23:26:42+08:00 ] 218.20.228.128 /minijunxishanhgnz/index.php/Api/Shopping/index
NOTIC: [8] Use of undefined constant SHOW_PAGE_TRACE - assumed 'SHOW_PAGE_TRACE' /www/web/default/public_html/minijunxishanhgnz/App/Common/Conf/debug.php 第 4 行.
INFO: [ app_init ] --START--
INFO: Run Behavior\BuildLiteBehavior [ RunTime:0.000010s ]
INFO: [ app_init ] --END-- [ RunTime:0.000055s ]
NOTIC: [8] Undefined variable: sckey /www/web/default/public_html/minijunxishanhgnz/App/Api/Conf/config.php 第 33 行.
NOTIC: [8] Undefined variable: sckey /www/web/default/public_html/minijunxishanhgnz/App/Api/Conf/config.php 第 33 行.
NOTIC: [8] Undefined variable: sckey /www/web/default/public_html/minijunxishanhgnz/App/Api/Conf/config.php 第 33 行.
NOTIC: [8] Use of undefined constant LOAD_EXT_CONFIG - assumed 'LOAD_EXT_CONFIG' /www/web/default/public_html/minijunxishanhgnz/App/Api/Conf/config.php 第 40 行.

[ 2017-08-05T23:26:43+08:00 ] 218.20.228.128 /minijunxishanhgnz/index.php/Api/User/getorder
NOTIC: [8] Use of undefined constant SHOW_PAGE_TRACE - assumed 'SHOW_PAGE_TRACE' /www/web/default/public_html/minijunxishanhgnz/App/Common/Conf/debug.php 第 4 行.
INFO: [ app_init ] --START--
INFO: Run Behavior\BuildLiteBehavior [ RunTime:0.000017s ]
INFO: [ app_init ] --END-- [ RunTime:0.000074s ]
NOTIC: [8] Undefined variable: sckey /www/web/default/public_html/minijunxishanhgnz/App/Api/Conf/config.php 第 33 行.
NOTIC: [8] Undefined variable: sckey /www/web/default/public_html/minijunxishanhgnz/App/Api/Conf/config.php 第 33 行.
NOTIC: [8] Undefined variable: sckey /www/web/default/public_html/minijunxishanhgnz/App/Api/Conf/config.php 第 33 行.
NOTIC: [8] Use of undefined constant LOAD_EXT_CONFIG - assumed 'LOAD_EXT_CONFIG' /www/web/default/public_html/minijunxishanhgnz/App/Api/Conf/config.php 第 40 行.

[ 2017-08-05T23:26:43+08:00 ] 218.20.228.128 /minijunxishanhgnz/index.php/Api/User/getorder
NOTIC: [8] Use of undefined constant SHOW_PAGE_TRACE - assumed 'SHOW_PAGE_TRACE' /www/web/default/public_html/minijunxishanhgnz/App/Common/Conf/debug.php 第 4 行.
INFO: [ app_init ] --START--
INFO: Run Behavior\BuildLiteBehavior [ RunTime:0.000013s ]
INFO: [ app_init ] --END-- [ RunTime:0.000063s ]
NOTIC: [8] Undefined variable: sckey /www/web/default/public_html/minijunxishanhgnz/App/Api/Conf/config.php 第 33 行.
NOTIC: [8] Undefined variable: sckey /www/web/default/public_html/minijunxishanhgnz/App/Api/Conf/config.php 第 33 行.
NOTIC: [8] Undefined variable: sckey /www/web/default/public_html/minijunxishanhgnz/App/Api/Conf/config.php 第 33 行.
NOTIC: [8] Use of undefined constant LOAD_EXT_CONFIG - assumed 'LOAD_EXT_CONFIG' /www/web/default/public_html/minijunxishanhgnz/App/Api/Conf/config.php 第 40 行.

[ 2017-08-05T23:26:47+08:00 ] 218.20.228.128 /minijunxishanhgnz/index.php/Api/Product/lists
NOTIC: [8] Use of undefined constant SHOW_PAGE_TRACE - assumed 'SHOW_PAGE_TRACE' /www/web/default/public_html/minijunxishanhgnz/App/Common/Conf/debug.php 第 4 行.
INFO: [ app_init ] --START--
INFO: Run Behavior\BuildLiteBehavior [ RunTime:0.000014s ]
INFO: [ app_init ] --END-- [ RunTime:0.000065s ]
NOTIC: [8] Undefined variable: sckey /www/web/default/public_html/minijunxishanhgnz/App/Api/Conf/config.php 第 33 行.
NOTIC: [8] Undefined variable: sckey /www/web/default/public_html/minijunxishanhgnz/App/Api/Conf/config.php 第 33 行.
NOTIC: [8] Undefined variable: sckey /www/web/default/public_html/minijunxishanhgnz/App/Api/Conf/config.php 第 33 行.
NOTIC: [8] Use of undefined constant LOAD_EXT_CONFIG - assumed 'LOAD_EXT_CONFIG' /www/web/default/public_html/minijunxishanhgnz/App/Api/Conf/config.php 第 40 行.

[ 2017-08-05T23:30:48+08:00 ] 218.20.228.177 /minijunxishanhgnz/index.php/Api/Product/lists
NOTIC: [8] Use of undefined constant SHOW_PAGE_TRACE - assumed 'SHOW_PAGE_TRACE' /www/web/default/public_html/minijunxishanhgnz/App/Common/Conf/debug.php 第 4 行.
INFO: [ app_init ] --START--
INFO: Run Behavior\BuildLiteBehavior [ RunTime:0.000012s ]
INFO: [ app_init ] --END-- [ RunTime:0.000060s ]
NOTIC: [8] Undefined variable: sckey /www/web/default/public_html/minijunxishanhgnz/App/Api/Conf/config.php 第 33 行.
NOTIC: [8] Undefined variable: sckey /www/web/default/public_html/minijunxishanhgnz/App/Api/Conf/config.php 第 33 行.
NOTIC: [8] Undefined variable: sckey /www/web/default/public_html/minijunxishanhgnz/App/Api/Conf/config.php 第 33 行.
NOTIC: [8] Use of undefined constant LOAD_EXT_CONFIG - assumed 'LOAD_EXT_CONFIG' /www/web/default/public_html/minijunxishanhgnz/App/Api/Conf/config.php 第 40 行.

[ 2017-08-05T23:30:53+08:00 ] 218.20.228.177 /minijunxishanhgnz/index.php/Api/Product/lists
NOTIC: [8] Use of undefined constant SHOW_PAGE_TRACE - assumed 'SHOW_PAGE_TRACE' /www/web/default/public_html/minijunxishanhgnz/App/Common/Conf/debug.php 第 4 行.
INFO: [ app_init ] --START--
INFO: Run Behavior\BuildLiteBehavior [ RunTime:0.000012s ]
INFO: [ app_init ] --END-- [ RunTime:0.000060s ]
NOTIC: [8] Undefined variable: sckey /www/web/default/public_html/minijunxishanhgnz/App/Api/Conf/config.php 第 33 行.
NOTIC: [8] Undefined variable: sckey /www/web/default/public_html/minijunxishanhgnz/App/Api/Conf/config.php 第 33 行.
NOTIC: [8] Undefined variable: sckey /www/web/default/public_html/minijunxishanhgnz/App/Api/Conf/config.php 第 33 行.
NOTIC: [8] Use of undefined constant LOAD_EXT_CONFIG - assumed 'LOAD_EXT_CONFIG' /www/web/default/public_html/minijunxishanhgnz/App/Api/Conf/config.php 第 40 行.

[ 2017-08-05T23:30:55+08:00 ] 218.20.228.177 /minijunxishanhgnz/index.php/Api/Product/get_more
NOTIC: [8] Use of undefined constant SHOW_PAGE_TRACE - assumed 'SHOW_PAGE_TRACE' /www/web/default/public_html/minijunxishanhgnz/App/Common/Conf/debug.php 第 4 行.
INFO: [ app_init ] --START--
INFO: Run Behavior\BuildLiteBehavior [ RunTime:0.000012s ]
INFO: [ app_init ] --END-- [ RunTime:0.000057s ]
NOTIC: [8] Undefined variable: sckey /www/web/default/public_html/minijunxishanhgnz/App/Api/Conf/config.php 第 33 行.
NOTIC: [8] Undefined variable: sckey /www/web/default/public_html/minijunxishanhgnz/App/Api/Conf/config.php 第 33 行.
NOTIC: [8] Undefined variable: sckey /www/web/default/public_html/minijunxishanhgnz/App/Api/Conf/config.php 第 33 行.
NOTIC: [8] Use of undefined constant LOAD_EXT_CONFIG - assumed 'LOAD_EXT_CONFIG' /www/web/default/public_html/minijunxishanhgnz/App/Api/Conf/config.php 第 40 行.

[ 2017-08-05T23:56:24+08:00 ] 42.199.57.50 /minijunxishanhgnz/index.php/Api/Index/index
NOTIC: [8] Use of undefined constant SHOW_PAGE_TRACE - assumed 'SHOW_PAGE_TRACE' /www/web/default/public_html/minijunxishanhgnz/App/Common/Conf/debug.php 第 4 行.
INFO: [ app_init ] --START--
INFO: Run Behavior\BuildLiteBehavior [ RunTime:0.000015s ]
INFO: [ app_init ] --END-- [ RunTime:0.000067s ]
NOTIC: [8] Undefined variable: sckey /www/web/default/public_html/minijunxishanhgnz/App/Api/Conf/config.php 第 33 行.
NOTIC: [8] Undefined variable: sckey /www/web/default/public_html/minijunxishanhgnz/App/Api/Conf/config.php 第 33 行.
NOTIC: [8] Undefined variable: sckey /www/web/default/public_html/minijunxishanhgnz/App/Api/Conf/config.php 第 33 行.
NOTIC: [8] Use of undefined constant LOAD_EXT_CONFIG - assumed 'LOAD_EXT_CONFIG' /www/web/default/public_html/minijunxishanhgnz/App/Api/Conf/config.php 第 40 行.

[ 2017-08-05T23:56:27+08:00 ] 42.199.57.50 /minijunxishanhgnz/index.php/Api/Login/getsessionkey
NOTIC: [8] Use of undefined constant SHOW_PAGE_TRACE - assumed 'SHOW_PAGE_TRACE' /www/web/default/public_html/minijunxishanhgnz/App/Common/Conf/debug.php 第 4 行.
INFO: [ app_init ] --START--
INFO: Run Behavior\BuildLiteBehavior [ RunTime:0.000012s ]
INFO: [ app_init ] --END-- [ RunTime:0.000079s ]
NOTIC: [8] Undefined variable: sckey /www/web/default/public_html/minijunxishanhgnz/App/Api/Conf/config.php 第 33 行.
NOTIC: [8] Undefined variable: sckey /www/web/default/public_html/minijunxishanhgnz/App/Api/Conf/config.php 第 33 行.
NOTIC: [8] Undefined variable: sckey /www/web/default/public_html/minijunxishanhgnz/App/Api/Conf/config.php 第 33 行.
NOTIC: [8] Use of undefined constant LOAD_EXT_CONFIG - assumed 'LOAD_EXT_CONFIG' /www/web/default/public_html/minijunxishanhgnz/App/Api/Conf/config.php 第 40 行.

[ 2017-08-05T23:56:28+08:00 ] 42.199.57.50 /minijunxishanhgnz/index.php/Api/Login/authlogin
NOTIC: [8] Use of undefined constant SHOW_PAGE_TRACE - assumed 'SHOW_PAGE_TRACE' /www/web/default/public_html/minijunxishanhgnz/App/Common/Conf/debug.php 第 4 行.
INFO: [ app_init ] --START--
INFO: Run Behavior\BuildLiteBehavior [ RunTime:0.000013s ]
INFO: [ app_init ] --END-- [ RunTime:0.000061s ]
NOTIC: [8] Undefined variable: sckey /www/web/default/public_html/minijunxishanhgnz/App/Api/Conf/config.php 第 33 行.
NOTIC: [8] Undefined variable: sckey /www/web/default/public_html/minijunxishanhgnz/App/Api/Conf/config.php 第 33 行.
NOTIC: [8] Undefined variable: sckey /www/web/default/public_html/minijunxishanhgnz/App/Api/Conf/config.php 第 33 行.
NOTIC: [8] Use of undefined constant LOAD_EXT_CONFIG - assumed 'LOAD_EXT_CONFIG' /www/web/default/public_html/minijunxishanhgnz/App/Api/Conf/config.php 第 40 行.

