[ 2017-08-18T07:57:59+08:00 ] 117.136.28.237 /minijunxishanhgnz/index.php/Api/Index/index
NOTIC: [8] Use of undefined constant SHOW_PAGE_TRACE - assumed 'SHOW_PAGE_TRACE' /www/web/default/public_html/minijunxishanhgnz/App/Common/Conf/debug.php 第 4 行.
INFO: [ app_init ] --START--
INFO: Run Behavior\BuildLiteBehavior [ RunTime:0.000021s ]
INFO: [ app_init ] --END-- [ RunTime:0.000081s ]
NOTIC: [8] Undefined variable: sckey /www/web/default/public_html/minijunxishanhgnz/App/Api/Conf/config.php 第 33 行.
NOTIC: [8] Undefined variable: sckey /www/web/default/public_html/minijunxishanhgnz/App/Api/Conf/config.php 第 33 行.
NOTIC: [8] Undefined variable: sckey /www/web/default/public_html/minijunxishanhgnz/App/Api/Conf/config.php 第 33 行.
NOTIC: [8] Use of undefined constant LOAD_EXT_CONFIG - assumed 'LOAD_EXT_CONFIG' /www/web/default/public_html/minijunxishanhgnz/App/Api/Conf/config.php 第 40 行.

[ 2017-08-18T07:58:05+08:00 ] 117.136.28.237 /minijunxishanhgnz/index.php/Api/Login/getsessionkey
NOTIC: [8] Use of undefined constant SHOW_PAGE_TRACE - assumed 'SHOW_PAGE_TRACE' /www/web/default/public_html/minijunxishanhgnz/App/Common/Conf/debug.php 第 4 行.
INFO: [ app_init ] --START--
INFO: Run Behavior\BuildLiteBehavior [ RunTime:0.000014s ]
INFO: [ app_init ] --END-- [ RunTime:0.000064s ]
NOTIC: [8] Undefined variable: sckey /www/web/default/public_html/minijunxishanhgnz/App/Api/Conf/config.php 第 33 行.
NOTIC: [8] Undefined variable: sckey /www/web/default/public_html/minijunxishanhgnz/App/Api/Conf/config.php 第 33 行.
NOTIC: [8] Undefined variable: sckey /www/web/default/public_html/minijunxishanhgnz/App/Api/Conf/config.php 第 33 行.
NOTIC: [8] Use of undefined constant LOAD_EXT_CONFIG - assumed 'LOAD_EXT_CONFIG' /www/web/default/public_html/minijunxishanhgnz/App/Api/Conf/config.php 第 40 行.

[ 2017-08-18T07:58:06+08:00 ] 117.136.28.237 /minijunxishanhgnz/index.php/Api/Login/authlogin
NOTIC: [8] Use of undefined constant SHOW_PAGE_TRACE - assumed 'SHOW_PAGE_TRACE' /www/web/default/public_html/minijunxishanhgnz/App/Common/Conf/debug.php 第 4 行.
INFO: [ app_init ] --START--
INFO: Run Behavior\BuildLiteBehavior [ RunTime:0.000013s ]
INFO: [ app_init ] --END-- [ RunTime:0.000061s ]
NOTIC: [8] Undefined variable: sckey /www/web/default/public_html/minijunxishanhgnz/App/Api/Conf/config.php 第 33 行.
NOTIC: [8] Undefined variable: sckey /www/web/default/public_html/minijunxishanhgnz/App/Api/Conf/config.php 第 33 行.
NOTIC: [8] Undefined variable: sckey /www/web/default/public_html/minijunxishanhgnz/App/Api/Conf/config.php 第 33 行.
NOTIC: [8] Use of undefined constant LOAD_EXT_CONFIG - assumed 'LOAD_EXT_CONFIG' /www/web/default/public_html/minijunxishanhgnz/App/Api/Conf/config.php 第 40 行.

[ 2017-08-18T07:58:15+08:00 ] 117.136.28.237 /minijunxishanhgnz/index.php/Api/Product/lists
NOTIC: [8] Use of undefined constant SHOW_PAGE_TRACE - assumed 'SHOW_PAGE_TRACE' /www/web/default/public_html/minijunxishanhgnz/App/Common/Conf/debug.php 第 4 行.
INFO: [ app_init ] --START--
INFO: Run Behavior\BuildLiteBehavior [ RunTime:0.000012s ]
INFO: [ app_init ] --END-- [ RunTime:0.000059s ]
NOTIC: [8] Undefined variable: sckey /www/web/default/public_html/minijunxishanhgnz/App/Api/Conf/config.php 第 33 行.
NOTIC: [8] Undefined variable: sckey /www/web/default/public_html/minijunxishanhgnz/App/Api/Conf/config.php 第 33 行.
NOTIC: [8] Undefined variable: sckey /www/web/default/public_html/minijunxishanhgnz/App/Api/Conf/config.php 第 33 行.
NOTIC: [8] Use of undefined constant LOAD_EXT_CONFIG - assumed 'LOAD_EXT_CONFIG' /www/web/default/public_html/minijunxishanhgnz/App/Api/Conf/config.php 第 40 行.

[ 2017-08-18T07:58:46+08:00 ] 117.136.28.237 /minijunxishanhgnz/index.php/Api/Product/lists
NOTIC: [8] Use of undefined constant SHOW_PAGE_TRACE - assumed 'SHOW_PAGE_TRACE' /www/web/default/public_html/minijunxishanhgnz/App/Common/Conf/debug.php 第 4 行.
INFO: [ app_init ] --START--
INFO: Run Behavior\BuildLiteBehavior [ RunTime:0.000013s ]
INFO: [ app_init ] --END-- [ RunTime:0.000061s ]
NOTIC: [8] Undefined variable: sckey /www/web/default/public_html/minijunxishanhgnz/App/Api/Conf/config.php 第 33 行.
NOTIC: [8] Undefined variable: sckey /www/web/default/public_html/minijunxishanhgnz/App/Api/Conf/config.php 第 33 行.
NOTIC: [8] Undefined variable: sckey /www/web/default/public_html/minijunxishanhgnz/App/Api/Conf/config.php 第 33 行.
NOTIC: [8] Use of undefined constant LOAD_EXT_CONFIG - assumed 'LOAD_EXT_CONFIG' /www/web/default/public_html/minijunxishanhgnz/App/Api/Conf/config.php 第 40 行.

[ 2017-08-18T07:58:56+08:00 ] 117.136.28.237 /minijunxishanhgnz/index.php/Api/Product/get_more
NOTIC: [8] Use of undefined constant SHOW_PAGE_TRACE - assumed 'SHOW_PAGE_TRACE' /www/web/default/public_html/minijunxishanhgnz/App/Common/Conf/debug.php 第 4 行.
INFO: [ app_init ] --START--
INFO: Run Behavior\BuildLiteBehavior [ RunTime:0.000012s ]
INFO: [ app_init ] --END-- [ RunTime:0.000060s ]
NOTIC: [8] Undefined variable: sckey /www/web/default/public_html/minijunxishanhgnz/App/Api/Conf/config.php 第 33 行.
NOTIC: [8] Undefined variable: sckey /www/web/default/public_html/minijunxishanhgnz/App/Api/Conf/config.php 第 33 行.
NOTIC: [8] Undefined variable: sckey /www/web/default/public_html/minijunxishanhgnz/App/Api/Conf/config.php 第 33 行.
NOTIC: [8] Use of undefined constant LOAD_EXT_CONFIG - assumed 'LOAD_EXT_CONFIG' /www/web/default/public_html/minijunxishanhgnz/App/Api/Conf/config.php 第 40 行.

[ 2017-08-18T07:59:02+08:00 ] 117.136.28.237 /minijunxishanhgnz/index.php/Api/Product/index
NOTIC: [8] Use of undefined constant SHOW_PAGE_TRACE - assumed 'SHOW_PAGE_TRACE' /www/web/default/public_html/minijunxishanhgnz/App/Common/Conf/debug.php 第 4 行.
INFO: [ app_init ] --START--
INFO: Run Behavior\BuildLiteBehavior [ RunTime:0.000012s ]
INFO: [ app_init ] --END-- [ RunTime:0.000060s ]
NOTIC: [8] Undefined variable: sckey /www/web/default/public_html/minijunxishanhgnz/App/Api/Conf/config.php 第 33 行.
NOTIC: [8] Undefined variable: sckey /www/web/default/public_html/minijunxishanhgnz/App/Api/Conf/config.php 第 33 行.
NOTIC: [8] Undefined variable: sckey /www/web/default/public_html/minijunxishanhgnz/App/Api/Conf/config.php 第 33 行.
NOTIC: [8] Use of undefined constant LOAD_EXT_CONFIG - assumed 'LOAD_EXT_CONFIG' /www/web/default/public_html/minijunxishanhgnz/App/Api/Conf/config.php 第 40 行.

[ 2017-08-18T07:59:15+08:00 ] 117.136.28.237 /minijunxishanhgnz/index.php/Api/Shangchang/shop_details
NOTIC: [8] Use of undefined constant SHOW_PAGE_TRACE - assumed 'SHOW_PAGE_TRACE' /www/web/default/public_html/minijunxishanhgnz/App/Common/Conf/debug.php 第 4 行.
INFO: [ app_init ] --START--
INFO: Run Behavior\BuildLiteBehavior [ RunTime:0.000012s ]
INFO: [ app_init ] --END-- [ RunTime:0.000060s ]
NOTIC: [8] Undefined variable: sckey /www/web/default/public_html/minijunxishanhgnz/App/Api/Conf/config.php 第 33 行.
NOTIC: [8] Undefined variable: sckey /www/web/default/public_html/minijunxishanhgnz/App/Api/Conf/config.php 第 33 行.
NOTIC: [8] Undefined variable: sckey /www/web/default/public_html/minijunxishanhgnz/App/Api/Conf/config.php 第 33 行.
NOTIC: [8] Use of undefined constant LOAD_EXT_CONFIG - assumed 'LOAD_EXT_CONFIG' /www/web/default/public_html/minijunxishanhgnz/App/Api/Conf/config.php 第 40 行.

[ 2017-08-18T07:59:34+08:00 ] 117.136.28.237 /minijunxishanhgnz/index.php/Api/Voucher/index
NOTIC: [8] Use of undefined constant SHOW_PAGE_TRACE - assumed 'SHOW_PAGE_TRACE' /www/web/default/public_html/minijunxishanhgnz/App/Common/Conf/debug.php 第 4 行.
INFO: [ app_init ] --START--
INFO: Run Behavior\BuildLiteBehavior [ RunTime:0.000016s ]
INFO: [ app_init ] --END-- [ RunTime:0.000086s ]
NOTIC: [8] Undefined variable: sckey /www/web/default/public_html/minijunxishanhgnz/App/Api/Conf/config.php 第 33 行.
NOTIC: [8] Undefined variable: sckey /www/web/default/public_html/minijunxishanhgnz/App/Api/Conf/config.php 第 33 行.
NOTIC: [8] Undefined variable: sckey /www/web/default/public_html/minijunxishanhgnz/App/Api/Conf/config.php 第 33 行.
NOTIC: [8] Use of undefined constant LOAD_EXT_CONFIG - assumed 'LOAD_EXT_CONFIG' /www/web/default/public_html/minijunxishanhgnz/App/Api/Conf/config.php 第 40 行.

[ 2017-08-18T07:59:52+08:00 ] 117.136.28.237 /minijunxishanhgnz/index.php/Api/Shangchang/index
NOTIC: [8] Use of undefined constant SHOW_PAGE_TRACE - assumed 'SHOW_PAGE_TRACE' /www/web/default/public_html/minijunxishanhgnz/App/Common/Conf/debug.php 第 4 行.
INFO: [ app_init ] --START--
INFO: Run Behavior\BuildLiteBehavior [ RunTime:0.000012s ]
INFO: [ app_init ] --END-- [ RunTime:0.000081s ]
NOTIC: [8] Undefined variable: sckey /www/web/default/public_html/minijunxishanhgnz/App/Api/Conf/config.php 第 33 行.
NOTIC: [8] Undefined variable: sckey /www/web/default/public_html/minijunxishanhgnz/App/Api/Conf/config.php 第 33 行.
NOTIC: [8] Undefined variable: sckey /www/web/default/public_html/minijunxishanhgnz/App/Api/Conf/config.php 第 33 行.
NOTIC: [8] Use of undefined constant LOAD_EXT_CONFIG - assumed 'LOAD_EXT_CONFIG' /www/web/default/public_html/minijunxishanhgnz/App/Api/Conf/config.php 第 40 行.

[ 2017-08-18T08:00:12+08:00 ] 117.136.28.237 /minijunxishanhgnz/index.php/Api/Shangchang/shop_details
NOTIC: [8] Use of undefined constant SHOW_PAGE_TRACE - assumed 'SHOW_PAGE_TRACE' /www/web/default/public_html/minijunxishanhgnz/App/Common/Conf/debug.php 第 4 行.
INFO: [ app_init ] --START--
INFO: Run Behavior\BuildLiteBehavior [ RunTime:0.000012s ]
INFO: [ app_init ] --END-- [ RunTime:0.000058s ]
NOTIC: [8] Undefined variable: sckey /www/web/default/public_html/minijunxishanhgnz/App/Api/Conf/config.php 第 33 行.
NOTIC: [8] Undefined variable: sckey /www/web/default/public_html/minijunxishanhgnz/App/Api/Conf/config.php 第 33 行.
NOTIC: [8] Undefined variable: sckey /www/web/default/public_html/minijunxishanhgnz/App/Api/Conf/config.php 第 33 行.
NOTIC: [8] Use of undefined constant LOAD_EXT_CONFIG - assumed 'LOAD_EXT_CONFIG' /www/web/default/public_html/minijunxishanhgnz/App/Api/Conf/config.php 第 40 行.

[ 2017-08-18T08:00:42+08:00 ] 117.136.28.237 /minijunxishanhgnz/index.php/Api/Shangchang/index
NOTIC: [8] Use of undefined constant SHOW_PAGE_TRACE - assumed 'SHOW_PAGE_TRACE' /www/web/default/public_html/minijunxishanhgnz/App/Common/Conf/debug.php 第 4 行.
INFO: [ app_init ] --START--
INFO: Run Behavior\BuildLiteBehavior [ RunTime:0.000013s ]
INFO: [ app_init ] --END-- [ RunTime:0.000059s ]
NOTIC: [8] Undefined variable: sckey /www/web/default/public_html/minijunxishanhgnz/App/Api/Conf/config.php 第 33 行.
NOTIC: [8] Undefined variable: sckey /www/web/default/public_html/minijunxishanhgnz/App/Api/Conf/config.php 第 33 行.
NOTIC: [8] Undefined variable: sckey /www/web/default/public_html/minijunxishanhgnz/App/Api/Conf/config.php 第 33 行.
NOTIC: [8] Use of undefined constant LOAD_EXT_CONFIG - assumed 'LOAD_EXT_CONFIG' /www/web/default/public_html/minijunxishanhgnz/App/Api/Conf/config.php 第 40 行.

[ 2017-08-18T08:00:42+08:00 ] 117.136.28.237 /minijunxishanhgnz/index.php/Api/Shangchang/get_more
NOTIC: [8] Use of undefined constant SHOW_PAGE_TRACE - assumed 'SHOW_PAGE_TRACE' /www/web/default/public_html/minijunxishanhgnz/App/Common/Conf/debug.php 第 4 行.
INFO: [ app_init ] --START--
INFO: Run Behavior\BuildLiteBehavior [ RunTime:0.000015s ]
INFO: [ app_init ] --END-- [ RunTime:0.000068s ]
NOTIC: [8] Undefined variable: sckey /www/web/default/public_html/minijunxishanhgnz/App/Api/Conf/config.php 第 33 行.
NOTIC: [8] Undefined variable: sckey /www/web/default/public_html/minijunxishanhgnz/App/Api/Conf/config.php 第 33 行.
NOTIC: [8] Undefined variable: sckey /www/web/default/public_html/minijunxishanhgnz/App/Api/Conf/config.php 第 33 行.
NOTIC: [8] Use of undefined constant LOAD_EXT_CONFIG - assumed 'LOAD_EXT_CONFIG' /www/web/default/public_html/minijunxishanhgnz/App/Api/Conf/config.php 第 40 行.

[ 2017-08-18T08:00:43+08:00 ] 117.136.28.237 /minijunxishanhgnz/index.php/Api/Shangchang/get_more
NOTIC: [8] Use of undefined constant SHOW_PAGE_TRACE - assumed 'SHOW_PAGE_TRACE' /www/web/default/public_html/minijunxishanhgnz/App/Common/Conf/debug.php 第 4 行.
INFO: [ app_init ] --START--
INFO: Run Behavior\BuildLiteBehavior [ RunTime:0.000013s ]
INFO: [ app_init ] --END-- [ RunTime:0.000060s ]
NOTIC: [8] Undefined variable: sckey /www/web/default/public_html/minijunxishanhgnz/App/Api/Conf/config.php 第 33 行.
NOTIC: [8] Undefined variable: sckey /www/web/default/public_html/minijunxishanhgnz/App/Api/Conf/config.php 第 33 行.
NOTIC: [8] Undefined variable: sckey /www/web/default/public_html/minijunxishanhgnz/App/Api/Conf/config.php 第 33 行.
NOTIC: [8] Use of undefined constant LOAD_EXT_CONFIG - assumed 'LOAD_EXT_CONFIG' /www/web/default/public_html/minijunxishanhgnz/App/Api/Conf/config.php 第 40 行.

[ 2017-08-18T08:00:43+08:00 ] 117.136.28.237 /minijunxishanhgnz/index.php/Api/Shangchang/get_more
NOTIC: [8] Use of undefined constant SHOW_PAGE_TRACE - assumed 'SHOW_PAGE_TRACE' /www/web/default/public_html/minijunxishanhgnz/App/Common/Conf/debug.php 第 4 行.
INFO: [ app_init ] --START--
INFO: Run Behavior\BuildLiteBehavior [ RunTime:0.000020s ]
INFO: [ app_init ] --END-- [ RunTime:0.000089s ]
NOTIC: [8] Undefined variable: sckey /www/web/default/public_html/minijunxishanhgnz/App/Api/Conf/config.php 第 33 行.
NOTIC: [8] Undefined variable: sckey /www/web/default/public_html/minijunxishanhgnz/App/Api/Conf/config.php 第 33 行.
NOTIC: [8] Undefined variable: sckey /www/web/default/public_html/minijunxishanhgnz/App/Api/Conf/config.php 第 33 行.
NOTIC: [8] Use of undefined constant LOAD_EXT_CONFIG - assumed 'LOAD_EXT_CONFIG' /www/web/default/public_html/minijunxishanhgnz/App/Api/Conf/config.php 第 40 行.

[ 2017-08-18T08:00:44+08:00 ] 117.136.28.237 /minijunxishanhgnz/index.php/Api/Shangchang/index
NOTIC: [8] Use of undefined constant SHOW_PAGE_TRACE - assumed 'SHOW_PAGE_TRACE' /www/web/default/public_html/minijunxishanhgnz/App/Common/Conf/debug.php 第 4 行.
INFO: [ app_init ] --START--
INFO: Run Behavior\BuildLiteBehavior [ RunTime:0.000012s ]
INFO: [ app_init ] --END-- [ RunTime:0.000063s ]
NOTIC: [8] Undefined variable: sckey /www/web/default/public_html/minijunxishanhgnz/App/Api/Conf/config.php 第 33 行.
NOTIC: [8] Undefined variable: sckey /www/web/default/public_html/minijunxishanhgnz/App/Api/Conf/config.php 第 33 行.
NOTIC: [8] Undefined variable: sckey /www/web/default/public_html/minijunxishanhgnz/App/Api/Conf/config.php 第 33 行.
NOTIC: [8] Use of undefined constant LOAD_EXT_CONFIG - assumed 'LOAD_EXT_CONFIG' /www/web/default/public_html/minijunxishanhgnz/App/Api/Conf/config.php 第 40 行.

[ 2017-08-18T08:00:57+08:00 ] 117.136.28.237 /minijunxishanhgnz/index.php/Api/Shangchang/shop_details
NOTIC: [8] Use of undefined constant SHOW_PAGE_TRACE - assumed 'SHOW_PAGE_TRACE' /www/web/default/public_html/minijunxishanhgnz/App/Common/Conf/debug.php 第 4 行.
INFO: [ app_init ] --START--
INFO: Run Behavior\BuildLiteBehavior [ RunTime:0.000014s ]
INFO: [ app_init ] --END-- [ RunTime:0.000065s ]
NOTIC: [8] Undefined variable: sckey /www/web/default/public_html/minijunxishanhgnz/App/Api/Conf/config.php 第 33 行.
NOTIC: [8] Undefined variable: sckey /www/web/default/public_html/minijunxishanhgnz/App/Api/Conf/config.php 第 33 行.
NOTIC: [8] Undefined variable: sckey /www/web/default/public_html/minijunxishanhgnz/App/Api/Conf/config.php 第 33 行.
NOTIC: [8] Use of undefined constant LOAD_EXT_CONFIG - assumed 'LOAD_EXT_CONFIG' /www/web/default/public_html/minijunxishanhgnz/App/Api/Conf/config.php 第 40 行.

[ 2017-08-18T08:01:02+08:00 ] 117.136.28.237 /minijunxishanhgnz/index.php/Api/Product/index
NOTIC: [8] Use of undefined constant SHOW_PAGE_TRACE - assumed 'SHOW_PAGE_TRACE' /www/web/default/public_html/minijunxishanhgnz/App/Common/Conf/debug.php 第 4 行.
INFO: [ app_init ] --START--
INFO: Run Behavior\BuildLiteBehavior [ RunTime:0.000012s ]
INFO: [ app_init ] --END-- [ RunTime:0.000058s ]
NOTIC: [8] Undefined variable: sckey /www/web/default/public_html/minijunxishanhgnz/App/Api/Conf/config.php 第 33 行.
NOTIC: [8] Undefined variable: sckey /www/web/default/public_html/minijunxishanhgnz/App/Api/Conf/config.php 第 33 行.
NOTIC: [8] Undefined variable: sckey /www/web/default/public_html/minijunxishanhgnz/App/Api/Conf/config.php 第 33 行.
NOTIC: [8] Use of undefined constant LOAD_EXT_CONFIG - assumed 'LOAD_EXT_CONFIG' /www/web/default/public_html/minijunxishanhgnz/App/Api/Conf/config.php 第 40 行.

[ 2017-08-18T08:01:58+08:00 ] 117.136.28.80 /minijunxishanhgnz/index.php/Api/Shangchang/index
NOTIC: [8] Use of undefined constant SHOW_PAGE_TRACE - assumed 'SHOW_PAGE_TRACE' /www/web/default/public_html/minijunxishanhgnz/App/Common/Conf/debug.php 第 4 行.
INFO: [ app_init ] --START--
INFO: Run Behavior\BuildLiteBehavior [ RunTime:0.000014s ]
INFO: [ app_init ] --END-- [ RunTime:0.000066s ]
NOTIC: [8] Undefined variable: sckey /www/web/default/public_html/minijunxishanhgnz/App/Api/Conf/config.php 第 33 行.
NOTIC: [8] Undefined variable: sckey /www/web/default/public_html/minijunxishanhgnz/App/Api/Conf/config.php 第 33 行.
NOTIC: [8] Undefined variable: sckey /www/web/default/public_html/minijunxishanhgnz/App/Api/Conf/config.php 第 33 行.
NOTIC: [8] Use of undefined constant LOAD_EXT_CONFIG - assumed 'LOAD_EXT_CONFIG' /www/web/default/public_html/minijunxishanhgnz/App/Api/Conf/config.php 第 40 行.

[ 2017-08-18T08:02:05+08:00 ] 117.136.28.80 /minijunxishanhgnz/index.php/Api/Shangchang/get_more
NOTIC: [8] Use of undefined constant SHOW_PAGE_TRACE - assumed 'SHOW_PAGE_TRACE' /www/web/default/public_html/minijunxishanhgnz/App/Common/Conf/debug.php 第 4 行.
INFO: [ app_init ] --START--
INFO: Run Behavior\BuildLiteBehavior [ RunTime:0.000017s ]
INFO: [ app_init ] --END-- [ RunTime:0.000080s ]
NOTIC: [8] Undefined variable: sckey /www/web/default/public_html/minijunxishanhgnz/App/Api/Conf/config.php 第 33 行.
NOTIC: [8] Undefined variable: sckey /www/web/default/public_html/minijunxishanhgnz/App/Api/Conf/config.php 第 33 行.
NOTIC: [8] Undefined variable: sckey /www/web/default/public_html/minijunxishanhgnz/App/Api/Conf/config.php 第 33 行.
NOTIC: [8] Use of undefined constant LOAD_EXT_CONFIG - assumed 'LOAD_EXT_CONFIG' /www/web/default/public_html/minijunxishanhgnz/App/Api/Conf/config.php 第 40 行.

[ 2017-08-18T08:02:07+08:00 ] 117.136.28.80 /minijunxishanhgnz/index.php/Api/Shangchang/get_more
NOTIC: [8] Use of undefined constant SHOW_PAGE_TRACE - assumed 'SHOW_PAGE_TRACE' /www/web/default/public_html/minijunxishanhgnz/App/Common/Conf/debug.php 第 4 行.
INFO: [ app_init ] --START--
INFO: Run Behavior\BuildLiteBehavior [ RunTime:0.000013s ]
INFO: [ app_init ] --END-- [ RunTime:0.000063s ]
NOTIC: [8] Undefined variable: sckey /www/web/default/public_html/minijunxishanhgnz/App/Api/Conf/config.php 第 33 行.
NOTIC: [8] Undefined variable: sckey /www/web/default/public_html/minijunxishanhgnz/App/Api/Conf/config.php 第 33 行.
NOTIC: [8] Undefined variable: sckey /www/web/default/public_html/minijunxishanhgnz/App/Api/Conf/config.php 第 33 行.
NOTIC: [8] Use of undefined constant LOAD_EXT_CONFIG - assumed 'LOAD_EXT_CONFIG' /www/web/default/public_html/minijunxishanhgnz/App/Api/Conf/config.php 第 40 行.

[ 2017-08-18T08:02:16+08:00 ] 117.136.28.80 /minijunxishanhgnz/index.php/Api/Shangchang/shop_details
NOTIC: [8] Use of undefined constant SHOW_PAGE_TRACE - assumed 'SHOW_PAGE_TRACE' /www/web/default/public_html/minijunxishanhgnz/App/Common/Conf/debug.php 第 4 行.
INFO: [ app_init ] --START--
INFO: Run Behavior\BuildLiteBehavior [ RunTime:0.000014s ]
INFO: [ app_init ] --END-- [ RunTime:0.000073s ]
NOTIC: [8] Undefined variable: sckey /www/web/default/public_html/minijunxishanhgnz/App/Api/Conf/config.php 第 33 行.
NOTIC: [8] Undefined variable: sckey /www/web/default/public_html/minijunxishanhgnz/App/Api/Conf/config.php 第 33 行.
NOTIC: [8] Undefined variable: sckey /www/web/default/public_html/minijunxishanhgnz/App/Api/Conf/config.php 第 33 行.
NOTIC: [8] Use of undefined constant LOAD_EXT_CONFIG - assumed 'LOAD_EXT_CONFIG' /www/web/default/public_html/minijunxishanhgnz/App/Api/Conf/config.php 第 40 行.

[ 2017-08-18T10:11:27+08:00 ] 183.41.28.236 /minijunxishanhgnz/index.php/Api/Index/index
NOTIC: [8] Use of undefined constant SHOW_PAGE_TRACE - assumed 'SHOW_PAGE_TRACE' /www/web/default/public_html/minijunxishanhgnz/App/Common/Conf/debug.php 第 4 行.
INFO: [ app_init ] --START--
INFO: Run Behavior\BuildLiteBehavior [ RunTime:0.000013s ]
INFO: [ app_init ] --END-- [ RunTime:0.000063s ]
NOTIC: [8] Undefined variable: sckey /www/web/default/public_html/minijunxishanhgnz/App/Api/Conf/config.php 第 33 行.
NOTIC: [8] Undefined variable: sckey /www/web/default/public_html/minijunxishanhgnz/App/Api/Conf/config.php 第 33 行.
NOTIC: [8] Undefined variable: sckey /www/web/default/public_html/minijunxishanhgnz/App/Api/Conf/config.php 第 33 行.
NOTIC: [8] Use of undefined constant LOAD_EXT_CONFIG - assumed 'LOAD_EXT_CONFIG' /www/web/default/public_html/minijunxishanhgnz/App/Api/Conf/config.php 第 40 行.

[ 2017-08-18T14:07:24+08:00 ] 117.136.32.53 /minijunxishanhgnz/index.php/Api/Index/index
NOTIC: [8] Use of undefined constant SHOW_PAGE_TRACE - assumed 'SHOW_PAGE_TRACE' /www/web/default/public_html/minijunxishanhgnz/App/Common/Conf/debug.php 第 4 行.
INFO: [ app_init ] --START--
INFO: Run Behavior\BuildLiteBehavior [ RunTime:0.000018s ]
INFO: [ app_init ] --END-- [ RunTime:0.000076s ]
NOTIC: [8] Undefined variable: sckey /www/web/default/public_html/minijunxishanhgnz/App/Api/Conf/config.php 第 33 行.
NOTIC: [8] Undefined variable: sckey /www/web/default/public_html/minijunxishanhgnz/App/Api/Conf/config.php 第 33 行.
NOTIC: [8] Undefined variable: sckey /www/web/default/public_html/minijunxishanhgnz/App/Api/Conf/config.php 第 33 行.
NOTIC: [8] Use of undefined constant LOAD_EXT_CONFIG - assumed 'LOAD_EXT_CONFIG' /www/web/default/public_html/minijunxishanhgnz/App/Api/Conf/config.php 第 40 行.

[ 2017-08-18T14:07:28+08:00 ] 117.136.32.53 /minijunxishanhgnz/index.php/Api/Login/getsessionkey
NOTIC: [8] Use of undefined constant SHOW_PAGE_TRACE - assumed 'SHOW_PAGE_TRACE' /www/web/default/public_html/minijunxishanhgnz/App/Common/Conf/debug.php 第 4 行.
INFO: [ app_init ] --START--
INFO: Run Behavior\BuildLiteBehavior [ RunTime:0.000014s ]
INFO: [ app_init ] --END-- [ RunTime:0.000067s ]
NOTIC: [8] Undefined variable: sckey /www/web/default/public_html/minijunxishanhgnz/App/Api/Conf/config.php 第 33 行.
NOTIC: [8] Undefined variable: sckey /www/web/default/public_html/minijunxishanhgnz/App/Api/Conf/config.php 第 33 行.
NOTIC: [8] Undefined variable: sckey /www/web/default/public_html/minijunxishanhgnz/App/Api/Conf/config.php 第 33 行.
NOTIC: [8] Use of undefined constant LOAD_EXT_CONFIG - assumed 'LOAD_EXT_CONFIG' /www/web/default/public_html/minijunxishanhgnz/App/Api/Conf/config.php 第 40 行.

[ 2017-08-18T14:07:29+08:00 ] 117.136.32.53 /minijunxishanhgnz/index.php/Api/Login/authlogin
NOTIC: [8] Use of undefined constant SHOW_PAGE_TRACE - assumed 'SHOW_PAGE_TRACE' /www/web/default/public_html/minijunxishanhgnz/App/Common/Conf/debug.php 第 4 行.
INFO: [ app_init ] --START--
INFO: Run Behavior\BuildLiteBehavior [ RunTime:0.000017s ]
INFO: [ app_init ] --END-- [ RunTime:0.000072s ]
NOTIC: [8] Undefined variable: sckey /www/web/default/public_html/minijunxishanhgnz/App/Api/Conf/config.php 第 33 行.
NOTIC: [8] Undefined variable: sckey /www/web/default/public_html/minijunxishanhgnz/App/Api/Conf/config.php 第 33 行.
NOTIC: [8] Undefined variable: sckey /www/web/default/public_html/minijunxishanhgnz/App/Api/Conf/config.php 第 33 行.
NOTIC: [8] Use of undefined constant LOAD_EXT_CONFIG - assumed 'LOAD_EXT_CONFIG' /www/web/default/public_html/minijunxishanhgnz/App/Api/Conf/config.php 第 40 行.

[ 2017-08-18T14:07:39+08:00 ] 117.136.32.53 /minijunxishanhgnz/index.php/Api/Search/index
NOTIC: [8] Use of undefined constant SHOW_PAGE_TRACE - assumed 'SHOW_PAGE_TRACE' /www/web/default/public_html/minijunxishanhgnz/App/Common/Conf/debug.php 第 4 行.
INFO: [ app_init ] --START--
INFO: Run Behavior\BuildLiteBehavior [ RunTime:0.000018s ]
INFO: [ app_init ] --END-- [ RunTime:0.000075s ]
NOTIC: [8] Undefined variable: sckey /www/web/default/public_html/minijunxishanhgnz/App/Api/Conf/config.php 第 33 行.
NOTIC: [8] Undefined variable: sckey /www/web/default/public_html/minijunxishanhgnz/App/Api/Conf/config.php 第 33 行.
NOTIC: [8] Undefined variable: sckey /www/web/default/public_html/minijunxishanhgnz/App/Api/Conf/config.php 第 33 行.
NOTIC: [8] Use of undefined constant LOAD_EXT_CONFIG - assumed 'LOAD_EXT_CONFIG' /www/web/default/public_html/minijunxishanhgnz/App/Api/Conf/config.php 第 40 行.

[ 2017-08-18T16:05:07+08:00 ] 183.238.55.216 /minijunxishanhgnz/index.php/Api/Index/index
NOTIC: [8] Use of undefined constant SHOW_PAGE_TRACE - assumed 'SHOW_PAGE_TRACE' /www/web/default/public_html/minijunxishanhgnz/App/Common/Conf/debug.php 第 4 行.
INFO: [ app_init ] --START--
INFO: Run Behavior\BuildLiteBehavior [ RunTime:0.000014s ]
INFO: [ app_init ] --END-- [ RunTime:0.000063s ]
NOTIC: [8] Undefined variable: sckey /www/web/default/public_html/minijunxishanhgnz/App/Api/Conf/config.php 第 33 行.
NOTIC: [8] Undefined variable: sckey /www/web/default/public_html/minijunxishanhgnz/App/Api/Conf/config.php 第 33 行.
NOTIC: [8] Undefined variable: sckey /www/web/default/public_html/minijunxishanhgnz/App/Api/Conf/config.php 第 33 行.
NOTIC: [8] Use of undefined constant LOAD_EXT_CONFIG - assumed 'LOAD_EXT_CONFIG' /www/web/default/public_html/minijunxishanhgnz/App/Api/Conf/config.php 第 40 行.

[ 2017-08-18T16:05:37+08:00 ] 183.238.55.216 /minijunxishanhgnz/index.php/Api/Index/getlist
NOTIC: [8] Use of undefined constant SHOW_PAGE_TRACE - assumed 'SHOW_PAGE_TRACE' /www/web/default/public_html/minijunxishanhgnz/App/Common/Conf/debug.php 第 4 行.
INFO: [ app_init ] --START--
INFO: Run Behavior\BuildLiteBehavior [ RunTime:0.000012s ]
INFO: [ app_init ] --END-- [ RunTime:0.000059s ]
NOTIC: [8] Undefined variable: sckey /www/web/default/public_html/minijunxishanhgnz/App/Api/Conf/config.php 第 33 行.
NOTIC: [8] Undefined variable: sckey /www/web/default/public_html/minijunxishanhgnz/App/Api/Conf/config.php 第 33 行.
NOTIC: [8] Undefined variable: sckey /www/web/default/public_html/minijunxishanhgnz/App/Api/Conf/config.php 第 33 行.
NOTIC: [8] Use of undefined constant LOAD_EXT_CONFIG - assumed 'LOAD_EXT_CONFIG' /www/web/default/public_html/minijunxishanhgnz/App/Api/Conf/config.php 第 40 行.

[ 2017-08-18T16:05:41+08:00 ] 183.238.55.216 /minijunxishanhgnz/index.php/Api/Index/getlist
NOTIC: [8] Use of undefined constant SHOW_PAGE_TRACE - assumed 'SHOW_PAGE_TRACE' /www/web/default/public_html/minijunxishanhgnz/App/Common/Conf/debug.php 第 4 行.
INFO: [ app_init ] --START--
INFO: Run Behavior\BuildLiteBehavior [ RunTime:0.000025s ]
INFO: [ app_init ] --END-- [ RunTime:0.000115s ]
NOTIC: [8] Undefined variable: sckey /www/web/default/public_html/minijunxishanhgnz/App/Api/Conf/config.php 第 33 行.
NOTIC: [8] Undefined variable: sckey /www/web/default/public_html/minijunxishanhgnz/App/Api/Conf/config.php 第 33 行.
NOTIC: [8] Undefined variable: sckey /www/web/default/public_html/minijunxishanhgnz/App/Api/Conf/config.php 第 33 行.
NOTIC: [8] Use of undefined constant LOAD_EXT_CONFIG - assumed 'LOAD_EXT_CONFIG' /www/web/default/public_html/minijunxishanhgnz/App/Api/Conf/config.php 第 40 行.

[ 2017-08-18T16:36:44+08:00 ] 58.62.197.45 /minijunxishanhgnz/index.php/Api/Index/index
NOTIC: [8] Use of undefined constant SHOW_PAGE_TRACE - assumed 'SHOW_PAGE_TRACE' /www/web/default/public_html/minijunxishanhgnz/App/Common/Conf/debug.php 第 4 行.
INFO: [ app_init ] --START--
INFO: Run Behavior\BuildLiteBehavior [ RunTime:0.000011s ]
INFO: [ app_init ] --END-- [ RunTime:0.000055s ]
NOTIC: [8] Undefined variable: sckey /www/web/default/public_html/minijunxishanhgnz/App/Api/Conf/config.php 第 33 行.
NOTIC: [8] Undefined variable: sckey /www/web/default/public_html/minijunxishanhgnz/App/Api/Conf/config.php 第 33 行.
NOTIC: [8] Undefined variable: sckey /www/web/default/public_html/minijunxishanhgnz/App/Api/Conf/config.php 第 33 行.
NOTIC: [8] Use of undefined constant LOAD_EXT_CONFIG - assumed 'LOAD_EXT_CONFIG' /www/web/default/public_html/minijunxishanhgnz/App/Api/Conf/config.php 第 40 行.

[ 2017-08-18T16:36:55+08:00 ] 58.62.197.45 /minijunxishanhgnz/index.php/Api/Index/getlist
NOTIC: [8] Use of undefined constant SHOW_PAGE_TRACE - assumed 'SHOW_PAGE_TRACE' /www/web/default/public_html/minijunxishanhgnz/App/Common/Conf/debug.php 第 4 行.
INFO: [ app_init ] --START--
INFO: Run Behavior\BuildLiteBehavior [ RunTime:0.000013s ]
INFO: [ app_init ] --END-- [ RunTime:0.000059s ]
NOTIC: [8] Undefined variable: sckey /www/web/default/public_html/minijunxishanhgnz/App/Api/Conf/config.php 第 33 行.
NOTIC: [8] Undefined variable: sckey /www/web/default/public_html/minijunxishanhgnz/App/Api/Conf/config.php 第 33 行.
NOTIC: [8] Undefined variable: sckey /www/web/default/public_html/minijunxishanhgnz/App/Api/Conf/config.php 第 33 行.
NOTIC: [8] Use of undefined constant LOAD_EXT_CONFIG - assumed 'LOAD_EXT_CONFIG' /www/web/default/public_html/minijunxishanhgnz/App/Api/Conf/config.php 第 40 行.

[ 2017-08-18T16:37:01+08:00 ] 58.62.197.45 /minijunxishanhgnz/index.php/Api/Index/getlist
NOTIC: [8] Use of undefined constant SHOW_PAGE_TRACE - assumed 'SHOW_PAGE_TRACE' /www/web/default/public_html/minijunxishanhgnz/App/Common/Conf/debug.php 第 4 行.
INFO: [ app_init ] --START--
INFO: Run Behavior\BuildLiteBehavior [ RunTime:0.000012s ]
INFO: [ app_init ] --END-- [ RunTime:0.000061s ]
NOTIC: [8] Undefined variable: sckey /www/web/default/public_html/minijunxishanhgnz/App/Api/Conf/config.php 第 33 行.
NOTIC: [8] Undefined variable: sckey /www/web/default/public_html/minijunxishanhgnz/App/Api/Conf/config.php 第 33 行.
NOTIC: [8] Undefined variable: sckey /www/web/default/public_html/minijunxishanhgnz/App/Api/Conf/config.php 第 33 行.
NOTIC: [8] Use of undefined constant LOAD_EXT_CONFIG - assumed 'LOAD_EXT_CONFIG' /www/web/default/public_html/minijunxishanhgnz/App/Api/Conf/config.php 第 40 行.

[ 2017-08-18T18:29:19+08:00 ] 223.104.63.112 /minijunxishanhgnz/index.php/Api/Index/index
NOTIC: [8] Use of undefined constant SHOW_PAGE_TRACE - assumed 'SHOW_PAGE_TRACE' /www/web/default/public_html/minijunxishanhgnz/App/Common/Conf/debug.php 第 4 行.
INFO: [ app_init ] --START--
INFO: Run Behavior\BuildLiteBehavior [ RunTime:0.000012s ]
INFO: [ app_init ] --END-- [ RunTime:0.000059s ]
NOTIC: [8] Undefined variable: sckey /www/web/default/public_html/minijunxishanhgnz/App/Api/Conf/config.php 第 33 行.
NOTIC: [8] Undefined variable: sckey /www/web/default/public_html/minijunxishanhgnz/App/Api/Conf/config.php 第 33 行.
NOTIC: [8] Undefined variable: sckey /www/web/default/public_html/minijunxishanhgnz/App/Api/Conf/config.php 第 33 行.
NOTIC: [8] Use of undefined constant LOAD_EXT_CONFIG - assumed 'LOAD_EXT_CONFIG' /www/web/default/public_html/minijunxishanhgnz/App/Api/Conf/config.php 第 40 行.

[ 2017-08-18T18:30:02+08:00 ] 223.104.63.112 /minijunxishanhgnz/index.php/Api/Index/getlist
NOTIC: [8] Use of undefined constant SHOW_PAGE_TRACE - assumed 'SHOW_PAGE_TRACE' /www/web/default/public_html/minijunxishanhgnz/App/Common/Conf/debug.php 第 4 行.
INFO: [ app_init ] --START--
INFO: Run Behavior\BuildLiteBehavior [ RunTime:0.000012s ]
INFO: [ app_init ] --END-- [ RunTime:0.000058s ]
NOTIC: [8] Undefined variable: sckey /www/web/default/public_html/minijunxishanhgnz/App/Api/Conf/config.php 第 33 行.
NOTIC: [8] Undefined variable: sckey /www/web/default/public_html/minijunxishanhgnz/App/Api/Conf/config.php 第 33 行.
NOTIC: [8] Undefined variable: sckey /www/web/default/public_html/minijunxishanhgnz/App/Api/Conf/config.php 第 33 行.
NOTIC: [8] Use of undefined constant LOAD_EXT_CONFIG - assumed 'LOAD_EXT_CONFIG' /www/web/default/public_html/minijunxishanhgnz/App/Api/Conf/config.php 第 40 行.

[ 2017-08-18T18:31:11+08:00 ] 223.104.63.112 /minijunxishanhgnz/index.php/Api/Category/index
NOTIC: [8] Use of undefined constant SHOW_PAGE_TRACE - assumed 'SHOW_PAGE_TRACE' /www/web/default/public_html/minijunxishanhgnz/App/Common/Conf/debug.php 第 4 行.
INFO: [ app_init ] --START--
INFO: Run Behavior\BuildLiteBehavior [ RunTime:0.000017s ]
INFO: [ app_init ] --END-- [ RunTime:0.000075s ]
NOTIC: [8] Undefined variable: sckey /www/web/default/public_html/minijunxishanhgnz/App/Api/Conf/config.php 第 33 行.
NOTIC: [8] Undefined variable: sckey /www/web/default/public_html/minijunxishanhgnz/App/Api/Conf/config.php 第 33 行.
NOTIC: [8] Undefined variable: sckey /www/web/default/public_html/minijunxishanhgnz/App/Api/Conf/config.php 第 33 行.
NOTIC: [8] Use of undefined constant LOAD_EXT_CONFIG - assumed 'LOAD_EXT_CONFIG' /www/web/default/public_html/minijunxishanhgnz/App/Api/Conf/config.php 第 40 行.

[ 2017-08-18T20:00:07+08:00 ] 42.199.57.60 /minijunxishanhgnz/index.php/Api/Index/index
NOTIC: [8] Use of undefined constant SHOW_PAGE_TRACE - assumed 'SHOW_PAGE_TRACE' /www/web/default/public_html/minijunxishanhgnz/App/Common/Conf/debug.php 第 4 行.
INFO: [ app_init ] --START--
INFO: Run Behavior\BuildLiteBehavior [ RunTime:0.000013s ]
INFO: [ app_init ] --END-- [ RunTime:0.000060s ]
NOTIC: [8] Undefined variable: sckey /www/web/default/public_html/minijunxishanhgnz/App/Api/Conf/config.php 第 33 行.
NOTIC: [8] Undefined variable: sckey /www/web/default/public_html/minijunxishanhgnz/App/Api/Conf/config.php 第 33 行.
NOTIC: [8] Undefined variable: sckey /www/web/default/public_html/minijunxishanhgnz/App/Api/Conf/config.php 第 33 行.
NOTIC: [8] Use of undefined constant LOAD_EXT_CONFIG - assumed 'LOAD_EXT_CONFIG' /www/web/default/public_html/minijunxishanhgnz/App/Api/Conf/config.php 第 40 行.

[ 2017-08-18T20:00:12+08:00 ] 42.199.57.60 /minijunxishanhgnz/index.php/Api/Login/getsessionkey
NOTIC: [8] Use of undefined constant SHOW_PAGE_TRACE - assumed 'SHOW_PAGE_TRACE' /www/web/default/public_html/minijunxishanhgnz/App/Common/Conf/debug.php 第 4 行.
INFO: [ app_init ] --START--
INFO: Run Behavior\BuildLiteBehavior [ RunTime:0.000012s ]
INFO: [ app_init ] --END-- [ RunTime:0.000058s ]
NOTIC: [8] Undefined variable: sckey /www/web/default/public_html/minijunxishanhgnz/App/Api/Conf/config.php 第 33 行.
NOTIC: [8] Undefined variable: sckey /www/web/default/public_html/minijunxishanhgnz/App/Api/Conf/config.php 第 33 行.
NOTIC: [8] Undefined variable: sckey /www/web/default/public_html/minijunxishanhgnz/App/Api/Conf/config.php 第 33 行.
NOTIC: [8] Use of undefined constant LOAD_EXT_CONFIG - assumed 'LOAD_EXT_CONFIG' /www/web/default/public_html/minijunxishanhgnz/App/Api/Conf/config.php 第 40 行.

[ 2017-08-18T20:00:13+08:00 ] 42.199.57.60 /minijunxishanhgnz/index.php/Api/Login/authlogin
NOTIC: [8] Use of undefined constant SHOW_PAGE_TRACE - assumed 'SHOW_PAGE_TRACE' /www/web/default/public_html/minijunxishanhgnz/App/Common/Conf/debug.php 第 4 行.
INFO: [ app_init ] --START--
INFO: Run Behavior\BuildLiteBehavior [ RunTime:0.000012s ]
INFO: [ app_init ] --END-- [ RunTime:0.000059s ]
NOTIC: [8] Undefined variable: sckey /www/web/default/public_html/minijunxishanhgnz/App/Api/Conf/config.php 第 33 行.
NOTIC: [8] Undefined variable: sckey /www/web/default/public_html/minijunxishanhgnz/App/Api/Conf/config.php 第 33 行.
NOTIC: [8] Undefined variable: sckey /www/web/default/public_html/minijunxishanhgnz/App/Api/Conf/config.php 第 33 行.
NOTIC: [8] Use of undefined constant LOAD_EXT_CONFIG - assumed 'LOAD_EXT_CONFIG' /www/web/default/public_html/minijunxishanhgnz/App/Api/Conf/config.php 第 40 行.

[ 2017-08-18T20:00:32+08:00 ] 42.199.57.60 /minijunxishanhgnz/index.php/Api/Product/lists
NOTIC: [8] Use of undefined constant SHOW_PAGE_TRACE - assumed 'SHOW_PAGE_TRACE' /www/web/default/public_html/minijunxishanhgnz/App/Common/Conf/debug.php 第 4 行.
INFO: [ app_init ] --START--
INFO: Run Behavior\BuildLiteBehavior [ RunTime:0.000012s ]
INFO: [ app_init ] --END-- [ RunTime:0.000059s ]
NOTIC: [8] Undefined variable: sckey /www/web/default/public_html/minijunxishanhgnz/App/Api/Conf/config.php 第 33 行.
NOTIC: [8] Undefined variable: sckey /www/web/default/public_html/minijunxishanhgnz/App/Api/Conf/config.php 第 33 行.
NOTIC: [8] Undefined variable: sckey /www/web/default/public_html/minijunxishanhgnz/App/Api/Conf/config.php 第 33 行.
NOTIC: [8] Use of undefined constant LOAD_EXT_CONFIG - assumed 'LOAD_EXT_CONFIG' /www/web/default/public_html/minijunxishanhgnz/App/Api/Conf/config.php 第 40 行.

[ 2017-08-18T20:00:55+08:00 ] 42.199.57.88 /minijunxishanhgnz/index.php/Api/Product/get_more
NOTIC: [8] Use of undefined constant SHOW_PAGE_TRACE - assumed 'SHOW_PAGE_TRACE' /www/web/default/public_html/minijunxishanhgnz/App/Common/Conf/debug.php 第 4 行.
INFO: [ app_init ] --START--
INFO: Run Behavior\BuildLiteBehavior [ RunTime:0.000012s ]
INFO: [ app_init ] --END-- [ RunTime:0.000058s ]
NOTIC: [8] Undefined variable: sckey /www/web/default/public_html/minijunxishanhgnz/App/Api/Conf/config.php 第 33 行.
NOTIC: [8] Undefined variable: sckey /www/web/default/public_html/minijunxishanhgnz/App/Api/Conf/config.php 第 33 行.
NOTIC: [8] Undefined variable: sckey /www/web/default/public_html/minijunxishanhgnz/App/Api/Conf/config.php 第 33 行.
NOTIC: [8] Use of undefined constant LOAD_EXT_CONFIG - assumed 'LOAD_EXT_CONFIG' /www/web/default/public_html/minijunxishanhgnz/App/Api/Conf/config.php 第 40 行.

[ 2017-08-18T20:01:15+08:00 ] 42.199.57.88 /minijunxishanhgnz/index.php/Api/Product/get_more
NOTIC: [8] Use of undefined constant SHOW_PAGE_TRACE - assumed 'SHOW_PAGE_TRACE' /www/web/default/public_html/minijunxishanhgnz/App/Common/Conf/debug.php 第 4 行.
INFO: [ app_init ] --START--
INFO: Run Behavior\BuildLiteBehavior [ RunTime:0.000012s ]
INFO: [ app_init ] --END-- [ RunTime:0.000061s ]
NOTIC: [8] Undefined variable: sckey /www/web/default/public_html/minijunxishanhgnz/App/Api/Conf/config.php 第 33 行.
NOTIC: [8] Undefined variable: sckey /www/web/default/public_html/minijunxishanhgnz/App/Api/Conf/config.php 第 33 行.
NOTIC: [8] Undefined variable: sckey /www/web/default/public_html/minijunxishanhgnz/App/Api/Conf/config.php 第 33 行.
NOTIC: [8] Use of undefined constant LOAD_EXT_CONFIG - assumed 'LOAD_EXT_CONFIG' /www/web/default/public_html/minijunxishanhgnz/App/Api/Conf/config.php 第 40 行.

[ 2017-08-18T20:01:22+08:00 ] 42.199.57.88 /minijunxishanhgnz/index.php/Api/Product/get_more
NOTIC: [8] Use of undefined constant SHOW_PAGE_TRACE - assumed 'SHOW_PAGE_TRACE' /www/web/default/public_html/minijunxishanhgnz/App/Common/Conf/debug.php 第 4 行.
INFO: [ app_init ] --START--
INFO: Run Behavior\BuildLiteBehavior [ RunTime:0.000012s ]
INFO: [ app_init ] --END-- [ RunTime:0.000060s ]
NOTIC: [8] Undefined variable: sckey /www/web/default/public_html/minijunxishanhgnz/App/Api/Conf/config.php 第 33 行.
NOTIC: [8] Undefined variable: sckey /www/web/default/public_html/minijunxishanhgnz/App/Api/Conf/config.php 第 33 行.
NOTIC: [8] Undefined variable: sckey /www/web/default/public_html/minijunxishanhgnz/App/Api/Conf/config.php 第 33 行.
NOTIC: [8] Use of undefined constant LOAD_EXT_CONFIG - assumed 'LOAD_EXT_CONFIG' /www/web/default/public_html/minijunxishanhgnz/App/Api/Conf/config.php 第 40 行.

[ 2017-08-18T20:01:25+08:00 ] 42.199.57.88 /minijunxishanhgnz/index.php/Api/Product/get_more
NOTIC: [8] Use of undefined constant SHOW_PAGE_TRACE - assumed 'SHOW_PAGE_TRACE' /www/web/default/public_html/minijunxishanhgnz/App/Common/Conf/debug.php 第 4 行.
INFO: [ app_init ] --START--
INFO: Run Behavior\BuildLiteBehavior [ RunTime:0.000013s ]
INFO: [ app_init ] --END-- [ RunTime:0.000060s ]
NOTIC: [8] Undefined variable: sckey /www/web/default/public_html/minijunxishanhgnz/App/Api/Conf/config.php 第 33 行.
NOTIC: [8] Undefined variable: sckey /www/web/default/public_html/minijunxishanhgnz/App/Api/Conf/config.php 第 33 行.
NOTIC: [8] Undefined variable: sckey /www/web/default/public_html/minijunxishanhgnz/App/Api/Conf/config.php 第 33 行.
NOTIC: [8] Use of undefined constant LOAD_EXT_CONFIG - assumed 'LOAD_EXT_CONFIG' /www/web/default/public_html/minijunxishanhgnz/App/Api/Conf/config.php 第 40 行.

[ 2017-08-18T20:01:25+08:00 ] 42.199.57.88 /minijunxishanhgnz/index.php/Api/Product/get_more
NOTIC: [8] Use of undefined constant SHOW_PAGE_TRACE - assumed 'SHOW_PAGE_TRACE' /www/web/default/public_html/minijunxishanhgnz/App/Common/Conf/debug.php 第 4 行.
INFO: [ app_init ] --START--
INFO: Run Behavior\BuildLiteBehavior [ RunTime:0.000013s ]
INFO: [ app_init ] --END-- [ RunTime:0.000061s ]
NOTIC: [8] Undefined variable: sckey /www/web/default/public_html/minijunxishanhgnz/App/Api/Conf/config.php 第 33 行.
NOTIC: [8] Undefined variable: sckey /www/web/default/public_html/minijunxishanhgnz/App/Api/Conf/config.php 第 33 行.
NOTIC: [8] Undefined variable: sckey /www/web/default/public_html/minijunxishanhgnz/App/Api/Conf/config.php 第 33 行.
NOTIC: [8] Use of undefined constant LOAD_EXT_CONFIG - assumed 'LOAD_EXT_CONFIG' /www/web/default/public_html/minijunxishanhgnz/App/Api/Conf/config.php 第 40 行.

[ 2017-08-18T20:01:48+08:00 ] 42.199.57.88 /minijunxishanhgnz/index.php/Api/Category/index
NOTIC: [8] Use of undefined constant SHOW_PAGE_TRACE - assumed 'SHOW_PAGE_TRACE' /www/web/default/public_html/minijunxishanhgnz/App/Common/Conf/debug.php 第 4 行.
INFO: [ app_init ] --START--
INFO: Run Behavior\BuildLiteBehavior [ RunTime:0.000014s ]
INFO: [ app_init ] --END-- [ RunTime:0.000077s ]
NOTIC: [8] Undefined variable: sckey /www/web/default/public_html/minijunxishanhgnz/App/Api/Conf/config.php 第 33 行.
NOTIC: [8] Undefined variable: sckey /www/web/default/public_html/minijunxishanhgnz/App/Api/Conf/config.php 第 33 行.
NOTIC: [8] Undefined variable: sckey /www/web/default/public_html/minijunxishanhgnz/App/Api/Conf/config.php 第 33 行.
NOTIC: [8] Use of undefined constant LOAD_EXT_CONFIG - assumed 'LOAD_EXT_CONFIG' /www/web/default/public_html/minijunxishanhgnz/App/Api/Conf/config.php 第 40 行.

[ 2017-08-18T20:01:52+08:00 ] 42.199.57.88 /minijunxishanhgnz/index.php/Api/Product/lists
NOTIC: [8] Use of undefined constant SHOW_PAGE_TRACE - assumed 'SHOW_PAGE_TRACE' /www/web/default/public_html/minijunxishanhgnz/App/Common/Conf/debug.php 第 4 行.
INFO: [ app_init ] --START--
INFO: Run Behavior\BuildLiteBehavior [ RunTime:0.000012s ]
INFO: [ app_init ] --END-- [ RunTime:0.000060s ]
NOTIC: [8] Undefined variable: sckey /www/web/default/public_html/minijunxishanhgnz/App/Api/Conf/config.php 第 33 行.
NOTIC: [8] Undefined variable: sckey /www/web/default/public_html/minijunxishanhgnz/App/Api/Conf/config.php 第 33 行.
NOTIC: [8] Undefined variable: sckey /www/web/default/public_html/minijunxishanhgnz/App/Api/Conf/config.php 第 33 行.
NOTIC: [8] Use of undefined constant LOAD_EXT_CONFIG - assumed 'LOAD_EXT_CONFIG' /www/web/default/public_html/minijunxishanhgnz/App/Api/Conf/config.php 第 40 行.

[ 2017-08-18T20:01:57+08:00 ] 42.199.57.88 /minijunxishanhgnz/index.php/Api/Index/index
NOTIC: [8] Use of undefined constant SHOW_PAGE_TRACE - assumed 'SHOW_PAGE_TRACE' /www/web/default/public_html/minijunxishanhgnz/App/Common/Conf/debug.php 第 4 行.
INFO: [ app_init ] --START--
INFO: Run Behavior\BuildLiteBehavior [ RunTime:0.000012s ]
INFO: [ app_init ] --END-- [ RunTime:0.000065s ]
NOTIC: [8] Undefined variable: sckey /www/web/default/public_html/minijunxishanhgnz/App/Api/Conf/config.php 第 33 行.
NOTIC: [8] Undefined variable: sckey /www/web/default/public_html/minijunxishanhgnz/App/Api/Conf/config.php 第 33 行.
NOTIC: [8] Undefined variable: sckey /www/web/default/public_html/minijunxishanhgnz/App/Api/Conf/config.php 第 33 行.
NOTIC: [8] Use of undefined constant LOAD_EXT_CONFIG - assumed 'LOAD_EXT_CONFIG' /www/web/default/public_html/minijunxishanhgnz/App/Api/Conf/config.php 第 40 行.

[ 2017-08-18T20:01:59+08:00 ] 42.199.57.88 /minijunxishanhgnz/index.php/Api/Category/index
NOTIC: [8] Use of undefined constant SHOW_PAGE_TRACE - assumed 'SHOW_PAGE_TRACE' /www/web/default/public_html/minijunxishanhgnz/App/Common/Conf/debug.php 第 4 行.
INFO: [ app_init ] --START--
INFO: Run Behavior\BuildLiteBehavior [ RunTime:0.000013s ]
INFO: [ app_init ] --END-- [ RunTime:0.000061s ]
NOTIC: [8] Undefined variable: sckey /www/web/default/public_html/minijunxishanhgnz/App/Api/Conf/config.php 第 33 行.
NOTIC: [8] Undefined variable: sckey /www/web/default/public_html/minijunxishanhgnz/App/Api/Conf/config.php 第 33 行.
NOTIC: [8] Undefined variable: sckey /www/web/default/public_html/minijunxishanhgnz/App/Api/Conf/config.php 第 33 行.
NOTIC: [8] Use of undefined constant LOAD_EXT_CONFIG - assumed 'LOAD_EXT_CONFIG' /www/web/default/public_html/minijunxishanhgnz/App/Api/Conf/config.php 第 40 行.

[ 2017-08-18T20:02:02+08:00 ] 42.199.57.60 /minijunxishanhgnz/index.php/Api/Product/lists
NOTIC: [8] Use of undefined constant SHOW_PAGE_TRACE - assumed 'SHOW_PAGE_TRACE' /www/web/default/public_html/minijunxishanhgnz/App/Common/Conf/debug.php 第 4 行.
INFO: [ app_init ] --START--
INFO: Run Behavior\BuildLiteBehavior [ RunTime:0.000014s ]
INFO: [ app_init ] --END-- [ RunTime:0.000064s ]
NOTIC: [8] Undefined variable: sckey /www/web/default/public_html/minijunxishanhgnz/App/Api/Conf/config.php 第 33 行.
NOTIC: [8] Undefined variable: sckey /www/web/default/public_html/minijunxishanhgnz/App/Api/Conf/config.php 第 33 行.
NOTIC: [8] Undefined variable: sckey /www/web/default/public_html/minijunxishanhgnz/App/Api/Conf/config.php 第 33 行.
NOTIC: [8] Use of undefined constant LOAD_EXT_CONFIG - assumed 'LOAD_EXT_CONFIG' /www/web/default/public_html/minijunxishanhgnz/App/Api/Conf/config.php 第 40 行.

[ 2017-08-18T20:02:03+08:00 ] 42.199.57.60 /minijunxishanhgnz/index.php/Api/Product/get_more
NOTIC: [8] Use of undefined constant SHOW_PAGE_TRACE - assumed 'SHOW_PAGE_TRACE' /www/web/default/public_html/minijunxishanhgnz/App/Common/Conf/debug.php 第 4 行.
INFO: [ app_init ] --START--
INFO: Run Behavior\BuildLiteBehavior [ RunTime:0.000018s ]
INFO: [ app_init ] --END-- [ RunTime:0.000097s ]
NOTIC: [8] Undefined variable: sckey /www/web/default/public_html/minijunxishanhgnz/App/Api/Conf/config.php 第 33 行.
NOTIC: [8] Undefined variable: sckey /www/web/default/public_html/minijunxishanhgnz/App/Api/Conf/config.php 第 33 行.
NOTIC: [8] Undefined variable: sckey /www/web/default/public_html/minijunxishanhgnz/App/Api/Conf/config.php 第 33 行.
NOTIC: [8] Use of undefined constant LOAD_EXT_CONFIG - assumed 'LOAD_EXT_CONFIG' /www/web/default/public_html/minijunxishanhgnz/App/Api/Conf/config.php 第 40 行.

[ 2017-08-18T20:02:23+08:00 ] 42.199.57.88 /minijunxishanhgnz/index.php/Api/Category/index
NOTIC: [8] Use of undefined constant SHOW_PAGE_TRACE - assumed 'SHOW_PAGE_TRACE' /www/web/default/public_html/minijunxishanhgnz/App/Common/Conf/debug.php 第 4 行.
INFO: [ app_init ] --START--
INFO: Run Behavior\BuildLiteBehavior [ RunTime:0.000013s ]
INFO: [ app_init ] --END-- [ RunTime:0.000059s ]
NOTIC: [8] Undefined variable: sckey /www/web/default/public_html/minijunxishanhgnz/App/Api/Conf/config.php 第 33 行.
NOTIC: [8] Undefined variable: sckey /www/web/default/public_html/minijunxishanhgnz/App/Api/Conf/config.php 第 33 行.
NOTIC: [8] Undefined variable: sckey /www/web/default/public_html/minijunxishanhgnz/App/Api/Conf/config.php 第 33 行.
NOTIC: [8] Use of undefined constant LOAD_EXT_CONFIG - assumed 'LOAD_EXT_CONFIG' /www/web/default/public_html/minijunxishanhgnz/App/Api/Conf/config.php 第 40 行.

[ 2017-08-18T20:02:27+08:00 ] 42.199.57.88 /minijunxishanhgnz/index.php/Api/Product/lists
NOTIC: [8] Use of undefined constant SHOW_PAGE_TRACE - assumed 'SHOW_PAGE_TRACE' /www/web/default/public_html/minijunxishanhgnz/App/Common/Conf/debug.php 第 4 行.
INFO: [ app_init ] --START--
INFO: Run Behavior\BuildLiteBehavior [ RunTime:0.000012s ]
INFO: [ app_init ] --END-- [ RunTime:0.000059s ]
NOTIC: [8] Undefined variable: sckey /www/web/default/public_html/minijunxishanhgnz/App/Api/Conf/config.php 第 33 行.
NOTIC: [8] Undefined variable: sckey /www/web/default/public_html/minijunxishanhgnz/App/Api/Conf/config.php 第 33 行.
NOTIC: [8] Undefined variable: sckey /www/web/default/public_html/minijunxishanhgnz/App/Api/Conf/config.php 第 33 行.
NOTIC: [8] Use of undefined constant LOAD_EXT_CONFIG - assumed 'LOAD_EXT_CONFIG' /www/web/default/public_html/minijunxishanhgnz/App/Api/Conf/config.php 第 40 行.

[ 2017-08-18T20:36:40+08:00 ] 112.96.179.115 /minijunxishanhgnz/index.php/Api/Index/index
NOTIC: [8] Use of undefined constant SHOW_PAGE_TRACE - assumed 'SHOW_PAGE_TRACE' /www/web/default/public_html/minijunxishanhgnz/App/Common/Conf/debug.php 第 4 行.
INFO: [ app_init ] --START--
INFO: Run Behavior\BuildLiteBehavior [ RunTime:0.000014s ]
INFO: [ app_init ] --END-- [ RunTime:0.000066s ]
NOTIC: [8] Undefined variable: sckey /www/web/default/public_html/minijunxishanhgnz/App/Api/Conf/config.php 第 33 行.
NOTIC: [8] Undefined variable: sckey /www/web/default/public_html/minijunxishanhgnz/App/Api/Conf/config.php 第 33 行.
NOTIC: [8] Undefined variable: sckey /www/web/default/public_html/minijunxishanhgnz/App/Api/Conf/config.php 第 33 行.
NOTIC: [8] Use of undefined constant LOAD_EXT_CONFIG - assumed 'LOAD_EXT_CONFIG' /www/web/default/public_html/minijunxishanhgnz/App/Api/Conf/config.php 第 40 行.

[ 2017-08-18T20:36:45+08:00 ] 112.96.179.115 /minijunxishanhgnz/index.php/Api/Login/getsessionkey
NOTIC: [8] Use of undefined constant SHOW_PAGE_TRACE - assumed 'SHOW_PAGE_TRACE' /www/web/default/public_html/minijunxishanhgnz/App/Common/Conf/debug.php 第 4 行.
INFO: [ app_init ] --START--
INFO: Run Behavior\BuildLiteBehavior [ RunTime:0.000014s ]
INFO: [ app_init ] --END-- [ RunTime:0.000064s ]
NOTIC: [8] Undefined variable: sckey /www/web/default/public_html/minijunxishanhgnz/App/Api/Conf/config.php 第 33 行.
NOTIC: [8] Undefined variable: sckey /www/web/default/public_html/minijunxishanhgnz/App/Api/Conf/config.php 第 33 行.
NOTIC: [8] Undefined variable: sckey /www/web/default/public_html/minijunxishanhgnz/App/Api/Conf/config.php 第 33 行.
NOTIC: [8] Use of undefined constant LOAD_EXT_CONFIG - assumed 'LOAD_EXT_CONFIG' /www/web/default/public_html/minijunxishanhgnz/App/Api/Conf/config.php 第 40 行.

[ 2017-08-18T20:36:45+08:00 ] 112.96.179.115 /minijunxishanhgnz/index.php/Api/Login/authlogin
NOTIC: [8] Use of undefined constant SHOW_PAGE_TRACE - assumed 'SHOW_PAGE_TRACE' /www/web/default/public_html/minijunxishanhgnz/App/Common/Conf/debug.php 第 4 行.
INFO: [ app_init ] --START--
INFO: Run Behavior\BuildLiteBehavior [ RunTime:0.000012s ]
INFO: [ app_init ] --END-- [ RunTime:0.000061s ]
NOTIC: [8] Undefined variable: sckey /www/web/default/public_html/minijunxishanhgnz/App/Api/Conf/config.php 第 33 行.
NOTIC: [8] Undefined variable: sckey /www/web/default/public_html/minijunxishanhgnz/App/Api/Conf/config.php 第 33 行.
NOTIC: [8] Undefined variable: sckey /www/web/default/public_html/minijunxishanhgnz/App/Api/Conf/config.php 第 33 行.
NOTIC: [8] Use of undefined constant LOAD_EXT_CONFIG - assumed 'LOAD_EXT_CONFIG' /www/web/default/public_html/minijunxishanhgnz/App/Api/Conf/config.php 第 40 行.

[ 2017-08-18T20:36:49+08:00 ] 112.96.179.115 /minijunxishanhgnz/index.php/Api/Product/lists
NOTIC: [8] Use of undefined constant SHOW_PAGE_TRACE - assumed 'SHOW_PAGE_TRACE' /www/web/default/public_html/minijunxishanhgnz/App/Common/Conf/debug.php 第 4 行.
INFO: [ app_init ] --START--
INFO: Run Behavior\BuildLiteBehavior [ RunTime:0.000013s ]
INFO: [ app_init ] --END-- [ RunTime:0.000062s ]
NOTIC: [8] Undefined variable: sckey /www/web/default/public_html/minijunxishanhgnz/App/Api/Conf/config.php 第 33 行.
NOTIC: [8] Undefined variable: sckey /www/web/default/public_html/minijunxishanhgnz/App/Api/Conf/config.php 第 33 行.
NOTIC: [8] Undefined variable: sckey /www/web/default/public_html/minijunxishanhgnz/App/Api/Conf/config.php 第 33 行.
NOTIC: [8] Use of undefined constant LOAD_EXT_CONFIG - assumed 'LOAD_EXT_CONFIG' /www/web/default/public_html/minijunxishanhgnz/App/Api/Conf/config.php 第 40 行.

[ 2017-08-18T20:52:31+08:00 ] 219.136.174.17 /minijunxishanhgnz/index.php/Api/Index/index
NOTIC: [8] Use of undefined constant SHOW_PAGE_TRACE - assumed 'SHOW_PAGE_TRACE' /www/web/default/public_html/minijunxishanhgnz/App/Common/Conf/debug.php 第 4 行.
INFO: [ app_init ] --START--
INFO: Run Behavior\BuildLiteBehavior [ RunTime:0.000013s ]
INFO: [ app_init ] --END-- [ RunTime:0.000083s ]
NOTIC: [8] Undefined variable: sckey /www/web/default/public_html/minijunxishanhgnz/App/Api/Conf/config.php 第 33 行.
NOTIC: [8] Undefined variable: sckey /www/web/default/public_html/minijunxishanhgnz/App/Api/Conf/config.php 第 33 行.
NOTIC: [8] Undefined variable: sckey /www/web/default/public_html/minijunxishanhgnz/App/Api/Conf/config.php 第 33 行.
NOTIC: [8] Use of undefined constant LOAD_EXT_CONFIG - assumed 'LOAD_EXT_CONFIG' /www/web/default/public_html/minijunxishanhgnz/App/Api/Conf/config.php 第 40 行.

[ 2017-08-18T20:53:34+08:00 ] 219.136.174.9 /minijunxishanhgnz/index.php/Api/Login/getsessionkey
NOTIC: [8] Use of undefined constant SHOW_PAGE_TRACE - assumed 'SHOW_PAGE_TRACE' /www/web/default/public_html/minijunxishanhgnz/App/Common/Conf/debug.php 第 4 行.
INFO: [ app_init ] --START--
INFO: Run Behavior\BuildLiteBehavior [ RunTime:0.000012s ]
INFO: [ app_init ] --END-- [ RunTime:0.000059s ]
NOTIC: [8] Undefined variable: sckey /www/web/default/public_html/minijunxishanhgnz/App/Api/Conf/config.php 第 33 行.
NOTIC: [8] Undefined variable: sckey /www/web/default/public_html/minijunxishanhgnz/App/Api/Conf/config.php 第 33 行.
NOTIC: [8] Undefined variable: sckey /www/web/default/public_html/minijunxishanhgnz/App/Api/Conf/config.php 第 33 行.
NOTIC: [8] Use of undefined constant LOAD_EXT_CONFIG - assumed 'LOAD_EXT_CONFIG' /www/web/default/public_html/minijunxishanhgnz/App/Api/Conf/config.php 第 40 行.

[ 2017-08-18T20:53:34+08:00 ] 219.136.174.9 /minijunxishanhgnz/index.php/Api/Login/authlogin
NOTIC: [8] Use of undefined constant SHOW_PAGE_TRACE - assumed 'SHOW_PAGE_TRACE' /www/web/default/public_html/minijunxishanhgnz/App/Common/Conf/debug.php 第 4 行.
INFO: [ app_init ] --START--
INFO: Run Behavior\BuildLiteBehavior [ RunTime:0.000018s ]
INFO: [ app_init ] --END-- [ RunTime:0.000072s ]
NOTIC: [8] Undefined variable: sckey /www/web/default/public_html/minijunxishanhgnz/App/Api/Conf/config.php 第 33 行.
NOTIC: [8] Undefined variable: sckey /www/web/default/public_html/minijunxishanhgnz/App/Api/Conf/config.php 第 33 行.
NOTIC: [8] Undefined variable: sckey /www/web/default/public_html/minijunxishanhgnz/App/Api/Conf/config.php 第 33 行.
NOTIC: [8] Use of undefined constant LOAD_EXT_CONFIG - assumed 'LOAD_EXT_CONFIG' /www/web/default/public_html/minijunxishanhgnz/App/Api/Conf/config.php 第 40 行.

[ 2017-08-18T20:53:45+08:00 ] 219.136.174.9 /minijunxishanhgnz/index.php/Api/Index/getlist
NOTIC: [8] Use of undefined constant SHOW_PAGE_TRACE - assumed 'SHOW_PAGE_TRACE' /www/web/default/public_html/minijunxishanhgnz/App/Common/Conf/debug.php 第 4 行.
INFO: [ app_init ] --START--
INFO: Run Behavior\BuildLiteBehavior [ RunTime:0.000012s ]
INFO: [ app_init ] --END-- [ RunTime:0.000061s ]
NOTIC: [8] Undefined variable: sckey /www/web/default/public_html/minijunxishanhgnz/App/Api/Conf/config.php 第 33 行.
NOTIC: [8] Undefined variable: sckey /www/web/default/public_html/minijunxishanhgnz/App/Api/Conf/config.php 第 33 行.
NOTIC: [8] Undefined variable: sckey /www/web/default/public_html/minijunxishanhgnz/App/Api/Conf/config.php 第 33 行.
NOTIC: [8] Use of undefined constant LOAD_EXT_CONFIG - assumed 'LOAD_EXT_CONFIG' /www/web/default/public_html/minijunxishanhgnz/App/Api/Conf/config.php 第 40 行.

[ 2017-08-18T20:53:49+08:00 ] 219.136.174.9 /minijunxishanhgnz/index.php/Api/Index/getlist
NOTIC: [8] Use of undefined constant SHOW_PAGE_TRACE - assumed 'SHOW_PAGE_TRACE' /www/web/default/public_html/minijunxishanhgnz/App/Common/Conf/debug.php 第 4 行.
INFO: [ app_init ] --START--
INFO: Run Behavior\BuildLiteBehavior [ RunTime:0.000012s ]
INFO: [ app_init ] --END-- [ RunTime:0.000131s ]
NOTIC: [8] Undefined variable: sckey /www/web/default/public_html/minijunxishanhgnz/App/Api/Conf/config.php 第 33 行.
NOTIC: [8] Undefined variable: sckey /www/web/default/public_html/minijunxishanhgnz/App/Api/Conf/config.php 第 33 行.
NOTIC: [8] Undefined variable: sckey /www/web/default/public_html/minijunxishanhgnz/App/Api/Conf/config.php 第 33 行.
NOTIC: [8] Use of undefined constant LOAD_EXT_CONFIG - assumed 'LOAD_EXT_CONFIG' /www/web/default/public_html/minijunxishanhgnz/App/Api/Conf/config.php 第 40 行.

[ 2017-08-18T20:53:55+08:00 ] 219.136.174.9 /minijunxishanhgnz/index.php/Api/Category/index
NOTIC: [8] Use of undefined constant SHOW_PAGE_TRACE - assumed 'SHOW_PAGE_TRACE' /www/web/default/public_html/minijunxishanhgnz/App/Common/Conf/debug.php 第 4 行.
INFO: [ app_init ] --START--
INFO: Run Behavior\BuildLiteBehavior [ RunTime:0.000019s ]
INFO: [ app_init ] --END-- [ RunTime:0.000124s ]
NOTIC: [8] Undefined variable: sckey /www/web/default/public_html/minijunxishanhgnz/App/Api/Conf/config.php 第 33 行.
NOTIC: [8] Undefined variable: sckey /www/web/default/public_html/minijunxishanhgnz/App/Api/Conf/config.php 第 33 行.
NOTIC: [8] Undefined variable: sckey /www/web/default/public_html/minijunxishanhgnz/App/Api/Conf/config.php 第 33 行.
NOTIC: [8] Use of undefined constant LOAD_EXT_CONFIG - assumed 'LOAD_EXT_CONFIG' /www/web/default/public_html/minijunxishanhgnz/App/Api/Conf/config.php 第 40 行.

[ 2017-08-18T20:53:58+08:00 ] 219.136.174.9 /minijunxishanhgnz/index.php/Api/Shopping/index
NOTIC: [8] Use of undefined constant SHOW_PAGE_TRACE - assumed 'SHOW_PAGE_TRACE' /www/web/default/public_html/minijunxishanhgnz/App/Common/Conf/debug.php 第 4 行.
INFO: [ app_init ] --START--
INFO: Run Behavior\BuildLiteBehavior [ RunTime:0.000012s ]
INFO: [ app_init ] --END-- [ RunTime:0.000060s ]
NOTIC: [8] Undefined variable: sckey /www/web/default/public_html/minijunxishanhgnz/App/Api/Conf/config.php 第 33 行.
NOTIC: [8] Undefined variable: sckey /www/web/default/public_html/minijunxishanhgnz/App/Api/Conf/config.php 第 33 行.
NOTIC: [8] Undefined variable: sckey /www/web/default/public_html/minijunxishanhgnz/App/Api/Conf/config.php 第 33 行.
NOTIC: [8] Use of undefined constant LOAD_EXT_CONFIG - assumed 'LOAD_EXT_CONFIG' /www/web/default/public_html/minijunxishanhgnz/App/Api/Conf/config.php 第 40 行.

[ 2017-08-18T20:53:58+08:00 ] 219.136.174.9 /minijunxishanhgnz/index.php/Api/Shopping/index
NOTIC: [8] Use of undefined constant SHOW_PAGE_TRACE - assumed 'SHOW_PAGE_TRACE' /www/web/default/public_html/minijunxishanhgnz/App/Common/Conf/debug.php 第 4 行.
INFO: [ app_init ] --START--
INFO: Run Behavior\BuildLiteBehavior [ RunTime:0.000010s ]
INFO: [ app_init ] --END-- [ RunTime:0.000054s ]
NOTIC: [8] Undefined variable: sckey /www/web/default/public_html/minijunxishanhgnz/App/Api/Conf/config.php 第 33 行.
NOTIC: [8] Undefined variable: sckey /www/web/default/public_html/minijunxishanhgnz/App/Api/Conf/config.php 第 33 行.
NOTIC: [8] Undefined variable: sckey /www/web/default/public_html/minijunxishanhgnz/App/Api/Conf/config.php 第 33 行.
NOTIC: [8] Use of undefined constant LOAD_EXT_CONFIG - assumed 'LOAD_EXT_CONFIG' /www/web/default/public_html/minijunxishanhgnz/App/Api/Conf/config.php 第 40 行.

[ 2017-08-18T20:54:00+08:00 ] 219.136.174.9 /minijunxishanhgnz/index.php/Api/User/getorder
NOTIC: [8] Use of undefined constant SHOW_PAGE_TRACE - assumed 'SHOW_PAGE_TRACE' /www/web/default/public_html/minijunxishanhgnz/App/Common/Conf/debug.php 第 4 行.
INFO: [ app_init ] --START--
INFO: Run Behavior\BuildLiteBehavior [ RunTime:0.000010s ]
INFO: [ app_init ] --END-- [ RunTime:0.000055s ]
NOTIC: [8] Undefined variable: sckey /www/web/default/public_html/minijunxishanhgnz/App/Api/Conf/config.php 第 33 行.
NOTIC: [8] Undefined variable: sckey /www/web/default/public_html/minijunxishanhgnz/App/Api/Conf/config.php 第 33 行.
NOTIC: [8] Undefined variable: sckey /www/web/default/public_html/minijunxishanhgnz/App/Api/Conf/config.php 第 33 行.
NOTIC: [8] Use of undefined constant LOAD_EXT_CONFIG - assumed 'LOAD_EXT_CONFIG' /www/web/default/public_html/minijunxishanhgnz/App/Api/Conf/config.php 第 40 行.

[ 2017-08-18T20:54:00+08:00 ] 219.136.174.9 /minijunxishanhgnz/index.php/Api/User/getorder
NOTIC: [8] Use of undefined constant SHOW_PAGE_TRACE - assumed 'SHOW_PAGE_TRACE' /www/web/default/public_html/minijunxishanhgnz/App/Common/Conf/debug.php 第 4 行.
INFO: [ app_init ] --START--
INFO: Run Behavior\BuildLiteBehavior [ RunTime:0.000013s ]
INFO: [ app_init ] --END-- [ RunTime:0.000063s ]
NOTIC: [8] Undefined variable: sckey /www/web/default/public_html/minijunxishanhgnz/App/Api/Conf/config.php 第 33 行.
NOTIC: [8] Undefined variable: sckey /www/web/default/public_html/minijunxishanhgnz/App/Api/Conf/config.php 第 33 行.
NOTIC: [8] Undefined variable: sckey /www/web/default/public_html/minijunxishanhgnz/App/Api/Conf/config.php 第 33 行.
NOTIC: [8] Use of undefined constant LOAD_EXT_CONFIG - assumed 'LOAD_EXT_CONFIG' /www/web/default/public_html/minijunxishanhgnz/App/Api/Conf/config.php 第 40 行.

[ 2017-08-18T21:29:44+08:00 ] 112.94.99.149 /minijunxishanhgnz/index.php/Api/Index/index
NOTIC: [8] Use of undefined constant SHOW_PAGE_TRACE - assumed 'SHOW_PAGE_TRACE' /www/web/default/public_html/minijunxishanhgnz/App/Common/Conf/debug.php 第 4 行.
INFO: [ app_init ] --START--
INFO: Run Behavior\BuildLiteBehavior [ RunTime:0.000014s ]
INFO: [ app_init ] --END-- [ RunTime:0.000066s ]
NOTIC: [8] Undefined variable: sckey /www/web/default/public_html/minijunxishanhgnz/App/Api/Conf/config.php 第 33 行.
NOTIC: [8] Undefined variable: sckey /www/web/default/public_html/minijunxishanhgnz/App/Api/Conf/config.php 第 33 行.
NOTIC: [8] Undefined variable: sckey /www/web/default/public_html/minijunxishanhgnz/App/Api/Conf/config.php 第 33 行.
NOTIC: [8] Use of undefined constant LOAD_EXT_CONFIG - assumed 'LOAD_EXT_CONFIG' /www/web/default/public_html/minijunxishanhgnz/App/Api/Conf/config.php 第 40 行.

[ 2017-08-18T21:29:52+08:00 ] 112.94.99.149 /minijunxishanhgnz/index.php/Api/Product/lists
NOTIC: [8] Use of undefined constant SHOW_PAGE_TRACE - assumed 'SHOW_PAGE_TRACE' /www/web/default/public_html/minijunxishanhgnz/App/Common/Conf/debug.php 第 4 行.
INFO: [ app_init ] --START--
INFO: Run Behavior\BuildLiteBehavior [ RunTime:0.000015s ]
INFO: [ app_init ] --END-- [ RunTime:0.000070s ]
NOTIC: [8] Undefined variable: sckey /www/web/default/public_html/minijunxishanhgnz/App/Api/Conf/config.php 第 33 行.
NOTIC: [8] Undefined variable: sckey /www/web/default/public_html/minijunxishanhgnz/App/Api/Conf/config.php 第 33 行.
NOTIC: [8] Undefined variable: sckey /www/web/default/public_html/minijunxishanhgnz/App/Api/Conf/config.php 第 33 行.
NOTIC: [8] Use of undefined constant LOAD_EXT_CONFIG - assumed 'LOAD_EXT_CONFIG' /www/web/default/public_html/minijunxishanhgnz/App/Api/Conf/config.php 第 40 行.

[ 2017-08-18T21:31:00+08:00 ] 112.94.99.149 /minijunxishanhgnz/index.php/Api/Index/getlist
NOTIC: [8] Use of undefined constant SHOW_PAGE_TRACE - assumed 'SHOW_PAGE_TRACE' /www/web/default/public_html/minijunxishanhgnz/App/Common/Conf/debug.php 第 4 行.
INFO: [ app_init ] --START--
INFO: Run Behavior\BuildLiteBehavior [ RunTime:0.000018s ]
INFO: [ app_init ] --END-- [ RunTime:0.000093s ]
NOTIC: [8] Undefined variable: sckey /www/web/default/public_html/minijunxishanhgnz/App/Api/Conf/config.php 第 33 行.
NOTIC: [8] Undefined variable: sckey /www/web/default/public_html/minijunxishanhgnz/App/Api/Conf/config.php 第 33 行.
NOTIC: [8] Undefined variable: sckey /www/web/default/public_html/minijunxishanhgnz/App/Api/Conf/config.php 第 33 行.
NOTIC: [8] Use of undefined constant LOAD_EXT_CONFIG - assumed 'LOAD_EXT_CONFIG' /www/web/default/public_html/minijunxishanhgnz/App/Api/Conf/config.php 第 40 行.

[ 2017-08-18T22:35:21+08:00 ] 223.104.1.246 /minijunxishanhgnz/index.php/Api/Index/index
NOTIC: [8] Use of undefined constant SHOW_PAGE_TRACE - assumed 'SHOW_PAGE_TRACE' /www/web/default/public_html/minijunxishanhgnz/App/Common/Conf/debug.php 第 4 行.
INFO: [ app_init ] --START--
INFO: Run Behavior\BuildLiteBehavior [ RunTime:0.000019s ]
INFO: [ app_init ] --END-- [ RunTime:0.000103s ]
NOTIC: [8] Undefined variable: sckey /www/web/default/public_html/minijunxishanhgnz/App/Api/Conf/config.php 第 33 行.
NOTIC: [8] Undefined variable: sckey /www/web/default/public_html/minijunxishanhgnz/App/Api/Conf/config.php 第 33 行.
NOTIC: [8] Undefined variable: sckey /www/web/default/public_html/minijunxishanhgnz/App/Api/Conf/config.php 第 33 行.
NOTIC: [8] Use of undefined constant LOAD_EXT_CONFIG - assumed 'LOAD_EXT_CONFIG' /www/web/default/public_html/minijunxishanhgnz/App/Api/Conf/config.php 第 40 行.

[ 2017-08-18T22:35:52+08:00 ] 223.104.1.246 /minijunxishanhgnz/index.php/Api/Shangchang/shop_details
NOTIC: [8] Use of undefined constant SHOW_PAGE_TRACE - assumed 'SHOW_PAGE_TRACE' /www/web/default/public_html/minijunxishanhgnz/App/Common/Conf/debug.php 第 4 行.
INFO: [ app_init ] --START--
INFO: Run Behavior\BuildLiteBehavior [ RunTime:0.000012s ]
INFO: [ app_init ] --END-- [ RunTime:0.000080s ]
NOTIC: [8] Undefined variable: sckey /www/web/default/public_html/minijunxishanhgnz/App/Api/Conf/config.php 第 33 行.
NOTIC: [8] Undefined variable: sckey /www/web/default/public_html/minijunxishanhgnz/App/Api/Conf/config.php 第 33 行.
NOTIC: [8] Undefined variable: sckey /www/web/default/public_html/minijunxishanhgnz/App/Api/Conf/config.php 第 33 行.
NOTIC: [8] Use of undefined constant LOAD_EXT_CONFIG - assumed 'LOAD_EXT_CONFIG' /www/web/default/public_html/minijunxishanhgnz/App/Api/Conf/config.php 第 40 行.

[ 2017-08-18T22:36:12+08:00 ] 223.104.1.246 /minijunxishanhgnz/index.php/Api/Index/index
NOTIC: [8] Use of undefined constant SHOW_PAGE_TRACE - assumed 'SHOW_PAGE_TRACE' /www/web/default/public_html/minijunxishanhgnz/App/Common/Conf/debug.php 第 4 行.
INFO: [ app_init ] --START--
INFO: Run Behavior\BuildLiteBehavior [ RunTime:0.000039s ]
INFO: [ app_init ] --END-- [ RunTime:0.000099s ]
NOTIC: [8] Undefined variable: sckey /www/web/default/public_html/minijunxishanhgnz/App/Api/Conf/config.php 第 33 行.
NOTIC: [8] Undefined variable: sckey /www/web/default/public_html/minijunxishanhgnz/App/Api/Conf/config.php 第 33 行.
NOTIC: [8] Undefined variable: sckey /www/web/default/public_html/minijunxishanhgnz/App/Api/Conf/config.php 第 33 行.
NOTIC: [8] Use of undefined constant LOAD_EXT_CONFIG - assumed 'LOAD_EXT_CONFIG' /www/web/default/public_html/minijunxishanhgnz/App/Api/Conf/config.php 第 40 行.

[ 2017-08-18T22:36:37+08:00 ] 223.104.1.246 /minijunxishanhgnz/index.php/Api/Product/lists
NOTIC: [8] Use of undefined constant SHOW_PAGE_TRACE - assumed 'SHOW_PAGE_TRACE' /www/web/default/public_html/minijunxishanhgnz/App/Common/Conf/debug.php 第 4 行.
INFO: [ app_init ] --START--
INFO: Run Behavior\BuildLiteBehavior [ RunTime:0.000016s ]
INFO: [ app_init ] --END-- [ RunTime:0.000070s ]
NOTIC: [8] Undefined variable: sckey /www/web/default/public_html/minijunxishanhgnz/App/Api/Conf/config.php 第 33 行.
NOTIC: [8] Undefined variable: sckey /www/web/default/public_html/minijunxishanhgnz/App/Api/Conf/config.php 第 33 行.
NOTIC: [8] Undefined variable: sckey /www/web/default/public_html/minijunxishanhgnz/App/Api/Conf/config.php 第 33 行.
NOTIC: [8] Use of undefined constant LOAD_EXT_CONFIG - assumed 'LOAD_EXT_CONFIG' /www/web/default/public_html/minijunxishanhgnz/App/Api/Conf/config.php 第 40 行.

[ 2017-08-18T22:36:39+08:00 ] 223.104.1.246 /minijunxishanhgnz/index.php/Api/Product/index
NOTIC: [8] Use of undefined constant SHOW_PAGE_TRACE - assumed 'SHOW_PAGE_TRACE' /www/web/default/public_html/minijunxishanhgnz/App/Common/Conf/debug.php 第 4 行.
INFO: [ app_init ] --START--
INFO: Run Behavior\BuildLiteBehavior [ RunTime:0.000018s ]
INFO: [ app_init ] --END-- [ RunTime:0.000071s ]
NOTIC: [8] Undefined variable: sckey /www/web/default/public_html/minijunxishanhgnz/App/Api/Conf/config.php 第 33 行.
NOTIC: [8] Undefined variable: sckey /www/web/default/public_html/minijunxishanhgnz/App/Api/Conf/config.php 第 33 行.
NOTIC: [8] Undefined variable: sckey /www/web/default/public_html/minijunxishanhgnz/App/Api/Conf/config.php 第 33 行.
NOTIC: [8] Use of undefined constant LOAD_EXT_CONFIG - assumed 'LOAD_EXT_CONFIG' /www/web/default/public_html/minijunxishanhgnz/App/Api/Conf/config.php 第 40 行.

[ 2017-08-18T22:36:48+08:00 ] 223.104.1.246 /minijunxishanhgnz/index.php/Api/Product/lists
NOTIC: [8] Use of undefined constant SHOW_PAGE_TRACE - assumed 'SHOW_PAGE_TRACE' /www/web/default/public_html/minijunxishanhgnz/App/Common/Conf/debug.php 第 4 行.
INFO: [ app_init ] --START--
INFO: Run Behavior\BuildLiteBehavior [ RunTime:0.000018s ]
INFO: [ app_init ] --END-- [ RunTime:0.000074s ]
NOTIC: [8] Undefined variable: sckey /www/web/default/public_html/minijunxishanhgnz/App/Api/Conf/config.php 第 33 行.
NOTIC: [8] Undefined variable: sckey /www/web/default/public_html/minijunxishanhgnz/App/Api/Conf/config.php 第 33 行.
NOTIC: [8] Undefined variable: sckey /www/web/default/public_html/minijunxishanhgnz/App/Api/Conf/config.php 第 33 行.
NOTIC: [8] Use of undefined constant LOAD_EXT_CONFIG - assumed 'LOAD_EXT_CONFIG' /www/web/default/public_html/minijunxishanhgnz/App/Api/Conf/config.php 第 40 行.

[ 2017-08-18T22:37:04+08:00 ] 223.104.1.246 /minijunxishanhgnz/index.php/Api/Product/index
NOTIC: [8] Use of undefined constant SHOW_PAGE_TRACE - assumed 'SHOW_PAGE_TRACE' /www/web/default/public_html/minijunxishanhgnz/App/Common/Conf/debug.php 第 4 行.
INFO: [ app_init ] --START--
INFO: Run Behavior\BuildLiteBehavior [ RunTime:0.000013s ]
INFO: [ app_init ] --END-- [ RunTime:0.000066s ]
NOTIC: [8] Undefined variable: sckey /www/web/default/public_html/minijunxishanhgnz/App/Api/Conf/config.php 第 33 行.
NOTIC: [8] Undefined variable: sckey /www/web/default/public_html/minijunxishanhgnz/App/Api/Conf/config.php 第 33 行.
NOTIC: [8] Undefined variable: sckey /www/web/default/public_html/minijunxishanhgnz/App/Api/Conf/config.php 第 33 行.
NOTIC: [8] Use of undefined constant LOAD_EXT_CONFIG - assumed 'LOAD_EXT_CONFIG' /www/web/default/public_html/minijunxishanhgnz/App/Api/Conf/config.php 第 40 行.

