[ 2017-07-20T00:41:57+08:00 ] 119.129.43.218 /minijunxishanhgnz/index.php/Api/Index/index
NOTIC: [8] Use of undefined constant SHOW_PAGE_TRACE - assumed 'SHOW_PAGE_TRACE' /www/web/default/public_html/minijunxishanhgnz/App/Common/Conf/debug.php 第 4 行.
INFO: [ app_init ] --START--
INFO: Run Behavior\BuildLiteBehavior [ RunTime:0.000015s ]
INFO: [ app_init ] --END-- [ RunTime:0.000068s ]
NOTIC: [8] Undefined variable: sckey /www/web/default/public_html/minijunxishanhgnz/App/Api/Conf/config.php 第 33 行.
NOTIC: [8] Undefined variable: sckey /www/web/default/public_html/minijunxishanhgnz/App/Api/Conf/config.php 第 33 行.
NOTIC: [8] Undefined variable: sckey /www/web/default/public_html/minijunxishanhgnz/App/Api/Conf/config.php 第 33 行.
NOTIC: [8] Use of undefined constant LOAD_EXT_CONFIG - assumed 'LOAD_EXT_CONFIG' /www/web/default/public_html/minijunxishanhgnz/App/Api/Conf/config.php 第 40 行.

[ 2017-07-20T01:46:50+08:00 ] 58.62.195.86 /minijunxishanhgnz/index.php/Api/Index/index
NOTIC: [8] Use of undefined constant SHOW_PAGE_TRACE - assumed 'SHOW_PAGE_TRACE' /www/web/default/public_html/minijunxishanhgnz/App/Common/Conf/debug.php 第 4 行.
INFO: [ app_init ] --START--
INFO: Run Behavior\BuildLiteBehavior [ RunTime:0.000016s ]
INFO: [ app_init ] --END-- [ RunTime:0.000070s ]
NOTIC: [8] Undefined variable: sckey /www/web/default/public_html/minijunxishanhgnz/App/Api/Conf/config.php 第 33 行.
NOTIC: [8] Undefined variable: sckey /www/web/default/public_html/minijunxishanhgnz/App/Api/Conf/config.php 第 33 行.
NOTIC: [8] Undefined variable: sckey /www/web/default/public_html/minijunxishanhgnz/App/Api/Conf/config.php 第 33 行.
NOTIC: [8] Use of undefined constant LOAD_EXT_CONFIG - assumed 'LOAD_EXT_CONFIG' /www/web/default/public_html/minijunxishanhgnz/App/Api/Conf/config.php 第 40 行.

[ 2017-07-20T01:47:35+08:00 ] 58.62.195.86 /minijunxishanhgnz/index.php/Api/Product/lists
NOTIC: [8] Use of undefined constant SHOW_PAGE_TRACE - assumed 'SHOW_PAGE_TRACE' /www/web/default/public_html/minijunxishanhgnz/App/Common/Conf/debug.php 第 4 行.
INFO: [ app_init ] --START--
INFO: Run Behavior\BuildLiteBehavior [ RunTime:0.000015s ]
INFO: [ app_init ] --END-- [ RunTime:0.000068s ]
NOTIC: [8] Undefined variable: sckey /www/web/default/public_html/minijunxishanhgnz/App/Api/Conf/config.php 第 33 行.
NOTIC: [8] Undefined variable: sckey /www/web/default/public_html/minijunxishanhgnz/App/Api/Conf/config.php 第 33 行.
NOTIC: [8] Undefined variable: sckey /www/web/default/public_html/minijunxishanhgnz/App/Api/Conf/config.php 第 33 行.
NOTIC: [8] Use of undefined constant LOAD_EXT_CONFIG - assumed 'LOAD_EXT_CONFIG' /www/web/default/public_html/minijunxishanhgnz/App/Api/Conf/config.php 第 40 行.

[ 2017-07-20T08:00:06+08:00 ] 42.199.58.226 /minijunxishanhgnz/index.php/Api/Index/index
NOTIC: [8] Use of undefined constant SHOW_PAGE_TRACE - assumed 'SHOW_PAGE_TRACE' /www/web/default/public_html/minijunxishanhgnz/App/Common/Conf/debug.php 第 4 行.
INFO: [ app_init ] --START--
INFO: Run Behavior\BuildLiteBehavior [ RunTime:0.000013s ]
INFO: [ app_init ] --END-- [ RunTime:0.000062s ]
NOTIC: [8] Undefined variable: sckey /www/web/default/public_html/minijunxishanhgnz/App/Api/Conf/config.php 第 33 行.
NOTIC: [8] Undefined variable: sckey /www/web/default/public_html/minijunxishanhgnz/App/Api/Conf/config.php 第 33 行.
NOTIC: [8] Undefined variable: sckey /www/web/default/public_html/minijunxishanhgnz/App/Api/Conf/config.php 第 33 行.
NOTIC: [8] Use of undefined constant LOAD_EXT_CONFIG - assumed 'LOAD_EXT_CONFIG' /www/web/default/public_html/minijunxishanhgnz/App/Api/Conf/config.php 第 40 行.

[ 2017-07-20T08:10:48+08:00 ] 223.104.1.252 /minijunxishanhgnz/index.php/Api/Index/index
NOTIC: [8] Use of undefined constant SHOW_PAGE_TRACE - assumed 'SHOW_PAGE_TRACE' /www/web/default/public_html/minijunxishanhgnz/App/Common/Conf/debug.php 第 4 行.
INFO: [ app_init ] --START--
INFO: Run Behavior\BuildLiteBehavior [ RunTime:0.000012s ]
INFO: [ app_init ] --END-- [ RunTime:0.000060s ]
NOTIC: [8] Undefined variable: sckey /www/web/default/public_html/minijunxishanhgnz/App/Api/Conf/config.php 第 33 行.
NOTIC: [8] Undefined variable: sckey /www/web/default/public_html/minijunxishanhgnz/App/Api/Conf/config.php 第 33 行.
NOTIC: [8] Undefined variable: sckey /www/web/default/public_html/minijunxishanhgnz/App/Api/Conf/config.php 第 33 行.
NOTIC: [8] Use of undefined constant LOAD_EXT_CONFIG - assumed 'LOAD_EXT_CONFIG' /www/web/default/public_html/minijunxishanhgnz/App/Api/Conf/config.php 第 40 行.

[ 2017-07-20T08:10:57+08:00 ] 223.104.1.252 /minijunxishanhgnz/index.php/Api/Product/lists
NOTIC: [8] Use of undefined constant SHOW_PAGE_TRACE - assumed 'SHOW_PAGE_TRACE' /www/web/default/public_html/minijunxishanhgnz/App/Common/Conf/debug.php 第 4 行.
INFO: [ app_init ] --START--
INFO: Run Behavior\BuildLiteBehavior [ RunTime:0.000014s ]
INFO: [ app_init ] --END-- [ RunTime:0.000073s ]
NOTIC: [8] Undefined variable: sckey /www/web/default/public_html/minijunxishanhgnz/App/Api/Conf/config.php 第 33 行.
NOTIC: [8] Undefined variable: sckey /www/web/default/public_html/minijunxishanhgnz/App/Api/Conf/config.php 第 33 行.
NOTIC: [8] Undefined variable: sckey /www/web/default/public_html/minijunxishanhgnz/App/Api/Conf/config.php 第 33 行.
NOTIC: [8] Use of undefined constant LOAD_EXT_CONFIG - assumed 'LOAD_EXT_CONFIG' /www/web/default/public_html/minijunxishanhgnz/App/Api/Conf/config.php 第 40 行.

[ 2017-07-20T09:43:16+08:00 ] 117.136.40.130 /minijunxishanhgnz/index.php/Api/Index/index
NOTIC: [8] Use of undefined constant SHOW_PAGE_TRACE - assumed 'SHOW_PAGE_TRACE' /www/web/default/public_html/minijunxishanhgnz/App/Common/Conf/debug.php 第 4 行.
INFO: [ app_init ] --START--
INFO: Run Behavior\BuildLiteBehavior [ RunTime:0.000012s ]
INFO: [ app_init ] --END-- [ RunTime:0.000062s ]
NOTIC: [8] Undefined variable: sckey /www/web/default/public_html/minijunxishanhgnz/App/Api/Conf/config.php 第 33 行.
NOTIC: [8] Undefined variable: sckey /www/web/default/public_html/minijunxishanhgnz/App/Api/Conf/config.php 第 33 行.
NOTIC: [8] Undefined variable: sckey /www/web/default/public_html/minijunxishanhgnz/App/Api/Conf/config.php 第 33 行.
NOTIC: [8] Use of undefined constant LOAD_EXT_CONFIG - assumed 'LOAD_EXT_CONFIG' /www/web/default/public_html/minijunxishanhgnz/App/Api/Conf/config.php 第 40 行.

[ 2017-07-20T09:43:19+08:00 ] 117.136.40.130 /minijunxishanhgnz/index.php/Api/Login/getsessionkey
NOTIC: [8] Use of undefined constant SHOW_PAGE_TRACE - assumed 'SHOW_PAGE_TRACE' /www/web/default/public_html/minijunxishanhgnz/App/Common/Conf/debug.php 第 4 行.
INFO: [ app_init ] --START--
INFO: Run Behavior\BuildLiteBehavior [ RunTime:0.000016s ]
INFO: [ app_init ] --END-- [ RunTime:0.000070s ]
NOTIC: [8] Undefined variable: sckey /www/web/default/public_html/minijunxishanhgnz/App/Api/Conf/config.php 第 33 行.
NOTIC: [8] Undefined variable: sckey /www/web/default/public_html/minijunxishanhgnz/App/Api/Conf/config.php 第 33 行.
NOTIC: [8] Undefined variable: sckey /www/web/default/public_html/minijunxishanhgnz/App/Api/Conf/config.php 第 33 行.
NOTIC: [8] Use of undefined constant LOAD_EXT_CONFIG - assumed 'LOAD_EXT_CONFIG' /www/web/default/public_html/minijunxishanhgnz/App/Api/Conf/config.php 第 40 行.

[ 2017-07-20T09:43:19+08:00 ] 117.136.40.130 /minijunxishanhgnz/index.php/Api/Login/authlogin
NOTIC: [8] Use of undefined constant SHOW_PAGE_TRACE - assumed 'SHOW_PAGE_TRACE' /www/web/default/public_html/minijunxishanhgnz/App/Common/Conf/debug.php 第 4 行.
INFO: [ app_init ] --START--
INFO: Run Behavior\BuildLiteBehavior [ RunTime:0.000013s ]
INFO: [ app_init ] --END-- [ RunTime:0.000069s ]
NOTIC: [8] Undefined variable: sckey /www/web/default/public_html/minijunxishanhgnz/App/Api/Conf/config.php 第 33 行.
NOTIC: [8] Undefined variable: sckey /www/web/default/public_html/minijunxishanhgnz/App/Api/Conf/config.php 第 33 行.
NOTIC: [8] Undefined variable: sckey /www/web/default/public_html/minijunxishanhgnz/App/Api/Conf/config.php 第 33 行.
NOTIC: [8] Use of undefined constant LOAD_EXT_CONFIG - assumed 'LOAD_EXT_CONFIG' /www/web/default/public_html/minijunxishanhgnz/App/Api/Conf/config.php 第 40 行.

[ 2017-07-20T10:32:53+08:00 ] 114.217.113.41 /minijunxishanhgnz/index.php/Api/Index/index
NOTIC: [8] Use of undefined constant SHOW_PAGE_TRACE - assumed 'SHOW_PAGE_TRACE' /www/web/default/public_html/minijunxishanhgnz/App/Common/Conf/debug.php 第 4 行.
INFO: [ app_init ] --START--
INFO: Run Behavior\BuildLiteBehavior [ RunTime:0.000015s ]
INFO: [ app_init ] --END-- [ RunTime:0.000068s ]
NOTIC: [8] Undefined variable: sckey /www/web/default/public_html/minijunxishanhgnz/App/Api/Conf/config.php 第 33 行.
NOTIC: [8] Undefined variable: sckey /www/web/default/public_html/minijunxishanhgnz/App/Api/Conf/config.php 第 33 行.
NOTIC: [8] Undefined variable: sckey /www/web/default/public_html/minijunxishanhgnz/App/Api/Conf/config.php 第 33 行.
NOTIC: [8] Use of undefined constant LOAD_EXT_CONFIG - assumed 'LOAD_EXT_CONFIG' /www/web/default/public_html/minijunxishanhgnz/App/Api/Conf/config.php 第 40 行.

[ 2017-07-20T10:32:56+08:00 ] 114.217.113.41 /minijunxishanhgnz/index.php/Api/Login/getsessionkey
NOTIC: [8] Use of undefined constant SHOW_PAGE_TRACE - assumed 'SHOW_PAGE_TRACE' /www/web/default/public_html/minijunxishanhgnz/App/Common/Conf/debug.php 第 4 行.
INFO: [ app_init ] --START--
INFO: Run Behavior\BuildLiteBehavior [ RunTime:0.000016s ]
INFO: [ app_init ] --END-- [ RunTime:0.000075s ]
NOTIC: [8] Undefined variable: sckey /www/web/default/public_html/minijunxishanhgnz/App/Api/Conf/config.php 第 33 行.
NOTIC: [8] Undefined variable: sckey /www/web/default/public_html/minijunxishanhgnz/App/Api/Conf/config.php 第 33 行.
NOTIC: [8] Undefined variable: sckey /www/web/default/public_html/minijunxishanhgnz/App/Api/Conf/config.php 第 33 行.
NOTIC: [8] Use of undefined constant LOAD_EXT_CONFIG - assumed 'LOAD_EXT_CONFIG' /www/web/default/public_html/minijunxishanhgnz/App/Api/Conf/config.php 第 40 行.

[ 2017-07-20T10:32:56+08:00 ] 114.217.113.41 /minijunxishanhgnz/index.php/Api/Login/authlogin
NOTIC: [8] Use of undefined constant SHOW_PAGE_TRACE - assumed 'SHOW_PAGE_TRACE' /www/web/default/public_html/minijunxishanhgnz/App/Common/Conf/debug.php 第 4 行.
INFO: [ app_init ] --START--
INFO: Run Behavior\BuildLiteBehavior [ RunTime:0.000012s ]
INFO: [ app_init ] --END-- [ RunTime:0.000061s ]
NOTIC: [8] Undefined variable: sckey /www/web/default/public_html/minijunxishanhgnz/App/Api/Conf/config.php 第 33 行.
NOTIC: [8] Undefined variable: sckey /www/web/default/public_html/minijunxishanhgnz/App/Api/Conf/config.php 第 33 行.
NOTIC: [8] Undefined variable: sckey /www/web/default/public_html/minijunxishanhgnz/App/Api/Conf/config.php 第 33 行.
NOTIC: [8] Use of undefined constant LOAD_EXT_CONFIG - assumed 'LOAD_EXT_CONFIG' /www/web/default/public_html/minijunxishanhgnz/App/Api/Conf/config.php 第 40 行.

[ 2017-07-20T11:38:31+08:00 ] 14.24.228.82 /minijunxishanhgnz/index.php/Api/Index/index
NOTIC: [8] Use of undefined constant SHOW_PAGE_TRACE - assumed 'SHOW_PAGE_TRACE' /www/web/default/public_html/minijunxishanhgnz/App/Common/Conf/debug.php 第 4 行.
INFO: [ app_init ] --START--
INFO: Run Behavior\BuildLiteBehavior [ RunTime:0.000011s ]
INFO: [ app_init ] --END-- [ RunTime:0.000056s ]
NOTIC: [8] Undefined variable: sckey /www/web/default/public_html/minijunxishanhgnz/App/Api/Conf/config.php 第 33 行.
NOTIC: [8] Undefined variable: sckey /www/web/default/public_html/minijunxishanhgnz/App/Api/Conf/config.php 第 33 行.
NOTIC: [8] Undefined variable: sckey /www/web/default/public_html/minijunxishanhgnz/App/Api/Conf/config.php 第 33 行.
NOTIC: [8] Use of undefined constant LOAD_EXT_CONFIG - assumed 'LOAD_EXT_CONFIG' /www/web/default/public_html/minijunxishanhgnz/App/Api/Conf/config.php 第 40 行.

[ 2017-07-20T11:38:34+08:00 ] 14.24.228.82 /minijunxishanhgnz/index.php/Api/Login/getsessionkey
NOTIC: [8] Use of undefined constant SHOW_PAGE_TRACE - assumed 'SHOW_PAGE_TRACE' /www/web/default/public_html/minijunxishanhgnz/App/Common/Conf/debug.php 第 4 行.
INFO: [ app_init ] --START--
INFO: Run Behavior\BuildLiteBehavior [ RunTime:0.000013s ]
INFO: [ app_init ] --END-- [ RunTime:0.000061s ]
NOTIC: [8] Undefined variable: sckey /www/web/default/public_html/minijunxishanhgnz/App/Api/Conf/config.php 第 33 行.
NOTIC: [8] Undefined variable: sckey /www/web/default/public_html/minijunxishanhgnz/App/Api/Conf/config.php 第 33 行.
NOTIC: [8] Undefined variable: sckey /www/web/default/public_html/minijunxishanhgnz/App/Api/Conf/config.php 第 33 行.
NOTIC: [8] Use of undefined constant LOAD_EXT_CONFIG - assumed 'LOAD_EXT_CONFIG' /www/web/default/public_html/minijunxishanhgnz/App/Api/Conf/config.php 第 40 行.

[ 2017-07-20T11:38:35+08:00 ] 14.24.228.82 /minijunxishanhgnz/index.php/Api/Login/authlogin
NOTIC: [8] Use of undefined constant SHOW_PAGE_TRACE - assumed 'SHOW_PAGE_TRACE' /www/web/default/public_html/minijunxishanhgnz/App/Common/Conf/debug.php 第 4 行.
INFO: [ app_init ] --START--
INFO: Run Behavior\BuildLiteBehavior [ RunTime:0.000014s ]
INFO: [ app_init ] --END-- [ RunTime:0.000068s ]
NOTIC: [8] Undefined variable: sckey /www/web/default/public_html/minijunxishanhgnz/App/Api/Conf/config.php 第 33 行.
NOTIC: [8] Undefined variable: sckey /www/web/default/public_html/minijunxishanhgnz/App/Api/Conf/config.php 第 33 行.
NOTIC: [8] Undefined variable: sckey /www/web/default/public_html/minijunxishanhgnz/App/Api/Conf/config.php 第 33 行.
NOTIC: [8] Use of undefined constant LOAD_EXT_CONFIG - assumed 'LOAD_EXT_CONFIG' /www/web/default/public_html/minijunxishanhgnz/App/Api/Conf/config.php 第 40 行.

[ 2017-07-20T12:08:35+08:00 ] 117.136.79.58 /minijunxishanhgnz/index.php/Api/Index/index
NOTIC: [8] Use of undefined constant SHOW_PAGE_TRACE - assumed 'SHOW_PAGE_TRACE' /www/web/default/public_html/minijunxishanhgnz/App/Common/Conf/debug.php 第 4 行.
INFO: [ app_init ] --START--
INFO: Run Behavior\BuildLiteBehavior [ RunTime:0.000018s ]
INFO: [ app_init ] --END-- [ RunTime:0.000073s ]
NOTIC: [8] Undefined variable: sckey /www/web/default/public_html/minijunxishanhgnz/App/Api/Conf/config.php 第 33 行.
NOTIC: [8] Undefined variable: sckey /www/web/default/public_html/minijunxishanhgnz/App/Api/Conf/config.php 第 33 行.
NOTIC: [8] Undefined variable: sckey /www/web/default/public_html/minijunxishanhgnz/App/Api/Conf/config.php 第 33 行.
NOTIC: [8] Use of undefined constant LOAD_EXT_CONFIG - assumed 'LOAD_EXT_CONFIG' /www/web/default/public_html/minijunxishanhgnz/App/Api/Conf/config.php 第 40 行.

[ 2017-07-20T12:08:38+08:00 ] 117.136.79.58 /minijunxishanhgnz/index.php/Api/Login/getsessionkey
NOTIC: [8] Use of undefined constant SHOW_PAGE_TRACE - assumed 'SHOW_PAGE_TRACE' /www/web/default/public_html/minijunxishanhgnz/App/Common/Conf/debug.php 第 4 行.
INFO: [ app_init ] --START--
INFO: Run Behavior\BuildLiteBehavior [ RunTime:0.000013s ]
INFO: [ app_init ] --END-- [ RunTime:0.000076s ]
NOTIC: [8] Undefined variable: sckey /www/web/default/public_html/minijunxishanhgnz/App/Api/Conf/config.php 第 33 行.
NOTIC: [8] Undefined variable: sckey /www/web/default/public_html/minijunxishanhgnz/App/Api/Conf/config.php 第 33 行.
NOTIC: [8] Undefined variable: sckey /www/web/default/public_html/minijunxishanhgnz/App/Api/Conf/config.php 第 33 行.
NOTIC: [8] Use of undefined constant LOAD_EXT_CONFIG - assumed 'LOAD_EXT_CONFIG' /www/web/default/public_html/minijunxishanhgnz/App/Api/Conf/config.php 第 40 行.

[ 2017-07-20T12:08:38+08:00 ] 117.136.79.58 /minijunxishanhgnz/index.php/Api/Login/authlogin
NOTIC: [8] Use of undefined constant SHOW_PAGE_TRACE - assumed 'SHOW_PAGE_TRACE' /www/web/default/public_html/minijunxishanhgnz/App/Common/Conf/debug.php 第 4 行.
INFO: [ app_init ] --START--
INFO: Run Behavior\BuildLiteBehavior [ RunTime:0.000013s ]
INFO: [ app_init ] --END-- [ RunTime:0.000061s ]
NOTIC: [8] Undefined variable: sckey /www/web/default/public_html/minijunxishanhgnz/App/Api/Conf/config.php 第 33 行.
NOTIC: [8] Undefined variable: sckey /www/web/default/public_html/minijunxishanhgnz/App/Api/Conf/config.php 第 33 行.
NOTIC: [8] Undefined variable: sckey /www/web/default/public_html/minijunxishanhgnz/App/Api/Conf/config.php 第 33 行.
NOTIC: [8] Use of undefined constant LOAD_EXT_CONFIG - assumed 'LOAD_EXT_CONFIG' /www/web/default/public_html/minijunxishanhgnz/App/Api/Conf/config.php 第 40 行.

[ 2017-07-20T12:08:47+08:00 ] 117.136.79.58 /minijunxishanhgnz/index.php/Api/Product/index
NOTIC: [8] Use of undefined constant SHOW_PAGE_TRACE - assumed 'SHOW_PAGE_TRACE' /www/web/default/public_html/minijunxishanhgnz/App/Common/Conf/debug.php 第 4 行.
INFO: [ app_init ] --START--
INFO: Run Behavior\BuildLiteBehavior [ RunTime:0.000013s ]
INFO: [ app_init ] --END-- [ RunTime:0.000084s ]
NOTIC: [8] Undefined variable: sckey /www/web/default/public_html/minijunxishanhgnz/App/Api/Conf/config.php 第 33 行.
NOTIC: [8] Undefined variable: sckey /www/web/default/public_html/minijunxishanhgnz/App/Api/Conf/config.php 第 33 行.
NOTIC: [8] Undefined variable: sckey /www/web/default/public_html/minijunxishanhgnz/App/Api/Conf/config.php 第 33 行.
NOTIC: [8] Use of undefined constant LOAD_EXT_CONFIG - assumed 'LOAD_EXT_CONFIG' /www/web/default/public_html/minijunxishanhgnz/App/Api/Conf/config.php 第 40 行.

[ 2017-07-20T12:09:06+08:00 ] 117.136.79.58 /minijunxishanhgnz/index.php/Api/Product/index
NOTIC: [8] Use of undefined constant SHOW_PAGE_TRACE - assumed 'SHOW_PAGE_TRACE' /www/web/default/public_html/minijunxishanhgnz/App/Common/Conf/debug.php 第 4 行.
INFO: [ app_init ] --START--
INFO: Run Behavior\BuildLiteBehavior [ RunTime:0.000012s ]
INFO: [ app_init ] --END-- [ RunTime:0.000060s ]
NOTIC: [8] Undefined variable: sckey /www/web/default/public_html/minijunxishanhgnz/App/Api/Conf/config.php 第 33 行.
NOTIC: [8] Undefined variable: sckey /www/web/default/public_html/minijunxishanhgnz/App/Api/Conf/config.php 第 33 行.
NOTIC: [8] Undefined variable: sckey /www/web/default/public_html/minijunxishanhgnz/App/Api/Conf/config.php 第 33 行.
NOTIC: [8] Use of undefined constant LOAD_EXT_CONFIG - assumed 'LOAD_EXT_CONFIG' /www/web/default/public_html/minijunxishanhgnz/App/Api/Conf/config.php 第 40 行.

[ 2017-07-20T13:15:20+08:00 ] 117.136.32.55 /minijunxishanhgnz/index.php/Api/Index/index
NOTIC: [8] Use of undefined constant SHOW_PAGE_TRACE - assumed 'SHOW_PAGE_TRACE' /www/web/default/public_html/minijunxishanhgnz/App/Common/Conf/debug.php 第 4 行.
INFO: [ app_init ] --START--
INFO: Run Behavior\BuildLiteBehavior [ RunTime:0.000012s ]
INFO: [ app_init ] --END-- [ RunTime:0.000059s ]
NOTIC: [8] Undefined variable: sckey /www/web/default/public_html/minijunxishanhgnz/App/Api/Conf/config.php 第 33 行.
NOTIC: [8] Undefined variable: sckey /www/web/default/public_html/minijunxishanhgnz/App/Api/Conf/config.php 第 33 行.
NOTIC: [8] Undefined variable: sckey /www/web/default/public_html/minijunxishanhgnz/App/Api/Conf/config.php 第 33 行.
NOTIC: [8] Use of undefined constant LOAD_EXT_CONFIG - assumed 'LOAD_EXT_CONFIG' /www/web/default/public_html/minijunxishanhgnz/App/Api/Conf/config.php 第 40 行.

[ 2017-07-20T13:15:26+08:00 ] 117.136.32.55 /minijunxishanhgnz/index.php/Api/Login/getsessionkey
NOTIC: [8] Use of undefined constant SHOW_PAGE_TRACE - assumed 'SHOW_PAGE_TRACE' /www/web/default/public_html/minijunxishanhgnz/App/Common/Conf/debug.php 第 4 行.
INFO: [ app_init ] --START--
INFO: Run Behavior\BuildLiteBehavior [ RunTime:0.000015s ]
INFO: [ app_init ] --END-- [ RunTime:0.000067s ]
NOTIC: [8] Undefined variable: sckey /www/web/default/public_html/minijunxishanhgnz/App/Api/Conf/config.php 第 33 行.
NOTIC: [8] Undefined variable: sckey /www/web/default/public_html/minijunxishanhgnz/App/Api/Conf/config.php 第 33 行.
NOTIC: [8] Undefined variable: sckey /www/web/default/public_html/minijunxishanhgnz/App/Api/Conf/config.php 第 33 行.
NOTIC: [8] Use of undefined constant LOAD_EXT_CONFIG - assumed 'LOAD_EXT_CONFIG' /www/web/default/public_html/minijunxishanhgnz/App/Api/Conf/config.php 第 40 行.

[ 2017-07-20T13:15:27+08:00 ] 117.136.32.55 /minijunxishanhgnz/index.php/Api/Login/authlogin
NOTIC: [8] Use of undefined constant SHOW_PAGE_TRACE - assumed 'SHOW_PAGE_TRACE' /www/web/default/public_html/minijunxishanhgnz/App/Common/Conf/debug.php 第 4 行.
INFO: [ app_init ] --START--
INFO: Run Behavior\BuildLiteBehavior [ RunTime:0.000013s ]
INFO: [ app_init ] --END-- [ RunTime:0.000065s ]
NOTIC: [8] Undefined variable: sckey /www/web/default/public_html/minijunxishanhgnz/App/Api/Conf/config.php 第 33 行.
NOTIC: [8] Undefined variable: sckey /www/web/default/public_html/minijunxishanhgnz/App/Api/Conf/config.php 第 33 行.
NOTIC: [8] Undefined variable: sckey /www/web/default/public_html/minijunxishanhgnz/App/Api/Conf/config.php 第 33 行.
NOTIC: [8] Use of undefined constant LOAD_EXT_CONFIG - assumed 'LOAD_EXT_CONFIG' /www/web/default/public_html/minijunxishanhgnz/App/Api/Conf/config.php 第 40 行.

[ 2017-07-20T14:43:20+08:00 ] 113.67.74.56 /minijunxishanhgnz/index.php/Api/Index/index
NOTIC: [8] Use of undefined constant SHOW_PAGE_TRACE - assumed 'SHOW_PAGE_TRACE' /www/web/default/public_html/minijunxishanhgnz/App/Common/Conf/debug.php 第 4 行.
INFO: [ app_init ] --START--
INFO: Run Behavior\BuildLiteBehavior [ RunTime:0.000012s ]
INFO: [ app_init ] --END-- [ RunTime:0.000060s ]
NOTIC: [8] Undefined variable: sckey /www/web/default/public_html/minijunxishanhgnz/App/Api/Conf/config.php 第 33 行.
NOTIC: [8] Undefined variable: sckey /www/web/default/public_html/minijunxishanhgnz/App/Api/Conf/config.php 第 33 行.
NOTIC: [8] Undefined variable: sckey /www/web/default/public_html/minijunxishanhgnz/App/Api/Conf/config.php 第 33 行.
NOTIC: [8] Use of undefined constant LOAD_EXT_CONFIG - assumed 'LOAD_EXT_CONFIG' /www/web/default/public_html/minijunxishanhgnz/App/Api/Conf/config.php 第 40 行.

[ 2017-07-20T14:43:21+08:00 ] 113.67.74.56 /minijunxishanhgnz/index.php/Api/Login/getsessionkey
NOTIC: [8] Use of undefined constant SHOW_PAGE_TRACE - assumed 'SHOW_PAGE_TRACE' /www/web/default/public_html/minijunxishanhgnz/App/Common/Conf/debug.php 第 4 行.
INFO: [ app_init ] --START--
INFO: Run Behavior\BuildLiteBehavior [ RunTime:0.000012s ]
INFO: [ app_init ] --END-- [ RunTime:0.000060s ]
NOTIC: [8] Undefined variable: sckey /www/web/default/public_html/minijunxishanhgnz/App/Api/Conf/config.php 第 33 行.
NOTIC: [8] Undefined variable: sckey /www/web/default/public_html/minijunxishanhgnz/App/Api/Conf/config.php 第 33 行.
NOTIC: [8] Undefined variable: sckey /www/web/default/public_html/minijunxishanhgnz/App/Api/Conf/config.php 第 33 行.
NOTIC: [8] Use of undefined constant LOAD_EXT_CONFIG - assumed 'LOAD_EXT_CONFIG' /www/web/default/public_html/minijunxishanhgnz/App/Api/Conf/config.php 第 40 行.

[ 2017-07-20T14:43:22+08:00 ] 113.67.74.56 /minijunxishanhgnz/index.php/Api/Login/authlogin
NOTIC: [8] Use of undefined constant SHOW_PAGE_TRACE - assumed 'SHOW_PAGE_TRACE' /www/web/default/public_html/minijunxishanhgnz/App/Common/Conf/debug.php 第 4 行.
INFO: [ app_init ] --START--
INFO: Run Behavior\BuildLiteBehavior [ RunTime:0.000015s ]
INFO: [ app_init ] --END-- [ RunTime:0.000068s ]
NOTIC: [8] Undefined variable: sckey /www/web/default/public_html/minijunxishanhgnz/App/Api/Conf/config.php 第 33 行.
NOTIC: [8] Undefined variable: sckey /www/web/default/public_html/minijunxishanhgnz/App/Api/Conf/config.php 第 33 行.
NOTIC: [8] Undefined variable: sckey /www/web/default/public_html/minijunxishanhgnz/App/Api/Conf/config.php 第 33 行.
NOTIC: [8] Use of undefined constant LOAD_EXT_CONFIG - assumed 'LOAD_EXT_CONFIG' /www/web/default/public_html/minijunxishanhgnz/App/Api/Conf/config.php 第 40 行.

[ 2017-07-20T14:43:37+08:00 ] 113.67.74.56 /minijunxishanhgnz/index.php/Api/Category/index
NOTIC: [8] Use of undefined constant SHOW_PAGE_TRACE - assumed 'SHOW_PAGE_TRACE' /www/web/default/public_html/minijunxishanhgnz/App/Common/Conf/debug.php 第 4 行.
INFO: [ app_init ] --START--
INFO: Run Behavior\BuildLiteBehavior [ RunTime:0.000012s ]
INFO: [ app_init ] --END-- [ RunTime:0.000060s ]
NOTIC: [8] Undefined variable: sckey /www/web/default/public_html/minijunxishanhgnz/App/Api/Conf/config.php 第 33 行.
NOTIC: [8] Undefined variable: sckey /www/web/default/public_html/minijunxishanhgnz/App/Api/Conf/config.php 第 33 行.
NOTIC: [8] Undefined variable: sckey /www/web/default/public_html/minijunxishanhgnz/App/Api/Conf/config.php 第 33 行.
NOTIC: [8] Use of undefined constant LOAD_EXT_CONFIG - assumed 'LOAD_EXT_CONFIG' /www/web/default/public_html/minijunxishanhgnz/App/Api/Conf/config.php 第 40 行.

[ 2017-07-20T14:43:39+08:00 ] 113.67.74.56 /minijunxishanhgnz/index.php/Api/User/getorder
NOTIC: [8] Use of undefined constant SHOW_PAGE_TRACE - assumed 'SHOW_PAGE_TRACE' /www/web/default/public_html/minijunxishanhgnz/App/Common/Conf/debug.php 第 4 行.
INFO: [ app_init ] --START--
INFO: Run Behavior\BuildLiteBehavior [ RunTime:0.000012s ]
INFO: [ app_init ] --END-- [ RunTime:0.000059s ]
NOTIC: [8] Undefined variable: sckey /www/web/default/public_html/minijunxishanhgnz/App/Api/Conf/config.php 第 33 行.
NOTIC: [8] Undefined variable: sckey /www/web/default/public_html/minijunxishanhgnz/App/Api/Conf/config.php 第 33 行.
NOTIC: [8] Undefined variable: sckey /www/web/default/public_html/minijunxishanhgnz/App/Api/Conf/config.php 第 33 行.
NOTIC: [8] Use of undefined constant LOAD_EXT_CONFIG - assumed 'LOAD_EXT_CONFIG' /www/web/default/public_html/minijunxishanhgnz/App/Api/Conf/config.php 第 40 行.

[ 2017-07-20T14:43:39+08:00 ] 113.67.74.56 /minijunxishanhgnz/index.php/Api/User/getorder
NOTIC: [8] Use of undefined constant SHOW_PAGE_TRACE - assumed 'SHOW_PAGE_TRACE' /www/web/default/public_html/minijunxishanhgnz/App/Common/Conf/debug.php 第 4 行.
INFO: [ app_init ] --START--
INFO: Run Behavior\BuildLiteBehavior [ RunTime:0.000016s ]
INFO: [ app_init ] --END-- [ RunTime:0.000070s ]
NOTIC: [8] Undefined variable: sckey /www/web/default/public_html/minijunxishanhgnz/App/Api/Conf/config.php 第 33 行.
NOTIC: [8] Undefined variable: sckey /www/web/default/public_html/minijunxishanhgnz/App/Api/Conf/config.php 第 33 行.
NOTIC: [8] Undefined variable: sckey /www/web/default/public_html/minijunxishanhgnz/App/Api/Conf/config.php 第 33 行.
NOTIC: [8] Use of undefined constant LOAD_EXT_CONFIG - assumed 'LOAD_EXT_CONFIG' /www/web/default/public_html/minijunxishanhgnz/App/Api/Conf/config.php 第 40 行.

[ 2017-07-20T14:44:57+08:00 ] 58.62.197.36 /minijunxishanhgnz/index.php/Api/Index/index
NOTIC: [8] Use of undefined constant SHOW_PAGE_TRACE - assumed 'SHOW_PAGE_TRACE' /www/web/default/public_html/minijunxishanhgnz/App/Common/Conf/debug.php 第 4 行.
INFO: [ app_init ] --START--
INFO: Run Behavior\BuildLiteBehavior [ RunTime:0.000012s ]
INFO: [ app_init ] --END-- [ RunTime:0.000060s ]
NOTIC: [8] Undefined variable: sckey /www/web/default/public_html/minijunxishanhgnz/App/Api/Conf/config.php 第 33 行.
NOTIC: [8] Undefined variable: sckey /www/web/default/public_html/minijunxishanhgnz/App/Api/Conf/config.php 第 33 行.
NOTIC: [8] Undefined variable: sckey /www/web/default/public_html/minijunxishanhgnz/App/Api/Conf/config.php 第 33 行.
NOTIC: [8] Use of undefined constant LOAD_EXT_CONFIG - assumed 'LOAD_EXT_CONFIG' /www/web/default/public_html/minijunxishanhgnz/App/Api/Conf/config.php 第 40 行.

[ 2017-07-20T14:45:00+08:00 ] 58.62.197.36 /minijunxishanhgnz/index.php/Api/Login/getsessionkey
NOTIC: [8] Use of undefined constant SHOW_PAGE_TRACE - assumed 'SHOW_PAGE_TRACE' /www/web/default/public_html/minijunxishanhgnz/App/Common/Conf/debug.php 第 4 行.
INFO: [ app_init ] --START--
INFO: Run Behavior\BuildLiteBehavior [ RunTime:0.000013s ]
INFO: [ app_init ] --END-- [ RunTime:0.000064s ]
NOTIC: [8] Undefined variable: sckey /www/web/default/public_html/minijunxishanhgnz/App/Api/Conf/config.php 第 33 行.
NOTIC: [8] Undefined variable: sckey /www/web/default/public_html/minijunxishanhgnz/App/Api/Conf/config.php 第 33 行.
NOTIC: [8] Undefined variable: sckey /www/web/default/public_html/minijunxishanhgnz/App/Api/Conf/config.php 第 33 行.
NOTIC: [8] Use of undefined constant LOAD_EXT_CONFIG - assumed 'LOAD_EXT_CONFIG' /www/web/default/public_html/minijunxishanhgnz/App/Api/Conf/config.php 第 40 行.

[ 2017-07-20T14:45:01+08:00 ] 58.62.197.36 /minijunxishanhgnz/index.php/Api/Login/authlogin
NOTIC: [8] Use of undefined constant SHOW_PAGE_TRACE - assumed 'SHOW_PAGE_TRACE' /www/web/default/public_html/minijunxishanhgnz/App/Common/Conf/debug.php 第 4 行.
INFO: [ app_init ] --START--
INFO: Run Behavior\BuildLiteBehavior [ RunTime:0.000035s ]
INFO: [ app_init ] --END-- [ RunTime:0.000092s ]
NOTIC: [8] Undefined variable: sckey /www/web/default/public_html/minijunxishanhgnz/App/Api/Conf/config.php 第 33 行.
NOTIC: [8] Undefined variable: sckey /www/web/default/public_html/minijunxishanhgnz/App/Api/Conf/config.php 第 33 行.
NOTIC: [8] Undefined variable: sckey /www/web/default/public_html/minijunxishanhgnz/App/Api/Conf/config.php 第 33 行.
NOTIC: [8] Use of undefined constant LOAD_EXT_CONFIG - assumed 'LOAD_EXT_CONFIG' /www/web/default/public_html/minijunxishanhgnz/App/Api/Conf/config.php 第 40 行.

[ 2017-07-20T16:10:11+08:00 ] 42.199.57.31 /minijunxishanhgnz/index.php/Api/Index/index
NOTIC: [8] Use of undefined constant SHOW_PAGE_TRACE - assumed 'SHOW_PAGE_TRACE' /www/web/default/public_html/minijunxishanhgnz/App/Common/Conf/debug.php 第 4 行.
INFO: [ app_init ] --START--
INFO: Run Behavior\BuildLiteBehavior [ RunTime:0.000014s ]
INFO: [ app_init ] --END-- [ RunTime:0.000068s ]
NOTIC: [8] Undefined variable: sckey /www/web/default/public_html/minijunxishanhgnz/App/Api/Conf/config.php 第 33 行.
NOTIC: [8] Undefined variable: sckey /www/web/default/public_html/minijunxishanhgnz/App/Api/Conf/config.php 第 33 行.
NOTIC: [8] Undefined variable: sckey /www/web/default/public_html/minijunxishanhgnz/App/Api/Conf/config.php 第 33 行.
NOTIC: [8] Use of undefined constant LOAD_EXT_CONFIG - assumed 'LOAD_EXT_CONFIG' /www/web/default/public_html/minijunxishanhgnz/App/Api/Conf/config.php 第 40 行.

[ 2017-07-20T16:28:48+08:00 ] 117.136.31.225 /minijunxishanhgnz/index.php/Api/Index/index
NOTIC: [8] Use of undefined constant SHOW_PAGE_TRACE - assumed 'SHOW_PAGE_TRACE' /www/web/default/public_html/minijunxishanhgnz/App/Common/Conf/debug.php 第 4 行.
INFO: [ app_init ] --START--
INFO: Run Behavior\BuildLiteBehavior [ RunTime:0.000016s ]
INFO: [ app_init ] --END-- [ RunTime:0.000067s ]
NOTIC: [8] Undefined variable: sckey /www/web/default/public_html/minijunxishanhgnz/App/Api/Conf/config.php 第 33 行.
NOTIC: [8] Undefined variable: sckey /www/web/default/public_html/minijunxishanhgnz/App/Api/Conf/config.php 第 33 行.
NOTIC: [8] Undefined variable: sckey /www/web/default/public_html/minijunxishanhgnz/App/Api/Conf/config.php 第 33 行.
NOTIC: [8] Use of undefined constant LOAD_EXT_CONFIG - assumed 'LOAD_EXT_CONFIG' /www/web/default/public_html/minijunxishanhgnz/App/Api/Conf/config.php 第 40 行.

[ 2017-07-20T16:28:53+08:00 ] 117.136.31.225 /minijunxishanhgnz/index.php/Api/Login/getsessionkey
NOTIC: [8] Use of undefined constant SHOW_PAGE_TRACE - assumed 'SHOW_PAGE_TRACE' /www/web/default/public_html/minijunxishanhgnz/App/Common/Conf/debug.php 第 4 行.
INFO: [ app_init ] --START--
INFO: Run Behavior\BuildLiteBehavior [ RunTime:0.000016s ]
INFO: [ app_init ] --END-- [ RunTime:0.000071s ]
NOTIC: [8] Undefined variable: sckey /www/web/default/public_html/minijunxishanhgnz/App/Api/Conf/config.php 第 33 行.
NOTIC: [8] Undefined variable: sckey /www/web/default/public_html/minijunxishanhgnz/App/Api/Conf/config.php 第 33 行.
NOTIC: [8] Undefined variable: sckey /www/web/default/public_html/minijunxishanhgnz/App/Api/Conf/config.php 第 33 行.
NOTIC: [8] Use of undefined constant LOAD_EXT_CONFIG - assumed 'LOAD_EXT_CONFIG' /www/web/default/public_html/minijunxishanhgnz/App/Api/Conf/config.php 第 40 行.

[ 2017-07-20T16:28:54+08:00 ] 117.136.31.225 /minijunxishanhgnz/index.php/Api/Login/authlogin
NOTIC: [8] Use of undefined constant SHOW_PAGE_TRACE - assumed 'SHOW_PAGE_TRACE' /www/web/default/public_html/minijunxishanhgnz/App/Common/Conf/debug.php 第 4 行.
INFO: [ app_init ] --START--
INFO: Run Behavior\BuildLiteBehavior [ RunTime:0.000032s ]
INFO: [ app_init ] --END-- [ RunTime:0.000083s ]
NOTIC: [8] Undefined variable: sckey /www/web/default/public_html/minijunxishanhgnz/App/Api/Conf/config.php 第 33 行.
NOTIC: [8] Undefined variable: sckey /www/web/default/public_html/minijunxishanhgnz/App/Api/Conf/config.php 第 33 行.
NOTIC: [8] Undefined variable: sckey /www/web/default/public_html/minijunxishanhgnz/App/Api/Conf/config.php 第 33 行.
NOTIC: [8] Use of undefined constant LOAD_EXT_CONFIG - assumed 'LOAD_EXT_CONFIG' /www/web/default/public_html/minijunxishanhgnz/App/Api/Conf/config.php 第 40 行.

[ 2017-07-20T17:06:50+08:00 ] 125.94.208.41 /minijunxishanhgnz/index.php/Api/Index/index
NOTIC: [8] Use of undefined constant SHOW_PAGE_TRACE - assumed 'SHOW_PAGE_TRACE' /www/web/default/public_html/minijunxishanhgnz/App/Common/Conf/debug.php 第 4 行.
INFO: [ app_init ] --START--
INFO: Run Behavior\BuildLiteBehavior [ RunTime:0.000012s ]
INFO: [ app_init ] --END-- [ RunTime:0.000062s ]
NOTIC: [8] Undefined variable: sckey /www/web/default/public_html/minijunxishanhgnz/App/Api/Conf/config.php 第 33 行.
NOTIC: [8] Undefined variable: sckey /www/web/default/public_html/minijunxishanhgnz/App/Api/Conf/config.php 第 33 行.
NOTIC: [8] Undefined variable: sckey /www/web/default/public_html/minijunxishanhgnz/App/Api/Conf/config.php 第 33 行.
NOTIC: [8] Use of undefined constant LOAD_EXT_CONFIG - assumed 'LOAD_EXT_CONFIG' /www/web/default/public_html/minijunxishanhgnz/App/Api/Conf/config.php 第 40 行.

[ 2017-07-20T17:06:56+08:00 ] 125.94.208.41 /minijunxishanhgnz/index.php/Api/Login/getsessionkey
NOTIC: [8] Use of undefined constant SHOW_PAGE_TRACE - assumed 'SHOW_PAGE_TRACE' /www/web/default/public_html/minijunxishanhgnz/App/Common/Conf/debug.php 第 4 行.
INFO: [ app_init ] --START--
INFO: Run Behavior\BuildLiteBehavior [ RunTime:0.000012s ]
INFO: [ app_init ] --END-- [ RunTime:0.000060s ]
NOTIC: [8] Undefined variable: sckey /www/web/default/public_html/minijunxishanhgnz/App/Api/Conf/config.php 第 33 行.
NOTIC: [8] Undefined variable: sckey /www/web/default/public_html/minijunxishanhgnz/App/Api/Conf/config.php 第 33 行.
NOTIC: [8] Undefined variable: sckey /www/web/default/public_html/minijunxishanhgnz/App/Api/Conf/config.php 第 33 行.
NOTIC: [8] Use of undefined constant LOAD_EXT_CONFIG - assumed 'LOAD_EXT_CONFIG' /www/web/default/public_html/minijunxishanhgnz/App/Api/Conf/config.php 第 40 行.

[ 2017-07-20T17:06:56+08:00 ] 125.94.208.41 /minijunxishanhgnz/index.php/Api/Login/authlogin
NOTIC: [8] Use of undefined constant SHOW_PAGE_TRACE - assumed 'SHOW_PAGE_TRACE' /www/web/default/public_html/minijunxishanhgnz/App/Common/Conf/debug.php 第 4 行.
INFO: [ app_init ] --START--
INFO: Run Behavior\BuildLiteBehavior [ RunTime:0.000011s ]
INFO: [ app_init ] --END-- [ RunTime:0.000082s ]
NOTIC: [8] Undefined variable: sckey /www/web/default/public_html/minijunxishanhgnz/App/Api/Conf/config.php 第 33 行.
NOTIC: [8] Undefined variable: sckey /www/web/default/public_html/minijunxishanhgnz/App/Api/Conf/config.php 第 33 行.
NOTIC: [8] Undefined variable: sckey /www/web/default/public_html/minijunxishanhgnz/App/Api/Conf/config.php 第 33 行.
NOTIC: [8] Use of undefined constant LOAD_EXT_CONFIG - assumed 'LOAD_EXT_CONFIG' /www/web/default/public_html/minijunxishanhgnz/App/Api/Conf/config.php 第 40 行.

[ 2017-07-20T17:06:58+08:00 ] 125.94.208.41 /minijunxishanhgnz/index.php/Api/Product/lists
NOTIC: [8] Use of undefined constant SHOW_PAGE_TRACE - assumed 'SHOW_PAGE_TRACE' /www/web/default/public_html/minijunxishanhgnz/App/Common/Conf/debug.php 第 4 行.
INFO: [ app_init ] --START--
INFO: Run Behavior\BuildLiteBehavior [ RunTime:0.000012s ]
INFO: [ app_init ] --END-- [ RunTime:0.000058s ]
NOTIC: [8] Undefined variable: sckey /www/web/default/public_html/minijunxishanhgnz/App/Api/Conf/config.php 第 33 行.
NOTIC: [8] Undefined variable: sckey /www/web/default/public_html/minijunxishanhgnz/App/Api/Conf/config.php 第 33 行.
NOTIC: [8] Undefined variable: sckey /www/web/default/public_html/minijunxishanhgnz/App/Api/Conf/config.php 第 33 行.
NOTIC: [8] Use of undefined constant LOAD_EXT_CONFIG - assumed 'LOAD_EXT_CONFIG' /www/web/default/public_html/minijunxishanhgnz/App/Api/Conf/config.php 第 40 行.

[ 2017-07-20T17:07:01+08:00 ] 125.94.208.41 /minijunxishanhgnz/index.php/Api/Product/get_more
NOTIC: [8] Use of undefined constant SHOW_PAGE_TRACE - assumed 'SHOW_PAGE_TRACE' /www/web/default/public_html/minijunxishanhgnz/App/Common/Conf/debug.php 第 4 行.
INFO: [ app_init ] --START--
INFO: Run Behavior\BuildLiteBehavior [ RunTime:0.000012s ]
INFO: [ app_init ] --END-- [ RunTime:0.000060s ]
NOTIC: [8] Undefined variable: sckey /www/web/default/public_html/minijunxishanhgnz/App/Api/Conf/config.php 第 33 行.
NOTIC: [8] Undefined variable: sckey /www/web/default/public_html/minijunxishanhgnz/App/Api/Conf/config.php 第 33 行.
NOTIC: [8] Undefined variable: sckey /www/web/default/public_html/minijunxishanhgnz/App/Api/Conf/config.php 第 33 行.
NOTIC: [8] Use of undefined constant LOAD_EXT_CONFIG - assumed 'LOAD_EXT_CONFIG' /www/web/default/public_html/minijunxishanhgnz/App/Api/Conf/config.php 第 40 行.

[ 2017-07-20T17:39:33+08:00 ] 113.67.74.56 /minijunxishanhgnz/index.php/Api/Index/index
NOTIC: [8] Use of undefined constant SHOW_PAGE_TRACE - assumed 'SHOW_PAGE_TRACE' /www/web/default/public_html/minijunxishanhgnz/App/Common/Conf/debug.php 第 4 行.
INFO: [ app_init ] --START--
INFO: Run Behavior\BuildLiteBehavior [ RunTime:0.000012s ]
INFO: [ app_init ] --END-- [ RunTime:0.000059s ]
NOTIC: [8] Undefined variable: sckey /www/web/default/public_html/minijunxishanhgnz/App/Api/Conf/config.php 第 33 行.
NOTIC: [8] Undefined variable: sckey /www/web/default/public_html/minijunxishanhgnz/App/Api/Conf/config.php 第 33 行.
NOTIC: [8] Undefined variable: sckey /www/web/default/public_html/minijunxishanhgnz/App/Api/Conf/config.php 第 33 行.
NOTIC: [8] Use of undefined constant LOAD_EXT_CONFIG - assumed 'LOAD_EXT_CONFIG' /www/web/default/public_html/minijunxishanhgnz/App/Api/Conf/config.php 第 40 行.

[ 2017-07-20T17:39:38+08:00 ] 113.67.74.56 /minijunxishanhgnz/index.php/Api/Login/getsessionkey
NOTIC: [8] Use of undefined constant SHOW_PAGE_TRACE - assumed 'SHOW_PAGE_TRACE' /www/web/default/public_html/minijunxishanhgnz/App/Common/Conf/debug.php 第 4 行.
INFO: [ app_init ] --START--
INFO: Run Behavior\BuildLiteBehavior [ RunTime:0.000014s ]
INFO: [ app_init ] --END-- [ RunTime:0.000065s ]
NOTIC: [8] Undefined variable: sckey /www/web/default/public_html/minijunxishanhgnz/App/Api/Conf/config.php 第 33 行.
NOTIC: [8] Undefined variable: sckey /www/web/default/public_html/minijunxishanhgnz/App/Api/Conf/config.php 第 33 行.
NOTIC: [8] Undefined variable: sckey /www/web/default/public_html/minijunxishanhgnz/App/Api/Conf/config.php 第 33 行.
NOTIC: [8] Use of undefined constant LOAD_EXT_CONFIG - assumed 'LOAD_EXT_CONFIG' /www/web/default/public_html/minijunxishanhgnz/App/Api/Conf/config.php 第 40 行.

[ 2017-07-20T17:39:38+08:00 ] 113.67.74.56 /minijunxishanhgnz/index.php/Api/Login/authlogin
NOTIC: [8] Use of undefined constant SHOW_PAGE_TRACE - assumed 'SHOW_PAGE_TRACE' /www/web/default/public_html/minijunxishanhgnz/App/Common/Conf/debug.php 第 4 行.
INFO: [ app_init ] --START--
INFO: Run Behavior\BuildLiteBehavior [ RunTime:0.000012s ]
INFO: [ app_init ] --END-- [ RunTime:0.000063s ]
NOTIC: [8] Undefined variable: sckey /www/web/default/public_html/minijunxishanhgnz/App/Api/Conf/config.php 第 33 行.
NOTIC: [8] Undefined variable: sckey /www/web/default/public_html/minijunxishanhgnz/App/Api/Conf/config.php 第 33 行.
NOTIC: [8] Undefined variable: sckey /www/web/default/public_html/minijunxishanhgnz/App/Api/Conf/config.php 第 33 行.
NOTIC: [8] Use of undefined constant LOAD_EXT_CONFIG - assumed 'LOAD_EXT_CONFIG' /www/web/default/public_html/minijunxishanhgnz/App/Api/Conf/config.php 第 40 行.

[ 2017-07-20T17:39:56+08:00 ] 113.67.74.56 /minijunxishanhgnz/index.php/Api/Product/lists
NOTIC: [8] Use of undefined constant SHOW_PAGE_TRACE - assumed 'SHOW_PAGE_TRACE' /www/web/default/public_html/minijunxishanhgnz/App/Common/Conf/debug.php 第 4 行.
INFO: [ app_init ] --START--
INFO: Run Behavior\BuildLiteBehavior [ RunTime:0.000012s ]
INFO: [ app_init ] --END-- [ RunTime:0.000059s ]
NOTIC: [8] Undefined variable: sckey /www/web/default/public_html/minijunxishanhgnz/App/Api/Conf/config.php 第 33 行.
NOTIC: [8] Undefined variable: sckey /www/web/default/public_html/minijunxishanhgnz/App/Api/Conf/config.php 第 33 行.
NOTIC: [8] Undefined variable: sckey /www/web/default/public_html/minijunxishanhgnz/App/Api/Conf/config.php 第 33 行.
NOTIC: [8] Use of undefined constant LOAD_EXT_CONFIG - assumed 'LOAD_EXT_CONFIG' /www/web/default/public_html/minijunxishanhgnz/App/Api/Conf/config.php 第 40 行.

[ 2017-07-20T17:40:07+08:00 ] 113.67.74.56 /minijunxishanhgnz/index.php/Api/Index/getlist
NOTIC: [8] Use of undefined constant SHOW_PAGE_TRACE - assumed 'SHOW_PAGE_TRACE' /www/web/default/public_html/minijunxishanhgnz/App/Common/Conf/debug.php 第 4 行.
INFO: [ app_init ] --START--
INFO: Run Behavior\BuildLiteBehavior [ RunTime:0.000012s ]
INFO: [ app_init ] --END-- [ RunTime:0.000061s ]
NOTIC: [8] Undefined variable: sckey /www/web/default/public_html/minijunxishanhgnz/App/Api/Conf/config.php 第 33 行.
NOTIC: [8] Undefined variable: sckey /www/web/default/public_html/minijunxishanhgnz/App/Api/Conf/config.php 第 33 行.
NOTIC: [8] Undefined variable: sckey /www/web/default/public_html/minijunxishanhgnz/App/Api/Conf/config.php 第 33 行.
NOTIC: [8] Use of undefined constant LOAD_EXT_CONFIG - assumed 'LOAD_EXT_CONFIG' /www/web/default/public_html/minijunxishanhgnz/App/Api/Conf/config.php 第 40 行.

[ 2017-07-20T17:40:19+08:00 ] 113.67.74.56 /minijunxishanhgnz/index.php/Api/Product/lists
NOTIC: [8] Use of undefined constant SHOW_PAGE_TRACE - assumed 'SHOW_PAGE_TRACE' /www/web/default/public_html/minijunxishanhgnz/App/Common/Conf/debug.php 第 4 行.
INFO: [ app_init ] --START--
INFO: Run Behavior\BuildLiteBehavior [ RunTime:0.000015s ]
INFO: [ app_init ] --END-- [ RunTime:0.000079s ]
NOTIC: [8] Undefined variable: sckey /www/web/default/public_html/minijunxishanhgnz/App/Api/Conf/config.php 第 33 行.
NOTIC: [8] Undefined variable: sckey /www/web/default/public_html/minijunxishanhgnz/App/Api/Conf/config.php 第 33 行.
NOTIC: [8] Undefined variable: sckey /www/web/default/public_html/minijunxishanhgnz/App/Api/Conf/config.php 第 33 行.
NOTIC: [8] Use of undefined constant LOAD_EXT_CONFIG - assumed 'LOAD_EXT_CONFIG' /www/web/default/public_html/minijunxishanhgnz/App/Api/Conf/config.php 第 40 行.

[ 2017-07-20T17:40:26+08:00 ] 113.67.74.56 /minijunxishanhgnz/index.php/Api/Product/lists
NOTIC: [8] Use of undefined constant SHOW_PAGE_TRACE - assumed 'SHOW_PAGE_TRACE' /www/web/default/public_html/minijunxishanhgnz/App/Common/Conf/debug.php 第 4 行.
INFO: [ app_init ] --START--
INFO: Run Behavior\BuildLiteBehavior [ RunTime:0.000017s ]
INFO: [ app_init ] --END-- [ RunTime:0.000073s ]
NOTIC: [8] Undefined variable: sckey /www/web/default/public_html/minijunxishanhgnz/App/Api/Conf/config.php 第 33 行.
NOTIC: [8] Undefined variable: sckey /www/web/default/public_html/minijunxishanhgnz/App/Api/Conf/config.php 第 33 行.
NOTIC: [8] Undefined variable: sckey /www/web/default/public_html/minijunxishanhgnz/App/Api/Conf/config.php 第 33 行.
NOTIC: [8] Use of undefined constant LOAD_EXT_CONFIG - assumed 'LOAD_EXT_CONFIG' /www/web/default/public_html/minijunxishanhgnz/App/Api/Conf/config.php 第 40 行.

[ 2017-07-20T17:40:26+08:00 ] 113.67.74.56 /minijunxishanhgnz/index.php/Api/Product/lists
NOTIC: [8] Use of undefined constant SHOW_PAGE_TRACE - assumed 'SHOW_PAGE_TRACE' /www/web/default/public_html/minijunxishanhgnz/App/Common/Conf/debug.php 第 4 行.
INFO: [ app_init ] --START--
INFO: Run Behavior\BuildLiteBehavior [ RunTime:0.000012s ]
INFO: [ app_init ] --END-- [ RunTime:0.000059s ]
NOTIC: [8] Undefined variable: sckey /www/web/default/public_html/minijunxishanhgnz/App/Api/Conf/config.php 第 33 行.
NOTIC: [8] Undefined variable: sckey /www/web/default/public_html/minijunxishanhgnz/App/Api/Conf/config.php 第 33 行.
NOTIC: [8] Undefined variable: sckey /www/web/default/public_html/minijunxishanhgnz/App/Api/Conf/config.php 第 33 行.
NOTIC: [8] Use of undefined constant LOAD_EXT_CONFIG - assumed 'LOAD_EXT_CONFIG' /www/web/default/public_html/minijunxishanhgnz/App/Api/Conf/config.php 第 40 行.

[ 2017-07-20T17:42:18+08:00 ] 113.67.74.56 /minijunxishanhgnz/index.php/Api/Category/index
NOTIC: [8] Use of undefined constant SHOW_PAGE_TRACE - assumed 'SHOW_PAGE_TRACE' /www/web/default/public_html/minijunxishanhgnz/App/Common/Conf/debug.php 第 4 行.
INFO: [ app_init ] --START--
INFO: Run Behavior\BuildLiteBehavior [ RunTime:0.000021s ]
INFO: [ app_init ] --END-- [ RunTime:0.000081s ]
NOTIC: [8] Undefined variable: sckey /www/web/default/public_html/minijunxishanhgnz/App/Api/Conf/config.php 第 33 行.
NOTIC: [8] Undefined variable: sckey /www/web/default/public_html/minijunxishanhgnz/App/Api/Conf/config.php 第 33 行.
NOTIC: [8] Undefined variable: sckey /www/web/default/public_html/minijunxishanhgnz/App/Api/Conf/config.php 第 33 行.
NOTIC: [8] Use of undefined constant LOAD_EXT_CONFIG - assumed 'LOAD_EXT_CONFIG' /www/web/default/public_html/minijunxishanhgnz/App/Api/Conf/config.php 第 40 行.

[ 2017-07-20T17:42:20+08:00 ] 113.67.74.56 /minijunxishanhgnz/index.php/Api/Shopping/index
NOTIC: [8] Use of undefined constant SHOW_PAGE_TRACE - assumed 'SHOW_PAGE_TRACE' /www/web/default/public_html/minijunxishanhgnz/App/Common/Conf/debug.php 第 4 行.
INFO: [ app_init ] --START--
INFO: Run Behavior\BuildLiteBehavior [ RunTime:0.000016s ]
INFO: [ app_init ] --END-- [ RunTime:0.000071s ]
NOTIC: [8] Undefined variable: sckey /www/web/default/public_html/minijunxishanhgnz/App/Api/Conf/config.php 第 33 行.
NOTIC: [8] Undefined variable: sckey /www/web/default/public_html/minijunxishanhgnz/App/Api/Conf/config.php 第 33 行.
NOTIC: [8] Undefined variable: sckey /www/web/default/public_html/minijunxishanhgnz/App/Api/Conf/config.php 第 33 行.
NOTIC: [8] Use of undefined constant LOAD_EXT_CONFIG - assumed 'LOAD_EXT_CONFIG' /www/web/default/public_html/minijunxishanhgnz/App/Api/Conf/config.php 第 40 行.

[ 2017-07-20T17:42:20+08:00 ] 113.67.74.56 /minijunxishanhgnz/index.php/Api/Shopping/index
NOTIC: [8] Use of undefined constant SHOW_PAGE_TRACE - assumed 'SHOW_PAGE_TRACE' /www/web/default/public_html/minijunxishanhgnz/App/Common/Conf/debug.php 第 4 行.
INFO: [ app_init ] --START--
INFO: Run Behavior\BuildLiteBehavior [ RunTime:0.000012s ]
INFO: [ app_init ] --END-- [ RunTime:0.000066s ]
NOTIC: [8] Undefined variable: sckey /www/web/default/public_html/minijunxishanhgnz/App/Api/Conf/config.php 第 33 行.
NOTIC: [8] Undefined variable: sckey /www/web/default/public_html/minijunxishanhgnz/App/Api/Conf/config.php 第 33 行.
NOTIC: [8] Undefined variable: sckey /www/web/default/public_html/minijunxishanhgnz/App/Api/Conf/config.php 第 33 行.
NOTIC: [8] Use of undefined constant LOAD_EXT_CONFIG - assumed 'LOAD_EXT_CONFIG' /www/web/default/public_html/minijunxishanhgnz/App/Api/Conf/config.php 第 40 行.

[ 2017-07-20T17:42:55+08:00 ] 113.67.74.56 /minijunxishanhgnz/index.php/Api/Index/index
NOTIC: [8] Use of undefined constant SHOW_PAGE_TRACE - assumed 'SHOW_PAGE_TRACE' /www/web/default/public_html/minijunxishanhgnz/App/Common/Conf/debug.php 第 4 行.
INFO: [ app_init ] --START--
INFO: Run Behavior\BuildLiteBehavior [ RunTime:0.000014s ]
INFO: [ app_init ] --END-- [ RunTime:0.000067s ]
NOTIC: [8] Undefined variable: sckey /www/web/default/public_html/minijunxishanhgnz/App/Api/Conf/config.php 第 33 行.
NOTIC: [8] Undefined variable: sckey /www/web/default/public_html/minijunxishanhgnz/App/Api/Conf/config.php 第 33 行.
NOTIC: [8] Undefined variable: sckey /www/web/default/public_html/minijunxishanhgnz/App/Api/Conf/config.php 第 33 行.
NOTIC: [8] Use of undefined constant LOAD_EXT_CONFIG - assumed 'LOAD_EXT_CONFIG' /www/web/default/public_html/minijunxishanhgnz/App/Api/Conf/config.php 第 40 行.

[ 2017-07-20T17:42:58+08:00 ] 113.67.74.56 /minijunxishanhgnz/index.php/Api/Login/getsessionkey
NOTIC: [8] Use of undefined constant SHOW_PAGE_TRACE - assumed 'SHOW_PAGE_TRACE' /www/web/default/public_html/minijunxishanhgnz/App/Common/Conf/debug.php 第 4 行.
INFO: [ app_init ] --START--
INFO: Run Behavior\BuildLiteBehavior [ RunTime:0.000017s ]
INFO: [ app_init ] --END-- [ RunTime:0.000093s ]
NOTIC: [8] Undefined variable: sckey /www/web/default/public_html/minijunxishanhgnz/App/Api/Conf/config.php 第 33 行.
NOTIC: [8] Undefined variable: sckey /www/web/default/public_html/minijunxishanhgnz/App/Api/Conf/config.php 第 33 行.
NOTIC: [8] Undefined variable: sckey /www/web/default/public_html/minijunxishanhgnz/App/Api/Conf/config.php 第 33 行.
NOTIC: [8] Use of undefined constant LOAD_EXT_CONFIG - assumed 'LOAD_EXT_CONFIG' /www/web/default/public_html/minijunxishanhgnz/App/Api/Conf/config.php 第 40 行.

[ 2017-07-20T17:42:58+08:00 ] 113.67.74.56 /minijunxishanhgnz/index.php/Api/Login/authlogin
NOTIC: [8] Use of undefined constant SHOW_PAGE_TRACE - assumed 'SHOW_PAGE_TRACE' /www/web/default/public_html/minijunxishanhgnz/App/Common/Conf/debug.php 第 4 行.
INFO: [ app_init ] --START--
INFO: Run Behavior\BuildLiteBehavior [ RunTime:0.000012s ]
INFO: [ app_init ] --END-- [ RunTime:0.000059s ]
NOTIC: [8] Undefined variable: sckey /www/web/default/public_html/minijunxishanhgnz/App/Api/Conf/config.php 第 33 行.
NOTIC: [8] Undefined variable: sckey /www/web/default/public_html/minijunxishanhgnz/App/Api/Conf/config.php 第 33 行.
NOTIC: [8] Undefined variable: sckey /www/web/default/public_html/minijunxishanhgnz/App/Api/Conf/config.php 第 33 行.
NOTIC: [8] Use of undefined constant LOAD_EXT_CONFIG - assumed 'LOAD_EXT_CONFIG' /www/web/default/public_html/minijunxishanhgnz/App/Api/Conf/config.php 第 40 行.

[ 2017-07-20T17:43:01+08:00 ] 113.67.74.56 /minijunxishanhgnz/index.php/Api/News/index
NOTIC: [8] Use of undefined constant SHOW_PAGE_TRACE - assumed 'SHOW_PAGE_TRACE' /www/web/default/public_html/minijunxishanhgnz/App/Common/Conf/debug.php 第 4 行.
INFO: [ app_init ] --START--
INFO: Run Behavior\BuildLiteBehavior [ RunTime:0.000013s ]
INFO: [ app_init ] --END-- [ RunTime:0.000063s ]
NOTIC: [8] Undefined variable: sckey /www/web/default/public_html/minijunxishanhgnz/App/Api/Conf/config.php 第 33 行.
NOTIC: [8] Undefined variable: sckey /www/web/default/public_html/minijunxishanhgnz/App/Api/Conf/config.php 第 33 行.
NOTIC: [8] Undefined variable: sckey /www/web/default/public_html/minijunxishanhgnz/App/Api/Conf/config.php 第 33 行.
NOTIC: [8] Use of undefined constant LOAD_EXT_CONFIG - assumed 'LOAD_EXT_CONFIG' /www/web/default/public_html/minijunxishanhgnz/App/Api/Conf/config.php 第 40 行.

[ 2017-07-20T17:43:31+08:00 ] 113.67.74.56 /minijunxishanhgnz/index.php/Api/Product/lists
NOTIC: [8] Use of undefined constant SHOW_PAGE_TRACE - assumed 'SHOW_PAGE_TRACE' /www/web/default/public_html/minijunxishanhgnz/App/Common/Conf/debug.php 第 4 行.
INFO: [ app_init ] --START--
INFO: Run Behavior\BuildLiteBehavior [ RunTime:0.000013s ]
INFO: [ app_init ] --END-- [ RunTime:0.000061s ]
NOTIC: [8] Undefined variable: sckey /www/web/default/public_html/minijunxishanhgnz/App/Api/Conf/config.php 第 33 行.
NOTIC: [8] Undefined variable: sckey /www/web/default/public_html/minijunxishanhgnz/App/Api/Conf/config.php 第 33 行.
NOTIC: [8] Undefined variable: sckey /www/web/default/public_html/minijunxishanhgnz/App/Api/Conf/config.php 第 33 行.
NOTIC: [8] Use of undefined constant LOAD_EXT_CONFIG - assumed 'LOAD_EXT_CONFIG' /www/web/default/public_html/minijunxishanhgnz/App/Api/Conf/config.php 第 40 行.

[ 2017-07-20T17:43:33+08:00 ] 113.67.74.56 /minijunxishanhgnz/index.php/Api/Product/index
NOTIC: [8] Use of undefined constant SHOW_PAGE_TRACE - assumed 'SHOW_PAGE_TRACE' /www/web/default/public_html/minijunxishanhgnz/App/Common/Conf/debug.php 第 4 行.
INFO: [ app_init ] --START--
INFO: Run Behavior\BuildLiteBehavior [ RunTime:0.000015s ]
INFO: [ app_init ] --END-- [ RunTime:0.000066s ]
NOTIC: [8] Undefined variable: sckey /www/web/default/public_html/minijunxishanhgnz/App/Api/Conf/config.php 第 33 行.
NOTIC: [8] Undefined variable: sckey /www/web/default/public_html/minijunxishanhgnz/App/Api/Conf/config.php 第 33 行.
NOTIC: [8] Undefined variable: sckey /www/web/default/public_html/minijunxishanhgnz/App/Api/Conf/config.php 第 33 行.
NOTIC: [8] Use of undefined constant LOAD_EXT_CONFIG - assumed 'LOAD_EXT_CONFIG' /www/web/default/public_html/minijunxishanhgnz/App/Api/Conf/config.php 第 40 行.

[ 2017-07-20T20:58:49+08:00 ] 125.94.208.62 /minijunxishanhgnz/index.php/Api/Index/index
NOTIC: [8] Use of undefined constant SHOW_PAGE_TRACE - assumed 'SHOW_PAGE_TRACE' /www/web/default/public_html/minijunxishanhgnz/App/Common/Conf/debug.php 第 4 行.
INFO: [ app_init ] --START--
INFO: Run Behavior\BuildLiteBehavior [ RunTime:0.000012s ]
INFO: [ app_init ] --END-- [ RunTime:0.000060s ]
NOTIC: [8] Undefined variable: sckey /www/web/default/public_html/minijunxishanhgnz/App/Api/Conf/config.php 第 33 行.
NOTIC: [8] Undefined variable: sckey /www/web/default/public_html/minijunxishanhgnz/App/Api/Conf/config.php 第 33 行.
NOTIC: [8] Undefined variable: sckey /www/web/default/public_html/minijunxishanhgnz/App/Api/Conf/config.php 第 33 行.
NOTIC: [8] Use of undefined constant LOAD_EXT_CONFIG - assumed 'LOAD_EXT_CONFIG' /www/web/default/public_html/minijunxishanhgnz/App/Api/Conf/config.php 第 40 行.

[ 2017-07-20T20:58:54+08:00 ] 125.94.208.62 /minijunxishanhgnz/index.php/Api/Login/getsessionkey
NOTIC: [8] Use of undefined constant SHOW_PAGE_TRACE - assumed 'SHOW_PAGE_TRACE' /www/web/default/public_html/minijunxishanhgnz/App/Common/Conf/debug.php 第 4 行.
INFO: [ app_init ] --START--
INFO: Run Behavior\BuildLiteBehavior [ RunTime:0.000013s ]
INFO: [ app_init ] --END-- [ RunTime:0.000063s ]
NOTIC: [8] Undefined variable: sckey /www/web/default/public_html/minijunxishanhgnz/App/Api/Conf/config.php 第 33 行.
NOTIC: [8] Undefined variable: sckey /www/web/default/public_html/minijunxishanhgnz/App/Api/Conf/config.php 第 33 行.
NOTIC: [8] Undefined variable: sckey /www/web/default/public_html/minijunxishanhgnz/App/Api/Conf/config.php 第 33 行.
NOTIC: [8] Use of undefined constant LOAD_EXT_CONFIG - assumed 'LOAD_EXT_CONFIG' /www/web/default/public_html/minijunxishanhgnz/App/Api/Conf/config.php 第 40 行.

[ 2017-07-20T20:58:55+08:00 ] 125.94.208.62 /minijunxishanhgnz/index.php/Api/Login/authlogin
NOTIC: [8] Use of undefined constant SHOW_PAGE_TRACE - assumed 'SHOW_PAGE_TRACE' /www/web/default/public_html/minijunxishanhgnz/App/Common/Conf/debug.php 第 4 行.
INFO: [ app_init ] --START--
INFO: Run Behavior\BuildLiteBehavior [ RunTime:0.000015s ]
INFO: [ app_init ] --END-- [ RunTime:0.000070s ]
NOTIC: [8] Undefined variable: sckey /www/web/default/public_html/minijunxishanhgnz/App/Api/Conf/config.php 第 33 行.
NOTIC: [8] Undefined variable: sckey /www/web/default/public_html/minijunxishanhgnz/App/Api/Conf/config.php 第 33 行.
NOTIC: [8] Undefined variable: sckey /www/web/default/public_html/minijunxishanhgnz/App/Api/Conf/config.php 第 33 行.
NOTIC: [8] Use of undefined constant LOAD_EXT_CONFIG - assumed 'LOAD_EXT_CONFIG' /www/web/default/public_html/minijunxishanhgnz/App/Api/Conf/config.php 第 40 行.

[ 2017-07-20T20:59:36+08:00 ] 125.94.208.62 /minijunxishanhgnz/index.php/Api/Index/index
NOTIC: [8] Use of undefined constant SHOW_PAGE_TRACE - assumed 'SHOW_PAGE_TRACE' /www/web/default/public_html/minijunxishanhgnz/App/Common/Conf/debug.php 第 4 行.
INFO: [ app_init ] --START--
INFO: Run Behavior\BuildLiteBehavior [ RunTime:0.000013s ]
INFO: [ app_init ] --END-- [ RunTime:0.000060s ]
NOTIC: [8] Undefined variable: sckey /www/web/default/public_html/minijunxishanhgnz/App/Api/Conf/config.php 第 33 行.
NOTIC: [8] Undefined variable: sckey /www/web/default/public_html/minijunxishanhgnz/App/Api/Conf/config.php 第 33 行.
NOTIC: [8] Undefined variable: sckey /www/web/default/public_html/minijunxishanhgnz/App/Api/Conf/config.php 第 33 行.
NOTIC: [8] Use of undefined constant LOAD_EXT_CONFIG - assumed 'LOAD_EXT_CONFIG' /www/web/default/public_html/minijunxishanhgnz/App/Api/Conf/config.php 第 40 行.

[ 2017-07-20T20:59:45+08:00 ] 125.94.208.62 /minijunxishanhgnz/index.php/Api/Category/index
NOTIC: [8] Use of undefined constant SHOW_PAGE_TRACE - assumed 'SHOW_PAGE_TRACE' /www/web/default/public_html/minijunxishanhgnz/App/Common/Conf/debug.php 第 4 行.
INFO: [ app_init ] --START--
INFO: Run Behavior\BuildLiteBehavior [ RunTime:0.000016s ]
INFO: [ app_init ] --END-- [ RunTime:0.000070s ]
NOTIC: [8] Undefined variable: sckey /www/web/default/public_html/minijunxishanhgnz/App/Api/Conf/config.php 第 33 行.
NOTIC: [8] Undefined variable: sckey /www/web/default/public_html/minijunxishanhgnz/App/Api/Conf/config.php 第 33 行.
NOTIC: [8] Undefined variable: sckey /www/web/default/public_html/minijunxishanhgnz/App/Api/Conf/config.php 第 33 行.
NOTIC: [8] Use of undefined constant LOAD_EXT_CONFIG - assumed 'LOAD_EXT_CONFIG' /www/web/default/public_html/minijunxishanhgnz/App/Api/Conf/config.php 第 40 行.

[ 2017-07-20T21:00:01+08:00 ] 125.94.208.62 /minijunxishanhgnz/index.php/Api/Product/lists
NOTIC: [8] Use of undefined constant SHOW_PAGE_TRACE - assumed 'SHOW_PAGE_TRACE' /www/web/default/public_html/minijunxishanhgnz/App/Common/Conf/debug.php 第 4 行.
INFO: [ app_init ] --START--
INFO: Run Behavior\BuildLiteBehavior [ RunTime:0.000013s ]
INFO: [ app_init ] --END-- [ RunTime:0.000064s ]
NOTIC: [8] Undefined variable: sckey /www/web/default/public_html/minijunxishanhgnz/App/Api/Conf/config.php 第 33 行.
NOTIC: [8] Undefined variable: sckey /www/web/default/public_html/minijunxishanhgnz/App/Api/Conf/config.php 第 33 行.
NOTIC: [8] Undefined variable: sckey /www/web/default/public_html/minijunxishanhgnz/App/Api/Conf/config.php 第 33 行.
NOTIC: [8] Use of undefined constant LOAD_EXT_CONFIG - assumed 'LOAD_EXT_CONFIG' /www/web/default/public_html/minijunxishanhgnz/App/Api/Conf/config.php 第 40 行.

[ 2017-07-20T21:00:15+08:00 ] 125.94.208.62 /minijunxishanhgnz/index.php/Api/Product/lists
NOTIC: [8] Use of undefined constant SHOW_PAGE_TRACE - assumed 'SHOW_PAGE_TRACE' /www/web/default/public_html/minijunxishanhgnz/App/Common/Conf/debug.php 第 4 行.
INFO: [ app_init ] --START--
INFO: Run Behavior\BuildLiteBehavior [ RunTime:0.000013s ]
INFO: [ app_init ] --END-- [ RunTime:0.000061s ]
NOTIC: [8] Undefined variable: sckey /www/web/default/public_html/minijunxishanhgnz/App/Api/Conf/config.php 第 33 行.
NOTIC: [8] Undefined variable: sckey /www/web/default/public_html/minijunxishanhgnz/App/Api/Conf/config.php 第 33 行.
NOTIC: [8] Undefined variable: sckey /www/web/default/public_html/minijunxishanhgnz/App/Api/Conf/config.php 第 33 行.
NOTIC: [8] Use of undefined constant LOAD_EXT_CONFIG - assumed 'LOAD_EXT_CONFIG' /www/web/default/public_html/minijunxishanhgnz/App/Api/Conf/config.php 第 40 行.

[ 2017-07-20T21:00:21+08:00 ] 125.94.208.62 /minijunxishanhgnz/index.php/Api/Product/get_more
NOTIC: [8] Use of undefined constant SHOW_PAGE_TRACE - assumed 'SHOW_PAGE_TRACE' /www/web/default/public_html/minijunxishanhgnz/App/Common/Conf/debug.php 第 4 行.
INFO: [ app_init ] --START--
INFO: Run Behavior\BuildLiteBehavior [ RunTime:0.000013s ]
INFO: [ app_init ] --END-- [ RunTime:0.000063s ]
NOTIC: [8] Undefined variable: sckey /www/web/default/public_html/minijunxishanhgnz/App/Api/Conf/config.php 第 33 行.
NOTIC: [8] Undefined variable: sckey /www/web/default/public_html/minijunxishanhgnz/App/Api/Conf/config.php 第 33 行.
NOTIC: [8] Undefined variable: sckey /www/web/default/public_html/minijunxishanhgnz/App/Api/Conf/config.php 第 33 行.
NOTIC: [8] Use of undefined constant LOAD_EXT_CONFIG - assumed 'LOAD_EXT_CONFIG' /www/web/default/public_html/minijunxishanhgnz/App/Api/Conf/config.php 第 40 行.

[ 2017-07-20T21:00:29+08:00 ] 125.94.208.62 /minijunxishanhgnz/index.php/Api/Product/lists
NOTIC: [8] Use of undefined constant SHOW_PAGE_TRACE - assumed 'SHOW_PAGE_TRACE' /www/web/default/public_html/minijunxishanhgnz/App/Common/Conf/debug.php 第 4 行.
INFO: [ app_init ] --START--
INFO: Run Behavior\BuildLiteBehavior [ RunTime:0.000020s ]
INFO: [ app_init ] --END-- [ RunTime:0.000095s ]
NOTIC: [8] Undefined variable: sckey /www/web/default/public_html/minijunxishanhgnz/App/Api/Conf/config.php 第 33 行.
NOTIC: [8] Undefined variable: sckey /www/web/default/public_html/minijunxishanhgnz/App/Api/Conf/config.php 第 33 行.
NOTIC: [8] Undefined variable: sckey /www/web/default/public_html/minijunxishanhgnz/App/Api/Conf/config.php 第 33 行.
NOTIC: [8] Use of undefined constant LOAD_EXT_CONFIG - assumed 'LOAD_EXT_CONFIG' /www/web/default/public_html/minijunxishanhgnz/App/Api/Conf/config.php 第 40 行.

[ 2017-07-20T22:19:31+08:00 ] 119.129.96.160 /minijunxishanhgnz/index.php/Api/Index/index
NOTIC: [8] Use of undefined constant SHOW_PAGE_TRACE - assumed 'SHOW_PAGE_TRACE' /www/web/default/public_html/minijunxishanhgnz/App/Common/Conf/debug.php 第 4 行.
INFO: [ app_init ] --START--
INFO: Run Behavior\BuildLiteBehavior [ RunTime:0.000013s ]
INFO: [ app_init ] --END-- [ RunTime:0.000066s ]
NOTIC: [8] Undefined variable: sckey /www/web/default/public_html/minijunxishanhgnz/App/Api/Conf/config.php 第 33 行.
NOTIC: [8] Undefined variable: sckey /www/web/default/public_html/minijunxishanhgnz/App/Api/Conf/config.php 第 33 行.
NOTIC: [8] Undefined variable: sckey /www/web/default/public_html/minijunxishanhgnz/App/Api/Conf/config.php 第 33 行.
NOTIC: [8] Use of undefined constant LOAD_EXT_CONFIG - assumed 'LOAD_EXT_CONFIG' /www/web/default/public_html/minijunxishanhgnz/App/Api/Conf/config.php 第 40 行.

[ 2017-07-20T22:19:34+08:00 ] 119.129.96.160 /minijunxishanhgnz/index.php/Api/Login/getsessionkey
NOTIC: [8] Use of undefined constant SHOW_PAGE_TRACE - assumed 'SHOW_PAGE_TRACE' /www/web/default/public_html/minijunxishanhgnz/App/Common/Conf/debug.php 第 4 行.
INFO: [ app_init ] --START--
INFO: Run Behavior\BuildLiteBehavior [ RunTime:0.000015s ]
INFO: [ app_init ] --END-- [ RunTime:0.000080s ]
NOTIC: [8] Undefined variable: sckey /www/web/default/public_html/minijunxishanhgnz/App/Api/Conf/config.php 第 33 行.
NOTIC: [8] Undefined variable: sckey /www/web/default/public_html/minijunxishanhgnz/App/Api/Conf/config.php 第 33 行.
NOTIC: [8] Undefined variable: sckey /www/web/default/public_html/minijunxishanhgnz/App/Api/Conf/config.php 第 33 行.
NOTIC: [8] Use of undefined constant LOAD_EXT_CONFIG - assumed 'LOAD_EXT_CONFIG' /www/web/default/public_html/minijunxishanhgnz/App/Api/Conf/config.php 第 40 行.

[ 2017-07-20T22:19:34+08:00 ] 119.129.96.160 /minijunxishanhgnz/index.php/Api/Login/authlogin
NOTIC: [8] Use of undefined constant SHOW_PAGE_TRACE - assumed 'SHOW_PAGE_TRACE' /www/web/default/public_html/minijunxishanhgnz/App/Common/Conf/debug.php 第 4 行.
INFO: [ app_init ] --START--
INFO: Run Behavior\BuildLiteBehavior [ RunTime:0.000013s ]
INFO: [ app_init ] --END-- [ RunTime:0.000062s ]
NOTIC: [8] Undefined variable: sckey /www/web/default/public_html/minijunxishanhgnz/App/Api/Conf/config.php 第 33 行.
NOTIC: [8] Undefined variable: sckey /www/web/default/public_html/minijunxishanhgnz/App/Api/Conf/config.php 第 33 行.
NOTIC: [8] Undefined variable: sckey /www/web/default/public_html/minijunxishanhgnz/App/Api/Conf/config.php 第 33 行.
NOTIC: [8] Use of undefined constant LOAD_EXT_CONFIG - assumed 'LOAD_EXT_CONFIG' /www/web/default/public_html/minijunxishanhgnz/App/Api/Conf/config.php 第 40 行.

[ 2017-07-20T22:19:35+08:00 ] 119.129.96.160 /minijunxishanhgnz/index.php/Api/Product/lists
NOTIC: [8] Use of undefined constant SHOW_PAGE_TRACE - assumed 'SHOW_PAGE_TRACE' /www/web/default/public_html/minijunxishanhgnz/App/Common/Conf/debug.php 第 4 行.
INFO: [ app_init ] --START--
INFO: Run Behavior\BuildLiteBehavior [ RunTime:0.000019s ]
INFO: [ app_init ] --END-- [ RunTime:0.000099s ]
NOTIC: [8] Undefined variable: sckey /www/web/default/public_html/minijunxishanhgnz/App/Api/Conf/config.php 第 33 行.
NOTIC: [8] Undefined variable: sckey /www/web/default/public_html/minijunxishanhgnz/App/Api/Conf/config.php 第 33 行.
NOTIC: [8] Undefined variable: sckey /www/web/default/public_html/minijunxishanhgnz/App/Api/Conf/config.php 第 33 行.
NOTIC: [8] Use of undefined constant LOAD_EXT_CONFIG - assumed 'LOAD_EXT_CONFIG' /www/web/default/public_html/minijunxishanhgnz/App/Api/Conf/config.php 第 40 行.

[ 2017-07-20T22:19:37+08:00 ] 119.129.96.160 /minijunxishanhgnz/index.php/Api/Product/index
NOTIC: [8] Use of undefined constant SHOW_PAGE_TRACE - assumed 'SHOW_PAGE_TRACE' /www/web/default/public_html/minijunxishanhgnz/App/Common/Conf/debug.php 第 4 行.
INFO: [ app_init ] --START--
INFO: Run Behavior\BuildLiteBehavior [ RunTime:0.000015s ]
INFO: [ app_init ] --END-- [ RunTime:0.000068s ]
NOTIC: [8] Undefined variable: sckey /www/web/default/public_html/minijunxishanhgnz/App/Api/Conf/config.php 第 33 行.
NOTIC: [8] Undefined variable: sckey /www/web/default/public_html/minijunxishanhgnz/App/Api/Conf/config.php 第 33 行.
NOTIC: [8] Undefined variable: sckey /www/web/default/public_html/minijunxishanhgnz/App/Api/Conf/config.php 第 33 行.
NOTIC: [8] Use of undefined constant LOAD_EXT_CONFIG - assumed 'LOAD_EXT_CONFIG' /www/web/default/public_html/minijunxishanhgnz/App/Api/Conf/config.php 第 40 行.

[ 2017-07-20T23:04:22+08:00 ] 223.211.93.162 /minijunxishanhgnz/index.php/Api/Index/index
NOTIC: [8] Use of undefined constant SHOW_PAGE_TRACE - assumed 'SHOW_PAGE_TRACE' /www/web/default/public_html/minijunxishanhgnz/App/Common/Conf/debug.php 第 4 行.
INFO: [ app_init ] --START--
INFO: Run Behavior\BuildLiteBehavior [ RunTime:0.000012s ]
INFO: [ app_init ] --END-- [ RunTime:0.000059s ]
NOTIC: [8] Undefined variable: sckey /www/web/default/public_html/minijunxishanhgnz/App/Api/Conf/config.php 第 33 行.
NOTIC: [8] Undefined variable: sckey /www/web/default/public_html/minijunxishanhgnz/App/Api/Conf/config.php 第 33 行.
NOTIC: [8] Undefined variable: sckey /www/web/default/public_html/minijunxishanhgnz/App/Api/Conf/config.php 第 33 行.
NOTIC: [8] Use of undefined constant LOAD_EXT_CONFIG - assumed 'LOAD_EXT_CONFIG' /www/web/default/public_html/minijunxishanhgnz/App/Api/Conf/config.php 第 40 行.

[ 2017-07-20T23:04:29+08:00 ] 223.211.93.162 /minijunxishanhgnz/index.php/Api/Login/getsessionkey
NOTIC: [8] Use of undefined constant SHOW_PAGE_TRACE - assumed 'SHOW_PAGE_TRACE' /www/web/default/public_html/minijunxishanhgnz/App/Common/Conf/debug.php 第 4 行.
INFO: [ app_init ] --START--
INFO: Run Behavior\BuildLiteBehavior [ RunTime:0.000014s ]
INFO: [ app_init ] --END-- [ RunTime:0.000063s ]
NOTIC: [8] Undefined variable: sckey /www/web/default/public_html/minijunxishanhgnz/App/Api/Conf/config.php 第 33 行.
NOTIC: [8] Undefined variable: sckey /www/web/default/public_html/minijunxishanhgnz/App/Api/Conf/config.php 第 33 行.
NOTIC: [8] Undefined variable: sckey /www/web/default/public_html/minijunxishanhgnz/App/Api/Conf/config.php 第 33 行.
NOTIC: [8] Use of undefined constant LOAD_EXT_CONFIG - assumed 'LOAD_EXT_CONFIG' /www/web/default/public_html/minijunxishanhgnz/App/Api/Conf/config.php 第 40 行.

[ 2017-07-20T23:04:30+08:00 ] 223.211.93.162 /minijunxishanhgnz/index.php/Api/Login/authlogin
NOTIC: [8] Use of undefined constant SHOW_PAGE_TRACE - assumed 'SHOW_PAGE_TRACE' /www/web/default/public_html/minijunxishanhgnz/App/Common/Conf/debug.php 第 4 行.
INFO: [ app_init ] --START--
INFO: Run Behavior\BuildLiteBehavior [ RunTime:0.000012s ]
INFO: [ app_init ] --END-- [ RunTime:0.000059s ]
NOTIC: [8] Undefined variable: sckey /www/web/default/public_html/minijunxishanhgnz/App/Api/Conf/config.php 第 33 行.
NOTIC: [8] Undefined variable: sckey /www/web/default/public_html/minijunxishanhgnz/App/Api/Conf/config.php 第 33 行.
NOTIC: [8] Undefined variable: sckey /www/web/default/public_html/minijunxishanhgnz/App/Api/Conf/config.php 第 33 行.
NOTIC: [8] Use of undefined constant LOAD_EXT_CONFIG - assumed 'LOAD_EXT_CONFIG' /www/web/default/public_html/minijunxishanhgnz/App/Api/Conf/config.php 第 40 行.

